<?xml version="1.0" encoding="UTF-8"?>
<robot generator="Robot 7.3.2 (Python 3.13.5 on win32)" generated="2025-10-08T13:22:56.109015" rpa="false" schemaversion="5">
<suite id="s1" name="Order Tests" source="E:\มหาลัย\POS_\Testing\order_tests">
<suite id="s1-s1" name="Order Bank Transfer" source="E:\มหาลัย\POS_\Testing\order_tests\order_bank_transfer.robot">
<test id="s1-s1-t1" name="TC001 - ขายสินค้า (โอนเงินผ่านธนาคาร)" line="24">
<kw name="Test Setup Sequence" owner="common_keywords" type="SETUP">
<kw name="Open Browser To Login Page" owner="common_keywords">
<kw name="Evaluate" owner="BuiltIn">
<msg time="2025-10-08T13:22:56.341664" level="INFO">${options} = &lt;selenium.webdriver.chrome.options.Options object at 0x00000211D9ACCAD0&gt;</msg>
<var>${options}</var>
<arg>__import__('selenium.webdriver').webdriver.ChromeOptions()</arg>
<doc>Evaluates the given expression in Python and returns the result.</doc>
<status status="PASS" start="2025-10-08T13:22:56.341469" elapsed="0.000228"/>
</kw>
<kw name="Call Method" owner="BuiltIn">
<arg>${options}</arg>
<arg>add_argument</arg>
<arg>--disable-notifications</arg>
<doc>Calls the named method of the given object with the provided arguments.</doc>
<status status="PASS" start="2025-10-08T13:22:56.341808" elapsed="0.000093"/>
</kw>
<kw name="Call Method" owner="BuiltIn">
<arg>${options}</arg>
<arg>add_argument</arg>
<arg>--disable-gcm-driver</arg>
<doc>Calls the named method of the given object with the provided arguments.</doc>
<status status="PASS" start="2025-10-08T13:22:56.341970" elapsed="0.000070"/>
</kw>
<kw name="Call Method" owner="BuiltIn">
<arg>${options}</arg>
<arg>add_argument</arg>
<arg>--no-sandbox</arg>
<doc>Calls the named method of the given object with the provided arguments.</doc>
<status status="PASS" start="2025-10-08T13:22:56.342104" elapsed="0.000066"/>
</kw>
<kw name="Call Method" owner="BuiltIn">
<arg>${options}</arg>
<arg>add_argument</arg>
<arg>--disable-dev-shm-usage</arg>
<doc>Calls the named method of the given object with the provided arguments.</doc>
<status status="PASS" start="2025-10-08T13:22:56.342227" elapsed="0.000071"/>
</kw>
<kw name="Open Browser" owner="SeleniumLibrary">
<msg time="2025-10-08T13:22:56.342533" level="INFO">Opening browser 'chrome' to base url 'http://localhost:5173'.</msg>
<arg>${BASE_URL}</arg>
<arg>chrome</arg>
<arg>options=${options}</arg>
<doc>Opens a new browser instance to the optional ``url``.</doc>
<status status="PASS" start="2025-10-08T13:22:56.342374" elapsed="1.448264"/>
</kw>
<kw name="Set Window Size" owner="SeleniumLibrary">
<arg>1400</arg>
<arg>900</arg>
<doc>Sets current windows size to given ``width`` and ``height``.</doc>
<status status="PASS" start="2025-10-08T13:22:57.790802" elapsed="0.029046"/>
</kw>
<kw name="Set Selenium Timeout" owner="SeleniumLibrary">
<arg>${TIMEOUT}</arg>
<doc>Sets the timeout that is used by various keywords.</doc>
<status status="PASS" start="2025-10-08T13:22:57.820004" elapsed="0.001489"/>
</kw>
<status status="PASS" start="2025-10-08T13:22:56.340998" elapsed="1.480605"/>
</kw>
<kw name="Initialize Test Logging" owner="common_keywords">
<kw name="Set Variable" owner="BuiltIn">
<msg time="2025-10-08T13:22:57.822105" level="INFO">${suite} = Order Tests.Order Bank Transfer</msg>
<var>${suite}</var>
<arg>${SUITE NAME}</arg>
<doc>Returns the given values which can then be assigned to a variables.</doc>
<status status="PASS" start="2025-10-08T13:22:57.821976" elapsed="0.000152"/>
</kw>
<kw name="Set Variable" owner="BuiltIn">
<msg time="2025-10-08T13:22:57.822320" level="INFO">${test} = TC001 - ขายสินค้า (โอนเงินผ่านธนาคาร)</msg>
<var>${test}</var>
<arg>${TEST NAME}</arg>
<doc>Returns the given values which can then be assigned to a variables.</doc>
<status status="PASS" start="2025-10-08T13:22:57.822212" elapsed="0.000130"/>
</kw>
<kw name="Replace String" owner="String">
<msg time="2025-10-08T13:22:57.822526" level="INFO">${suite_sanit} = Order_Tests.Order_Bank_Transfer</msg>
<var>${suite_sanit}</var>
<arg>${suite}</arg>
<arg>${SPACE}</arg>
<arg>_</arg>
<doc>Replaces ``search_for`` in the given ``string`` with ``replace_with``.</doc>
<status status="PASS" start="2025-10-08T13:22:57.822415" elapsed="0.000128"/>
</kw>
<kw name="Replace String" owner="String">
<msg time="2025-10-08T13:22:57.822748" level="INFO">${test_sanit} = TC001_-_ขายสินค้า_(โอนเงินผ่านธนาคาร)</msg>
<var>${test_sanit}</var>
<arg>${test}</arg>
<arg>${SPACE}</arg>
<arg>_</arg>
<doc>Replaces ``search_for`` in the given ``string`` with ``replace_with``.</doc>
<status status="PASS" start="2025-10-08T13:22:57.822616" elapsed="0.000180"/>
</kw>
<kw name="Set Variable" owner="BuiltIn">
<msg time="2025-10-08T13:22:57.823085" level="INFO">${dir} = screenshots\Order_Tests.Order_Bank_Transfer\TC001_-_ขายสินค้า_(โอนเงินผ่านธนาคาร)</msg>
<var>${dir}</var>
<arg>${SCREEN_DIR}${/}${suite_sanit}${/}${test_sanit}</arg>
<doc>Returns the given values which can then be assigned to a variables.</doc>
<status status="PASS" start="2025-10-08T13:22:57.822908" elapsed="0.000197"/>
</kw>
<kw name="Create Directory If Not Exists" owner="common_keywords">
<kw name="Run Keyword And Ignore Error" owner="BuiltIn">
<kw name="Create Directory" owner="OperatingSystem">
<msg time="2025-10-08T13:22:57.823723" level="INFO" html="true">Directory '&lt;a href="file://E:\มหาลัย\POS_\screenshots\Order_Tests.Order_Bank_Transfer\TC001_-_ขายสินค้า_(โอนเงินผ่านธนาคาร)"&gt;E:\มหาลัย\POS_\screenshots\Order_Tests.Order_Bank_Transfer\TC001_-_ขายสินค้า_(โอนเงินผ่านธนาคาร)&lt;/a&gt;' already exists.</msg>
<arg>${directory}</arg>
<doc>Creates the specified directory.</doc>
<status status="PASS" start="2025-10-08T13:22:57.823497" elapsed="0.000272"/>
</kw>
<arg>Create Directory</arg>
<arg>${directory}</arg>
<doc>Runs the given keyword with the given arguments and ignores possible error.</doc>
<status status="PASS" start="2025-10-08T13:22:57.823405" elapsed="0.000403"/>
</kw>
<arg>${dir}</arg>
<status status="PASS" start="2025-10-08T13:22:57.823218" elapsed="0.000636"/>
</kw>
<kw name="Set Test Variable" owner="BuiltIn">
<msg time="2025-10-08T13:22:57.825144" level="INFO">${TEST_ARTIFACT_DIR} = screenshots\Order_Tests.Order_Bank_Transfer\TC001_-_ขายสินค้า_(โอนเงินผ่านธนาคาร)</msg>
<arg>${TEST_ARTIFACT_DIR}</arg>
<arg>${dir}</arg>
<doc>Makes a variable available everywhere within the scope of the current test.</doc>
<status status="PASS" start="2025-10-08T13:22:57.823928" elapsed="0.001262"/>
</kw>
<kw name="Safe Log" owner="common_keywords">
<kw name="Log" owner="BuiltIn">
<msg time="2025-10-08T13:22:57.825683" level="INFO">Safe Log</msg>
<arg>Safe Log</arg>
<doc>Logs the given message with the given level.</doc>
<status status="PASS" start="2025-10-08T13:22:57.825577" elapsed="0.000143"/>
</kw>
<arg>Initialized artifacts at: ${dir}</arg>
<status status="PASS" start="2025-10-08T13:22:57.825309" elapsed="0.000538"/>
</kw>
<status status="PASS" start="2025-10-08T13:22:57.821760" elapsed="0.004131"/>
</kw>
<kw name="Login With Credentials" owner="common_keywords">
<kw name="Wait Until Element Is Visible" owner="SeleniumLibrary">
<arg>css=input[name='username']</arg>
<doc>Waits until the element ``locator`` is visible.</doc>
<status status="PASS" start="2025-10-08T13:22:57.826246" elapsed="0.033947"/>
</kw>
<kw name="Input Text" owner="SeleniumLibrary">
<msg time="2025-10-08T13:22:57.860602" level="INFO">Typing text '1' into text field 'css=input[name='username']'.</msg>
<arg>css=input[name='username']</arg>
<arg>${username}</arg>
<doc>Types the given ``text`` into the text field identified by ``locator``.</doc>
<status status="PASS" start="2025-10-08T13:22:57.860390" elapsed="0.101100"/>
</kw>
<kw name="Input Text" owner="SeleniumLibrary">
<msg time="2025-10-08T13:22:57.962017" level="INFO">Typing text '123' into text field 'css=input[name='password']'.</msg>
<arg>css=input[name='password']</arg>
<arg>${password}</arg>
<doc>Types the given ``text`` into the text field identified by ``locator``.</doc>
<status status="PASS" start="2025-10-08T13:22:57.961801" elapsed="0.053182"/>
</kw>
<kw name="Click Button" owner="SeleniumLibrary">
<msg time="2025-10-08T13:22:58.015540" level="INFO">Clicking button 'css=button[type='submit']'.</msg>
<arg>css=button[type='submit']</arg>
<doc>Clicks the button identified by ``locator``.</doc>
<status status="PASS" start="2025-10-08T13:22:58.015297" elapsed="0.054323"/>
</kw>
<kw name="Wait Table Idle" owner="common_keywords">
<kw name="Run Keyword And Ignore Error" owner="BuiltIn">
<kw name="Wait Until Element Is Not Visible" owner="SeleniumLibrary">
<arg>${SPINNERS}</arg>
<arg>5s</arg>
<doc>Waits until the element ``locator`` is not visible.</doc>
<status status="PASS" start="2025-10-08T13:22:58.070705" elapsed="0.007413"/>
</kw>
<arg>Wait Until Element Is Not Visible</arg>
<arg>${SPINNERS}</arg>
<arg>5s</arg>
<doc>Runs the given keyword with the given arguments and ignores possible error.</doc>
<status status="PASS" start="2025-10-08T13:22:58.070476" elapsed="0.007719"/>
</kw>
<kw name="Sleep" owner="BuiltIn">
<msg time="2025-10-08T13:22:58.378678" level="INFO">Slept 300 milliseconds.</msg>
<arg>0.3s</arg>
<doc>Pauses the test executed for the given time.</doc>
<status status="PASS" start="2025-10-08T13:22:58.078297" elapsed="0.300474"/>
</kw>
<status status="PASS" start="2025-10-08T13:22:58.069829" elapsed="0.309020"/>
</kw>
<arg>${VALID_USER}</arg>
<arg>${VALID_PASSWORD}</arg>
<status status="PASS" start="2025-10-08T13:22:57.826006" elapsed="0.552883"/>
</kw>
<status status="PASS" start="2025-10-08T13:22:56.340755" elapsed="2.038171"/>
</kw>
<kw name="Log Step And Screenshot" owner="common_keywords">
<kw name="Generate Random Number" owner="common_keywords">
<kw name="Evaluate" owner="BuiltIn">
<msg time="2025-10-08T13:22:58.379924" level="INFO">${random} = 8301</msg>
<var>${random}</var>
<arg>random.randint(${min}, ${max})</arg>
<arg>random</arg>
<doc>Evaluates the given expression in Python and returns the result.</doc>
<status status="PASS" start="2025-10-08T13:22:58.379704" elapsed="0.000243"/>
</kw>
<return>
<value>${random}</value>
<status status="PASS" start="2025-10-08T13:22:58.380220" elapsed="0.000061"/>
</return>
<msg time="2025-10-08T13:22:58.380452" level="INFO">${rand} = 8301</msg>
<var>${rand}</var>
<arg>1000</arg>
<arg>9999</arg>
<status status="PASS" start="2025-10-08T13:22:58.379489" elapsed="0.000993"/>
</kw>
<kw name="Safe Log" owner="common_keywords">
<kw name="Log" owner="BuiltIn">
<msg time="2025-10-08T13:22:58.380898" level="INFO">Safe Log</msg>
<arg>Safe Log</arg>
<doc>Logs the given message with the given level.</doc>
<status status="PASS" start="2025-10-08T13:22:58.380821" elapsed="0.000110"/>
</kw>
<arg>${message}</arg>
<status status="PASS" start="2025-10-08T13:22:58.380597" elapsed="0.000375"/>
</kw>
<kw name="Run Keyword And Ignore Error" owner="BuiltIn">
<kw name="Capture Page Screenshot" owner="SeleniumLibrary">
<msg time="2025-10-08T13:22:58.463276" level="INFO" html="true">&lt;/td&gt;&lt;/tr&gt;&lt;tr&gt;&lt;td colspan="3"&gt;&lt;a href="screenshots/Order_Tests.Order_Bank_Transfer/TC001_-_%E0%B8%82%E0%B8%B2%E0%B8%A2%E0%B8%AA%E0%B8%B4%E0%B8%99%E0%B8%84%E0%B9%89%E0%B8%B2_%28%E0%B9%82%E0%B8%AD%E0%B8%99%E0%B9%80%E0%B8%87%E0%B8%B4%E0%B8%99%E0%B8%9C%E0%B9%88%E0%B8%B2%E0%B8%99%E0%B8%98%E0%B8%99%E0%B8%B2%E0%B8%84%E0%B8%B2%E0%B8%A3%29/step_8301.png"&gt;&lt;img src="screenshots/Order_Tests.Order_Bank_Transfer/TC001_-_%E0%B8%82%E0%B8%B2%E0%B8%A2%E0%B8%AA%E0%B8%B4%E0%B8%99%E0%B8%84%E0%B9%89%E0%B8%B2_%28%E0%B9%82%E0%B8%AD%E0%B8%99%E0%B9%80%E0%B8%87%E0%B8%B4%E0%B8%99%E0%B8%9C%E0%B9%88%E0%B8%B2%E0%B8%99%E0%B8%98%E0%B8%99%E0%B8%B2%E0%B8%84%E0%B8%B2%E0%B8%A3%29/step_8301.png" width="800px"&gt;&lt;/a&gt;</msg>
<arg>${TEST_ARTIFACT_DIR}${/}${filename}_${rand}.png</arg>
<doc>Takes a screenshot of the current page and embeds it into a log file.</doc>
<status status="PASS" start="2025-10-08T13:22:58.381142" elapsed="0.082219"/>
</kw>
<arg>Capture Page Screenshot</arg>
<arg>${TEST_ARTIFACT_DIR}${/}${filename}_${rand}.png</arg>
<doc>Runs the given keyword with the given arguments and ignores possible error.</doc>
<status status="PASS" start="2025-10-08T13:22:58.381046" elapsed="0.082374"/>
</kw>
<arg>เริ่มต้น Bank Transfer Flow</arg>
<status status="PASS" start="2025-10-08T13:22:58.379212" elapsed="0.084258"/>
</kw>
<kw name="Ensure On Order Sell Page" owner="order_sell_keywords">
<kw name="Run Keyword And Return Status" owner="BuiltIn">
<kw name="Wait Until Page Contains" owner="SeleniumLibrary">
<arg>ขายสินค้า</arg>
<arg>3s</arg>
<doc>Waits until ``text`` appears on the current page.</doc>
<status status="PASS" start="2025-10-08T13:22:58.464060" elapsed="0.443800"/>
</kw>
<msg time="2025-10-08T13:22:58.908081" level="INFO">${ok1} = True</msg>
<var>${ok1}</var>
<arg>Wait Until Page Contains</arg>
<arg>ขายสินค้า</arg>
<arg>3s</arg>
<doc>Runs the given keyword with given arguments and returns the status as a Boolean value.</doc>
<status status="PASS" start="2025-10-08T13:22:58.463929" elapsed="0.444176"/>
</kw>
<kw name="Run Keyword And Return Status" owner="BuiltIn">
<kw name="Wait Until Page Contains Element" owner="SeleniumLibrary">
<arg>xpath=//input[@type='search' or contains(@placeholder,'ค้นหา') or contains(@placeholder,'Search')]</arg>
<arg>3s</arg>
<doc>Waits until the element ``locator`` appears on the current page.</doc>
<status status="PASS" start="2025-10-08T13:22:58.908354" elapsed="0.671549"/>
</kw>
<msg time="2025-10-08T13:22:59.580170" level="INFO">${ok2} = True</msg>
<var>${ok2}</var>
<arg>Wait Until Page Contains Element</arg>
<arg>xpath=//input[@type='search' or contains(@placeholder,'ค้นหา') or contains(@placeholder,'Search')]</arg>
<arg>3s</arg>
<doc>Runs the given keyword with given arguments and returns the status as a Boolean value.</doc>
<status status="PASS" start="2025-10-08T13:22:58.908232" elapsed="0.671979"/>
</kw>
<if>
<branch type="IF" condition="not (${ok1} or ${ok2})">
<kw name="Go To Order Sell Page" owner="order_sell_keywords">
<status status="NOT RUN" start="2025-10-08T13:22:59.580793" elapsed="0.000059"/>
</kw>
<status status="NOT RUN" start="2025-10-08T13:22:59.580375" elapsed="0.000511"/>
</branch>
<status status="PASS" start="2025-10-08T13:22:59.580328" elapsed="0.000592"/>
</if>
<status status="PASS" start="2025-10-08T13:22:58.463717" elapsed="1.117250"/>
</kw>
<kw name="Ensure Cart Open" owner="order_sell_keywords">
<kw name="Safe Log" owner="common_keywords">
<kw name="Log" owner="BuiltIn">
<msg time="2025-10-08T13:22:59.581723" level="INFO">Safe Log</msg>
<arg>Safe Log</arg>
<doc>Logs the given message with the given level.</doc>
<status status="PASS" start="2025-10-08T13:22:59.581652" elapsed="0.000107"/>
</kw>
<arg>Opening cart...</arg>
<status status="PASS" start="2025-10-08T13:22:59.581482" elapsed="0.000321"/>
</kw>
<kw name="Open Cart Floating Button" owner="order_sell_keywords">
<kw name="Run Keyword And Return Status" owner="BuiltIn">
<kw name="Click Element" owner="SeleniumLibrary">
<msg time="2025-10-08T13:22:59.582335" level="INFO">Clicking element 'css=button#open-cart-btn'.</msg>
<arg>${BTN_OPEN_CART_ID}</arg>
<doc>Click the element identified by ``locator``.</doc>
<status status="PASS" start="2025-10-08T13:22:59.582207" elapsed="0.094004"/>
</kw>
<msg time="2025-10-08T13:22:59.676606" level="INFO">${clicked} = True</msg>
<var>${clicked}</var>
<arg>Click Element</arg>
<arg>${BTN_OPEN_CART_ID}</arg>
<doc>Runs the given keyword with given arguments and returns the status as a Boolean value.</doc>
<status status="PASS" start="2025-10-08T13:22:59.582107" elapsed="0.094523"/>
</kw>
<if>
<branch type="IF" condition="not ${clicked}">
<kw name="Run Keyword And Return Status" owner="BuiltIn">
<var>${clicked}</var>
<arg>Click Element</arg>
<arg>${OPEN_CART_DATA_TIP}</arg>
<doc>Runs the given keyword with given arguments and returns the status as a Boolean value.</doc>
<status status="NOT RUN" start="2025-10-08T13:22:59.677064" elapsed="0.000035"/>
</kw>
<status status="NOT RUN" start="2025-10-08T13:22:59.676715" elapsed="0.000423"/>
</branch>
<status status="PASS" start="2025-10-08T13:22:59.676691" elapsed="0.000481"/>
</if>
<if>
<branch type="IF" condition="not ${clicked}">
<kw name="Run Keyword And Return Status" owner="BuiltIn">
<var>${clicked}</var>
<arg>Click Element</arg>
<arg>${BTN_OPEN_CART_ICON}</arg>
<doc>Runs the given keyword with given arguments and returns the status as a Boolean value.</doc>
<status status="NOT RUN" start="2025-10-08T13:22:59.677553" elapsed="0.000031"/>
</kw>
<status status="NOT RUN" start="2025-10-08T13:22:59.677262" elapsed="0.000455"/>
</branch>
<status status="PASS" start="2025-10-08T13:22:59.677244" elapsed="0.000530"/>
</if>
<if>
<branch type="IF" condition="not ${clicked}">
<kw name="Execute Javascript" owner="SeleniumLibrary">
<arg>var b=document.getElementById('open-cart-btn');if(b){b.click();return true;}return false;</arg>
<doc>Executes the given JavaScript code with possible arguments.</doc>
<status status="NOT RUN" start="2025-10-08T13:22:59.678208" elapsed="0.000059"/>
</kw>
<status status="NOT RUN" start="2025-10-08T13:22:59.677889" elapsed="0.000440"/>
</branch>
<status status="PASS" start="2025-10-08T13:22:59.677833" elapsed="0.000545"/>
</if>
<kw name="Run Keyword And Ignore Error" owner="BuiltIn">
<kw name="Wait Until Page Contains Element" owner="SeleniumLibrary">
<msg time="2025-10-08T13:23:02.977979" level="INFO" html="true">&lt;/td&gt;&lt;/tr&gt;&lt;tr&gt;&lt;td colspan="3"&gt;&lt;a href="selenium-screenshot-17.png"&gt;&lt;img src="selenium-screenshot-17.png" width="800px"&gt;&lt;/a&gt;</msg>
<msg time="2025-10-08T13:23:02.978111" level="FAIL">Element 'xpath=//*[contains(@class,'cart') or contains(@class,'drawer') or contains(@class,'offcanvas') or @role='dialog']' did not appear in 3 seconds.</msg>
<arg>${CART_DRAWER_HINT}</arg>
<arg>3s</arg>
<doc>Waits until the element ``locator`` appears on the current page.</doc>
<status status="FAIL" start="2025-10-08T13:22:59.678753" elapsed="3.300886">Element 'xpath=//*[contains(@class,'cart') or contains(@class,'drawer') or contains(@class,'offcanvas') or @role='dialog']' did not appear in 3 seconds.</status>
</kw>
<arg>Wait Until Page Contains Element</arg>
<arg>${CART_DRAWER_HINT}</arg>
<arg>3s</arg>
<doc>Runs the given keyword with the given arguments and ignores possible error.</doc>
<status status="PASS" start="2025-10-08T13:22:59.678547" elapsed="3.301178"/>
</kw>
<status status="PASS" start="2025-10-08T13:22:59.581944" elapsed="3.397943"/>
</kw>
<kw name="Run Keyword And Return Status" owner="BuiltIn">
<kw name="Wait Until Page Contains Element" owner="SeleniumLibrary">
<arg>${CART_HEADING}</arg>
<arg>4s</arg>
<doc>Waits until the element ``locator`` appears on the current page.</doc>
<status status="PASS" start="2025-10-08T13:23:02.980206" elapsed="0.028163"/>
</kw>
<msg time="2025-10-08T13:23:03.008489" level="INFO">${opened} = True</msg>
<var>${opened}</var>
<arg>Wait Until Page Contains Element</arg>
<arg>${CART_HEADING}</arg>
<arg>4s</arg>
<doc>Runs the given keyword with given arguments and returns the status as a Boolean value.</doc>
<status status="PASS" start="2025-10-08T13:23:02.980018" elapsed="0.028492"/>
</kw>
<kw name="Safe Log" owner="common_keywords">
<kw name="Log" owner="BuiltIn">
<msg time="2025-10-08T13:23:03.008969" level="INFO">Safe Log</msg>
<arg>Safe Log</arg>
<doc>Logs the given message with the given level.</doc>
<status status="PASS" start="2025-10-08T13:23:03.008892" elapsed="0.000112"/>
</kw>
<arg>Cart opened: ${opened}</arg>
<status status="PASS" start="2025-10-08T13:23:03.008645" elapsed="0.000404"/>
</kw>
<if>
<branch type="IF" condition="not ${opened}">
<kw name="Safe Log" owner="common_keywords">
<arg>Retrying to open cart...</arg>
<status status="NOT RUN" start="2025-10-08T13:23:03.009266" elapsed="0.000023"/>
</kw>
<kw name="Open Cart Floating Button" owner="order_sell_keywords">
<status status="NOT RUN" start="2025-10-08T13:23:03.009425" elapsed="0.000020"/>
</kw>
<kw name="Wait Until Page Contains Element" owner="SeleniumLibrary">
<arg>${CART_HEADING}</arg>
<arg>${TIMEOUT}</arg>
<doc>Waits until the element ``locator`` appears on the current page.</doc>
<status status="NOT RUN" start="2025-10-08T13:23:03.009517" elapsed="0.000017"/>
</kw>
<status status="NOT RUN" start="2025-10-08T13:23:03.009107" elapsed="0.000453"/>
</branch>
<status status="PASS" start="2025-10-08T13:23:03.009091" elapsed="0.000496"/>
</if>
<kw name="Safe Log" owner="common_keywords">
<kw name="Log" owner="BuiltIn">
<msg time="2025-10-08T13:23:03.010121" level="INFO">Safe Log</msg>
<arg>Safe Log</arg>
<doc>Logs the given message with the given level.</doc>
<status status="PASS" start="2025-10-08T13:23:03.010018" elapsed="0.000143"/>
</kw>
<arg>Cart is now open</arg>
<status status="PASS" start="2025-10-08T13:23:03.009654" elapsed="0.000587"/>
</kw>
<status status="PASS" start="2025-10-08T13:22:59.581281" elapsed="3.429006"/>
</kw>
<kw name="Try Filter Product By Name" owner="order_sell_keywords">
<kw name="Run Keyword And Return Status" owner="BuiltIn">
<kw name="Wait Until Page Contains Element" owner="SeleniumLibrary">
<msg time="2025-10-08T13:23:04.169283" level="INFO" html="true">&lt;/td&gt;&lt;/tr&gt;&lt;tr&gt;&lt;td colspan="3"&gt;&lt;a href="selenium-screenshot-18.png"&gt;&lt;img src="selenium-screenshot-18.png" width="800px"&gt;&lt;/a&gt;</msg>
<msg time="2025-10-08T13:23:04.169403" level="FAIL">Element 'xpath=//input[@type='search']' did not appear in 1 second.</msg>
<arg>${SEARCH_INPUT_OPT1}</arg>
<arg>1s</arg>
<doc>Waits until the element ``locator`` appears on the current page.</doc>
<status status="FAIL" start="2025-10-08T13:23:03.010878" elapsed="1.159634">Element 'xpath=//input[@type='search']' did not appear in 1 second.</status>
</kw>
<msg time="2025-10-08T13:23:04.170642" level="INFO">${has1} = False</msg>
<var>${has1}</var>
<arg>Wait Until Page Contains Element</arg>
<arg>${SEARCH_INPUT_OPT1}</arg>
<arg>1s</arg>
<doc>Runs the given keyword with given arguments and returns the status as a Boolean value.</doc>
<status status="PASS" start="2025-10-08T13:23:03.010768" elapsed="1.159896"/>
</kw>
<kw name="Run Keyword And Return Status" owner="BuiltIn">
<kw name="Wait Until Page Contains Element" owner="SeleniumLibrary">
<arg>${SEARCH_INPUT_OPT2}</arg>
<arg>1s</arg>
<doc>Waits until the element ``locator`` appears on the current page.</doc>
<status status="PASS" start="2025-10-08T13:23:04.170926" elapsed="0.007274"/>
</kw>
<msg time="2025-10-08T13:23:04.178317" level="INFO">${has2} = True</msg>
<var>${has2}</var>
<arg>Wait Until Page Contains Element</arg>
<arg>${SEARCH_INPUT_OPT2}</arg>
<arg>1s</arg>
<doc>Runs the given keyword with given arguments and returns the status as a Boolean value.</doc>
<status status="PASS" start="2025-10-08T13:23:04.170785" elapsed="0.007555"/>
</kw>
<if>
<branch type="IF" condition="${has1}">
<kw name="Set Variable" owner="BuiltIn">
<var>${inp}</var>
<arg>${SEARCH_INPUT_OPT1}</arg>
<doc>Returns the given values which can then be assigned to a variables.</doc>
<status status="NOT RUN" start="2025-10-08T13:23:04.178544" elapsed="0.000021"/>
</kw>
<kw name="Wait Until Element Is Visible" owner="SeleniumLibrary">
<arg>${inp}</arg>
<arg>5s</arg>
<doc>Waits until the element ``locator`` is visible.</doc>
<status status="NOT RUN" start="2025-10-08T13:23:04.178642" elapsed="0.000017"/>
</kw>
<kw name="Clear Element Text" owner="SeleniumLibrary">
<arg>${inp}</arg>
<doc>Clears the value of the text-input-element identified by ``locator``.</doc>
<status status="NOT RUN" start="2025-10-08T13:23:04.178721" elapsed="0.000015"/>
</kw>
<kw name="Input Text" owner="SeleniumLibrary">
<arg>${inp}</arg>
<arg>${name}</arg>
<doc>Types the given ``text`` into the text field identified by ``locator``.</doc>
<status status="NOT RUN" start="2025-10-08T13:23:04.178801" elapsed="0.000063"/>
</kw>
<kw name="Sleep" owner="BuiltIn">
<arg>0.4s</arg>
<doc>Pauses the test executed for the given time.</doc>
<status status="NOT RUN" start="2025-10-08T13:23:04.178932" elapsed="0.000018"/>
</kw>
<status status="NOT RUN" start="2025-10-08T13:23:04.178417" elapsed="0.000557"/>
</branch>
<branch type="ELSE IF" condition="${has2}">
<kw name="Set Variable" owner="BuiltIn">
<msg time="2025-10-08T13:23:04.179217" level="INFO">${inp} = xpath=//input[contains(@placeholder,'ค้นหา') or contains(@placeholder,'Search')]</msg>
<var>${inp}</var>
<arg>${SEARCH_INPUT_OPT2}</arg>
<doc>Returns the given values which can then be assigned to a variables.</doc>
<status status="PASS" start="2025-10-08T13:23:04.179093" elapsed="0.000146"/>
</kw>
<kw name="Wait Until Element Is Visible" owner="SeleniumLibrary">
<arg>${inp}</arg>
<arg>5s</arg>
<doc>Waits until the element ``locator`` is visible.</doc>
<status status="PASS" start="2025-10-08T13:23:04.179312" elapsed="0.008491"/>
</kw>
<kw name="Clear Element Text" owner="SeleniumLibrary">
<arg>${inp}</arg>
<doc>Clears the value of the text-input-element identified by ``locator``.</doc>
<status status="PASS" start="2025-10-08T13:23:04.187950" elapsed="0.014991"/>
</kw>
<kw name="Input Text" owner="SeleniumLibrary">
<msg time="2025-10-08T13:23:04.203281" level="INFO">Typing text 'ขนมปังฟาร์มเฮ้าส์โฮลวีท 65 กรัม' into text field 'xpath=//input[contains(@placeholder,'ค้นหา') or contains(@placeholder,'Search')]'.</msg>
<arg>${inp}</arg>
<arg>${name}</arg>
<doc>Types the given ``text`` into the text field identified by ``locator``.</doc>
<status status="PASS" start="2025-10-08T13:23:04.203087" elapsed="0.266141"/>
</kw>
<kw name="Sleep" owner="BuiltIn">
<msg time="2025-10-08T13:23:04.869764" level="INFO">Slept 400 milliseconds.</msg>
<arg>0.4s</arg>
<doc>Pauses the test executed for the given time.</doc>
<status status="PASS" start="2025-10-08T13:23:04.469376" elapsed="0.400495"/>
</kw>
<status status="PASS" start="2025-10-08T13:23:04.179002" elapsed="0.690935"/>
</branch>
<branch type="ELSE">
<kw name="Safe Log" owner="common_keywords">
<arg>[OrderSell] ไม่มีช่องค้นหา ข้ามการกรองชื่อสินค้า: ${name}</arg>
<status status="NOT RUN" start="2025-10-08T13:23:04.870149" elapsed="0.000033"/>
</kw>
<status status="NOT RUN" start="2025-10-08T13:23:04.869981" elapsed="0.000237"/>
</branch>
<status status="PASS" start="2025-10-08T13:23:04.178397" elapsed="0.691852"/>
</if>
<arg>${PRODUCT_NAME}</arg>
<status status="PASS" start="2025-10-08T13:23:03.010556" elapsed="1.859751"/>
</kw>
<kw name="Add Product To Cart By Name" owner="order_sell_keywords">
<kw name="Safe Log" owner="common_keywords">
<kw name="Log" owner="BuiltIn">
<msg time="2025-10-08T13:23:04.871687" level="INFO">Safe Log</msg>
<arg>Safe Log</arg>
<doc>Logs the given message with the given level.</doc>
<status status="PASS" start="2025-10-08T13:23:04.871604" elapsed="0.000125"/>
</kw>
<arg>[DEBUG] กำลังหาสินค้า: ${name}</arg>
<status status="PASS" start="2025-10-08T13:23:04.871390" elapsed="0.000394"/>
</kw>
<kw name="Set Variable" owner="BuiltIn">
<msg time="2025-10-08T13:23:04.872011" level="INFO">${selector1} = xpath=//h2[contains(@class,'font-semibold') and (normalize-space(.)='ขนมปังฟาร์มเฮ้าส์โฮลวีท 65 กรัม' or @title='ขนมปังฟาร์มเฮ้าส์โฮลวีท 65 กรัม')]/ancestor::div[contains(@class,'cursor-pointer')]</msg>
<var>${selector1}</var>
<arg>xpath=//h2[contains(@class,'font-semibold') and (normalize-space(.)='${name}' or @title='${name}')]/ancestor::div[contains(@class,'cursor-pointer')]</arg>
<doc>Returns the given values which can then be assigned to a variables.</doc>
<status status="PASS" start="2025-10-08T13:23:04.871864" elapsed="0.000173"/>
</kw>
<kw name="Set Variable" owner="BuiltIn">
<msg time="2025-10-08T13:23:04.872265" level="INFO">${selector2} = xpath=//img[@alt='ขนมปังฟาร์มเฮ้าส์โฮลวีท 65 กรัม']/ancestor::div[contains(@class,'cursor-pointer')]</msg>
<var>${selector2}</var>
<arg>xpath=//img[@alt='${name}']/ancestor::div[contains(@class,'cursor-pointer')]</arg>
<doc>Returns the given values which can then be assigned to a variables.</doc>
<status status="PASS" start="2025-10-08T13:23:04.872117" elapsed="0.000177"/>
</kw>
<kw name="Set Variable" owner="BuiltIn">
<msg time="2025-10-08T13:23:04.872516" level="INFO">${selector3} = xpath=//h2[contains(@class,'font-semibold') and contains(normalize-space(.), 'ขนมปังฟาร์มเฮ้าส์โฮลวีท 65 กรัม')]/ancestor::div[contains(@class,'cursor-pointer')]</msg>
<var>${selector3}</var>
<arg>xpath=//h2[contains(@class,'font-semibold') and contains(normalize-space(.), '${name}')]/ancestor::div[contains(@class,'cursor-pointer')]</arg>
<doc>Returns the given values which can then be assigned to a variables.</doc>
<status status="PASS" start="2025-10-08T13:23:04.872386" elapsed="0.000155"/>
</kw>
<kw name="Set Variable" owner="BuiltIn">
<msg time="2025-10-08T13:23:04.872733" level="INFO">${selector4} = xpath=//img[contains(@alt,'ขนมปังฟาร์มเฮ้าส์โฮลวีท 65 กรัม')]/ancestor::div[contains(@class,'cursor-pointer')]</msg>
<var>${selector4}</var>
<arg>xpath=//img[contains(@alt,'${name}')]/ancestor::div[contains(@class,'cursor-pointer')]</arg>
<doc>Returns the given values which can then be assigned to a variables.</doc>
<status status="PASS" start="2025-10-08T13:23:04.872617" elapsed="0.000135"/>
</kw>
<kw name="Execute Javascript" owner="SeleniumLibrary">
<msg time="2025-10-08T13:23:04.873111" level="INFO">Executing JavaScript:
window.scrollTo(0, 0)
Without any arguments.</msg>
<arg>window.scrollTo(0, 0)</arg>
<doc>Executes the given JavaScript code with possible arguments.</doc>
<status status="PASS" start="2025-10-08T13:23:04.872836" elapsed="0.004431"/>
</kw>
<kw name="Set Variable" owner="BuiltIn">
<msg time="2025-10-08T13:23:04.878074" level="INFO">${target} = </msg>
<var>${target}</var>
<arg>${EMPTY}</arg>
<doc>Returns the given values which can then be assigned to a variables.</doc>
<status status="PASS" start="2025-10-08T13:23:04.877417" elapsed="0.000685"/>
</kw>
<kw name="Run Keyword And Return Status" owner="BuiltIn">
<kw name="Page Should Contain Element" owner="SeleniumLibrary">
<msg time="2025-10-08T13:23:04.887484" level="INFO">Current page contains element 'xpath=//h2[contains(@class,'font-semibold') and (normalize-space(.)='ขนมปังฟาร์มเฮ้าส์โฮลวีท 65 กรัม' or @title='ขนมปังฟาร์มเฮ้าส์โฮลวีท 65 กรัม')]/ancestor::div[contains(@class,'cursor-pointer')]'.</msg>
<arg>${selector1}</arg>
<doc>Verifies that element ``locator`` is found on the current page.</doc>
<status status="PASS" start="2025-10-08T13:23:04.878322" elapsed="0.009242"/>
</kw>
<msg time="2025-10-08T13:23:04.887669" level="INFO">${found} = True</msg>
<var>${found}</var>
<arg>Page Should Contain Element</arg>
<arg>${selector1}</arg>
<doc>Runs the given keyword with given arguments and returns the status as a Boolean value.</doc>
<status status="PASS" start="2025-10-08T13:23:04.878211" elapsed="0.009477"/>
</kw>
<if>
<branch type="IF" condition="${found}">
<kw name="Set Variable" owner="BuiltIn">
<msg time="2025-10-08T13:23:04.888024" level="INFO">${target} = xpath=//h2[contains(@class,'font-semibold') and (normalize-space(.)='ขนมปังฟาร์มเฮ้าส์โฮลวีท 65 กรัม' or @title='ขนมปังฟาร์มเฮ้าส์โฮลวีท 65 กรัม')]/ancestor::div[contains(@class,'cursor-pointer')]</msg>
<var>${target}</var>
<arg>${selector1}</arg>
<doc>Returns the given values which can then be assigned to a variables.</doc>
<status status="PASS" start="2025-10-08T13:23:04.887893" elapsed="0.000255"/>
</kw>
<kw name="Safe Log" owner="common_keywords">
<kw name="Log" owner="BuiltIn">
<msg time="2025-10-08T13:23:04.888595" level="INFO">Safe Log</msg>
<arg>Safe Log</arg>
<doc>Logs the given message with the given level.</doc>
<status status="PASS" start="2025-10-08T13:23:04.888509" elapsed="0.000119"/>
</kw>
<arg>[DEBUG] เจอสินค้าด้วย selector1</arg>
<status status="PASS" start="2025-10-08T13:23:04.888281" elapsed="0.000391"/>
</kw>
<status status="PASS" start="2025-10-08T13:23:04.887763" elapsed="0.000934"/>
</branch>
<branch type="ELSE">
<kw name="Run Keyword And Return Status" owner="BuiltIn">
<var>${found}</var>
<arg>Page Should Contain Element</arg>
<arg>${selector2}</arg>
<doc>Runs the given keyword with given arguments and returns the status as a Boolean value.</doc>
<status status="NOT RUN" start="2025-10-08T13:23:04.888803" elapsed="0.000018"/>
</kw>
<if>
<branch type="IF" condition="${found}">
<kw name="Set Variable" owner="BuiltIn">
<var>${target}</var>
<arg>${selector2}</arg>
<doc>Returns the given values which can then be assigned to a variables.</doc>
<status status="NOT RUN" start="2025-10-08T13:23:04.888928" elapsed="0.000016"/>
</kw>
<kw name="Safe Log" owner="common_keywords">
<arg>[DEBUG] เจอสินค้าด้วย selector2</arg>
<status status="NOT RUN" start="2025-10-08T13:23:04.889026" elapsed="0.000022"/>
</kw>
<status status="NOT RUN" start="2025-10-08T13:23:04.888871" elapsed="0.000199"/>
</branch>
<branch type="ELSE">
<kw name="Run Keyword And Return Status" owner="BuiltIn">
<var>${found}</var>
<arg>Page Should Contain Element</arg>
<arg>${selector3}</arg>
<doc>Runs the given keyword with given arguments and returns the status as a Boolean value.</doc>
<status status="NOT RUN" start="2025-10-08T13:23:04.889151" elapsed="0.000015"/>
</kw>
<if>
<branch type="IF" condition="${found}">
<kw name="Set Variable" owner="BuiltIn">
<var>${target}</var>
<arg>${selector3}</arg>
<doc>Returns the given values which can then be assigned to a variables.</doc>
<status status="NOT RUN" start="2025-10-08T13:23:04.889262" elapsed="0.000015"/>
</kw>
<kw name="Safe Log" owner="common_keywords">
<arg>[DEBUG] เจอสินค้าด้วย selector3</arg>
<status status="NOT RUN" start="2025-10-08T13:23:04.889347" elapsed="0.000018"/>
</kw>
<status status="NOT RUN" start="2025-10-08T13:23:04.889208" elapsed="0.000178"/>
</branch>
<branch type="ELSE">
<kw name="Run Keyword And Return Status" owner="BuiltIn">
<var>${found}</var>
<arg>Page Should Contain Element</arg>
<arg>${selector4}</arg>
<doc>Runs the given keyword with given arguments and returns the status as a Boolean value.</doc>
<status status="NOT RUN" start="2025-10-08T13:23:04.889471" elapsed="0.000017"/>
</kw>
<if>
<branch type="IF" condition="${found}">
<kw name="Set Variable" owner="BuiltIn">
<var>${target}</var>
<arg>${selector4}</arg>
<doc>Returns the given values which can then be assigned to a variables.</doc>
<status status="NOT RUN" start="2025-10-08T13:23:04.889586" elapsed="0.000015"/>
</kw>
<kw name="Safe Log" owner="common_keywords">
<arg>[DEBUG] เจอสินค้าด้วย selector4</arg>
<status status="NOT RUN" start="2025-10-08T13:23:04.889675" elapsed="0.000017"/>
</kw>
<status status="NOT RUN" start="2025-10-08T13:23:04.889531" elapsed="0.000252"/>
</branch>
<status status="NOT RUN" start="2025-10-08T13:23:04.889522" elapsed="0.000323"/>
</if>
<status status="NOT RUN" start="2025-10-08T13:23:04.889410" elapsed="0.000465"/>
</branch>
<status status="NOT RUN" start="2025-10-08T13:23:04.889199" elapsed="0.000730"/>
</if>
<status status="NOT RUN" start="2025-10-08T13:23:04.889092" elapsed="0.000862"/>
</branch>
<status status="NOT RUN" start="2025-10-08T13:23:04.888861" elapsed="0.001125"/>
</if>
<status status="NOT RUN" start="2025-10-08T13:23:04.888726" elapsed="0.001277"/>
</branch>
<status status="PASS" start="2025-10-08T13:23:04.887744" elapsed="0.002277"/>
</if>
<if>
<branch type="IF" condition="$target == &quot;&quot;">
<kw name="Safe Log" owner="common_keywords">
<arg>[DEBUG] ไม่เจอสินค้า กำลังเลื่อนหน้าจอ</arg>
<status status="NOT RUN" start="2025-10-08T13:23:04.890571" elapsed="0.000077"/>
</kw>
<for flavor="IN RANGE">
<iter>
<kw name="Execute Javascript" owner="SeleniumLibrary">
<arg>window.scrollBy(0, document.body.clientHeight/2)</arg>
<doc>Executes the given JavaScript code with possible arguments.</doc>
<status status="NOT RUN" start="2025-10-08T13:23:04.891124" elapsed="0.000185"/>
</kw>
<kw name="Sleep" owner="BuiltIn">
<arg>0.3s</arg>
<doc>Pauses the test executed for the given time.</doc>
<status status="NOT RUN" start="2025-10-08T13:23:04.891392" elapsed="0.000019"/>
</kw>
<kw name="Run Keyword And Return Status" owner="BuiltIn">
<var>${found}</var>
<arg>Page Should Contain Element</arg>
<arg>${selector1}</arg>
<doc>Runs the given keyword with given arguments and returns the status as a Boolean value.</doc>
<status status="NOT RUN" start="2025-10-08T13:23:04.891480" elapsed="0.000017"/>
</kw>
<if>
<branch type="IF" condition="${found}">
<kw name="Set Variable" owner="BuiltIn">
<var>${target}</var>
<arg>${selector1}</arg>
<doc>Returns the given values which can then be assigned to a variables.</doc>
<status status="NOT RUN" start="2025-10-08T13:23:04.891608" elapsed="0.000016"/>
</kw>
<kw name="Safe Log" owner="common_keywords">
<arg>[DEBUG] เจอสินค้าหลังเลื่อนด้วย selector1</arg>
<status status="NOT RUN" start="2025-10-08T13:23:04.891706" elapsed="0.000019"/>
</kw>
<kw name="Exit For Loop" owner="BuiltIn">
<doc>Stops executing the enclosing FOR loop.</doc>
<status status="NOT RUN" start="2025-10-08T13:23:04.891784" elapsed="0.000016"/>
</kw>
<status status="NOT RUN" start="2025-10-08T13:23:04.891547" elapsed="0.000274"/>
</branch>
<status status="NOT RUN" start="2025-10-08T13:23:04.891536" elapsed="0.000307"/>
</if>
<var name="${i}"/>
<status status="NOT RUN" start="2025-10-08T13:23:04.890962" elapsed="0.000895"/>
</iter>
<var>${i}</var>
<value>0</value>
<value>3</value>
<status status="NOT RUN" start="2025-10-08T13:23:04.890757" elapsed="0.001130"/>
</for>
<status status="NOT RUN" start="2025-10-08T13:23:04.890079" elapsed="0.001842"/>
</branch>
<status status="PASS" start="2025-10-08T13:23:04.890061" elapsed="0.001880"/>
</if>
<kw name="Run Keyword If" owner="BuiltIn">
<arg>$target == ""</arg>
<arg>Fail</arg>
<arg>ไม่พบสินค้า: ${name}</arg>
<doc>Runs the given keyword with the given arguments, if ``condition`` is true.</doc>
<status status="PASS" start="2025-10-08T13:23:04.892001" elapsed="0.000315"/>
</kw>
<kw name="Safe Log" owner="common_keywords">
<kw name="Log" owner="BuiltIn">
<msg time="2025-10-08T13:23:04.892835" level="INFO">Safe Log</msg>
<arg>Safe Log</arg>
<doc>Logs the given message with the given level.</doc>
<status status="PASS" start="2025-10-08T13:23:04.892748" elapsed="0.000122"/>
</kw>
<arg>[DEBUG] คลิกสินค้า: ${target}</arg>
<status status="PASS" start="2025-10-08T13:23:04.892415" elapsed="0.000505"/>
</kw>
<kw name="Wait Until Element Is Visible" owner="SeleniumLibrary">
<arg>${target}</arg>
<arg>${TIMEOUT}</arg>
<doc>Waits until the element ``locator`` is visible.</doc>
<status status="PASS" start="2025-10-08T13:23:04.892990" elapsed="0.010536"/>
</kw>
<kw name="Scroll Element Into View" owner="SeleniumLibrary">
<arg>${target}</arg>
<doc>Scrolls the element identified by ``locator`` into view.</doc>
<status status="PASS" start="2025-10-08T13:23:04.903670" elapsed="0.272183"/>
</kw>
<kw name="Sleep" owner="BuiltIn">
<msg time="2025-10-08T13:23:05.376296" level="INFO">Slept 200 milliseconds.</msg>
<arg>0.2s</arg>
<doc>Pauses the test executed for the given time.</doc>
<status status="PASS" start="2025-10-08T13:23:05.176045" elapsed="0.200343"/>
</kw>
<kw name="Run Keyword And Return Status" owner="BuiltIn">
<kw name="Click Element" owner="SeleniumLibrary">
<msg time="2025-10-08T13:23:05.376870" level="INFO">Clicking element 'xpath=//h2[contains(@class,'font-semibold') and (normalize-space(.)='ขนมปังฟาร์มเฮ้าส์โฮลวีท 65 กรัม' or @title='ขนมปังฟาร์มเฮ้าส์โฮลวีท 65 กรัม')]/ancestor::div[contains(@class,'cursor-pointer')]'.</msg>
<arg>${target}</arg>
<doc>Click the element identified by ``locator``.</doc>
<status status="PASS" start="2025-10-08T13:23:05.376719" elapsed="0.040340"/>
</kw>
<msg time="2025-10-08T13:23:05.417181" level="INFO">${clicked} = True</msg>
<var>${clicked}</var>
<arg>Click Element</arg>
<arg>${target}</arg>
<doc>Runs the given keyword with given arguments and returns the status as a Boolean value.</doc>
<status status="PASS" start="2025-10-08T13:23:05.376586" elapsed="0.040618"/>
</kw>
<kw name="Safe Log" owner="common_keywords">
<kw name="Log" owner="BuiltIn">
<msg time="2025-10-08T13:23:05.417630" level="INFO">Safe Log</msg>
<arg>Safe Log</arg>
<doc>Logs the given message with the given level.</doc>
<status status="PASS" start="2025-10-08T13:23:05.417559" elapsed="0.000101"/>
</kw>
<arg>[DEBUG] ผลการคลิก: ${clicked}</arg>
<status status="PASS" start="2025-10-08T13:23:05.417336" elapsed="0.000367"/>
</kw>
<if>
<branch type="IF" condition="not ${clicked}">
<kw name="Get WebElement" owner="SeleniumLibrary">
<var>${el}</var>
<arg>${target}</arg>
<doc>Returns the first WebElement matching the given ``locator``.</doc>
<status status="NOT RUN" start="2025-10-08T13:23:05.417893" elapsed="0.000018"/>
</kw>
<kw name="Execute Javascript" owner="SeleniumLibrary">
<arg>arguments[0].click();</arg>
<arg>${el}</arg>
<doc>Executes the given JavaScript code with possible arguments.</doc>
<status status="NOT RUN" start="2025-10-08T13:23:05.417976" elapsed="0.000015"/>
</kw>
<status status="NOT RUN" start="2025-10-08T13:23:05.417759" elapsed="0.000256"/>
</branch>
<status status="PASS" start="2025-10-08T13:23:05.417744" elapsed="0.000297"/>
</if>
<kw name="Get WebElement" owner="SeleniumLibrary">
<msg time="2025-10-08T13:23:05.424234" level="INFO">${el} = &lt;selenium.webdriver.remote.webelement.WebElement (session="4ec20d7129b5a50eecbbce49bbd9504d", element="f.8CCAF7DBDD45FD178B5C624CAFDD8C98.d.AC96152F6E947E71BF295FCAD461A51B.e.41")&gt;</msg>
<var>${el}</var>
<arg>${target}</arg>
<doc>Returns the first WebElement matching the given ``locator``.</doc>
<status status="PASS" start="2025-10-08T13:23:05.418091" elapsed="0.006182"/>
</kw>
<kw name="Execute Javascript" owner="SeleniumLibrary">
<msg time="2025-10-08T13:23:05.541561" level="INFO" html="true">&lt;/td&gt;&lt;/tr&gt;&lt;tr&gt;&lt;td colspan="3"&gt;&lt;a href="selenium-screenshot-19.png"&gt;&lt;img src="selenium-screenshot-19.png" width="800px"&gt;&lt;/a&gt;</msg>
<msg time="2025-10-08T13:23:05.541681" level="FAIL">TypeError: sequence item 1: expected str instance, WebElement found</msg>
<var>${js_clicked}</var>
<arg>var root=arguments[0];var p=root.querySelector('path[d^="M528.12"]');if(p){var b=p.closest('button');if(b){b.click();return true;}}return false;</arg>
<arg>${el}</arg>
<doc>Executes the given JavaScript code with possible arguments.</doc>
<status status="FAIL" start="2025-10-08T13:23:05.424406" elapsed="0.117998">TypeError: sequence item 1: expected str instance, WebElement found</status>
</kw>
<kw name="Safe Log" owner="common_keywords">
<arg>[DEBUG] ผลการคลิก cart icon: ${js_clicked}</arg>
<status status="NOT RUN" start="2025-10-08T13:23:05.542578" elapsed="0.000031"/>
</kw>
<if>
<branch type="IF" condition="not ${js_clicked}">
<kw name="Execute Javascript" owner="SeleniumLibrary">
<arg>var root=arguments[0];var btns=root.querySelectorAll('button');if(btns&amp;&amp;btns.length){btns[btns.length-1].click();}</arg>
<arg>${el}</arg>
<doc>Executes the given JavaScript code with possible arguments.</doc>
<status status="NOT RUN" start="2025-10-08T13:23:05.542758" elapsed="0.000017"/>
</kw>
<status status="NOT RUN" start="2025-10-08T13:23:05.542671" elapsed="0.000132"/>
</branch>
<status status="NOT RUN" start="2025-10-08T13:23:05.542657" elapsed="0.000169"/>
</if>
<kw name="Run Keyword And Return Status" owner="BuiltIn">
<var>${icon_visible}</var>
<arg>Wait Until Page Contains Element</arg>
<arg>${BTN_CART_ICON}</arg>
<arg>1s</arg>
<doc>Runs the given keyword with given arguments and returns the status as a Boolean value.</doc>
<status status="NOT RUN" start="2025-10-08T13:23:05.542887" elapsed="0.000018"/>
</kw>
<if>
<branch type="IF" condition="${icon_visible}">
<kw name="Click Element" owner="SeleniumLibrary">
<arg>${BTN_CART_ICON}</arg>
<doc>Click the element identified by ``locator``.</doc>
<status status="NOT RUN" start="2025-10-08T13:23:05.543019" elapsed="0.000015"/>
</kw>
<status status="NOT RUN" start="2025-10-08T13:23:05.542954" elapsed="0.000103"/>
</branch>
<status status="NOT RUN" start="2025-10-08T13:23:05.542942" elapsed="0.000135"/>
</if>
<kw name="Safe Log" owner="common_keywords">
<arg>[DEBUG] เสร็จสิ้นการเพิ่มสินค้าในตะกร้า</arg>
<status status="NOT RUN" start="2025-10-08T13:23:05.543146" elapsed="0.000017"/>
</kw>
<arg>${PRODUCT_NAME}</arg>
<status status="FAIL" start="2025-10-08T13:23:04.871095" elapsed="0.672148">TypeError: sequence item 1: expected str instance, WebElement found</status>
</kw>
<kw name="Proceed To Checkout" owner="order_sell_keywords">
<status status="NOT RUN" start="2025-10-08T13:23:05.543455" elapsed="0.000031"/>
</kw>
<kw name="Click Element" owner="SeleniumLibrary">
<arg>${ORDER_BTN_PAYMENT_BANK}</arg>
<doc>Click the element identified by ``locator``.</doc>
<status status="NOT RUN" start="2025-10-08T13:23:05.543605" elapsed="0.000019"/>
</kw>
<kw name="Log Step And Screenshot" owner="common_keywords">
<arg>เปิดหน้าจ่ายเงิน - โอนธนาคาร</arg>
<arg>order_bank_transfer</arg>
<status status="NOT RUN" start="2025-10-08T13:23:05.543740" elapsed="0.000020"/>
</kw>
<kw name="Run Keyword And Return Status" owner="BuiltIn">
<var>${has_confirm}</var>
<arg>Page Should Contain Element</arg>
<arg>${ORDER_BTN_CONFIRM_PAY}</arg>
<doc>Runs the given keyword with given arguments and returns the status as a Boolean value.</doc>
<status status="NOT RUN" start="2025-10-08T13:23:05.543897" elapsed="0.000019"/>
</kw>
<if>
<branch type="IF" condition="${has_confirm}">
<kw name="Click Element" owner="SeleniumLibrary">
<arg>${ORDER_BTN_CONFIRM_PAY}</arg>
<doc>Click the element identified by ``locator``.</doc>
<status status="NOT RUN" start="2025-10-08T13:23:05.544059" elapsed="0.000018"/>
</kw>
<kw name="Wait Until Page Contains" owner="SeleniumLibrary">
<arg>${ORDER_SUCCESS_TEXT}</arg>
<arg>${TIMEOUT}</arg>
<doc>Waits until ``text`` appears on the current page.</doc>
<status status="NOT RUN" start="2025-10-08T13:23:05.544138" elapsed="0.000015"/>
</kw>
<kw name="Log Step And Screenshot" owner="common_keywords">
<arg>โอนธนาคารสำเร็จ</arg>
<arg>order_bank_transfer_success</arg>
<status status="NOT RUN" start="2025-10-08T13:23:05.544237" elapsed="0.000021"/>
</kw>
<kw name="Click If Exists" owner="common_keywords">
<arg>${SWAL_CONFIRM}</arg>
<status status="NOT RUN" start="2025-10-08T13:23:05.544329" elapsed="0.000018"/>
</kw>
<status status="NOT RUN" start="2025-10-08T13:23:05.543989" elapsed="0.000380"/>
</branch>
<status status="NOT RUN" start="2025-10-08T13:23:05.543977" elapsed="0.000417"/>
</if>
<kw name="Test Teardown Sequence" owner="common_keywords" type="TEARDOWN">
<kw name="End Test Logging" owner="common_keywords">
<kw name="Generate Random Number" owner="common_keywords">
<kw name="Evaluate" owner="BuiltIn">
<msg time="2025-10-08T13:23:05.545717" level="INFO">${random} = 1575</msg>
<var>${random}</var>
<arg>random.randint(${min}, ${max})</arg>
<arg>random</arg>
<doc>Evaluates the given expression in Python and returns the result.</doc>
<status status="PASS" start="2025-10-08T13:23:05.545503" elapsed="0.000551"/>
</kw>
<return>
<value>${random}</value>
<status status="PASS" start="2025-10-08T13:23:05.546125" elapsed="0.000039"/>
</return>
<msg time="2025-10-08T13:23:05.546269" level="INFO">${rand} = 1575</msg>
<var>${rand}</var>
<arg>1000</arg>
<arg>9999</arg>
<status status="PASS" start="2025-10-08T13:23:05.545291" elapsed="0.000997"/>
</kw>
<kw name="Run Keyword And Ignore Error" owner="BuiltIn">
<kw name="Capture Page Screenshot" owner="SeleniumLibrary">
<msg time="2025-10-08T13:23:05.818477" level="INFO" html="true">&lt;/td&gt;&lt;/tr&gt;&lt;tr&gt;&lt;td colspan="3"&gt;&lt;a href="screenshots/Order_Tests.Order_Bank_Transfer/TC001_-_%E0%B8%82%E0%B8%B2%E0%B8%A2%E0%B8%AA%E0%B8%B4%E0%B8%99%E0%B8%84%E0%B9%89%E0%B8%B2_%28%E0%B9%82%E0%B8%AD%E0%B8%99%E0%B9%80%E0%B8%87%E0%B8%B4%E0%B8%99%E0%B8%9C%E0%B9%88%E0%B8%B2%E0%B8%99%E0%B8%98%E0%B8%99%E0%B8%B2%E0%B8%84%E0%B8%B2%E0%B8%A3%29/final_1575.png"&gt;&lt;img src="screenshots/Order_Tests.Order_Bank_Transfer/TC001_-_%E0%B8%82%E0%B8%B2%E0%B8%A2%E0%B8%AA%E0%B8%B4%E0%B8%99%E0%B8%84%E0%B9%89%E0%B8%B2_%28%E0%B9%82%E0%B8%AD%E0%B8%99%E0%B9%80%E0%B8%87%E0%B8%B4%E0%B8%99%E0%B8%9C%E0%B9%88%E0%B8%B2%E0%B8%99%E0%B8%98%E0%B8%99%E0%B8%B2%E0%B8%84%E0%B8%B2%E0%B8%A3%29/final_1575.png" width="800px"&gt;&lt;/a&gt;</msg>
<arg>${TEST_ARTIFACT_DIR}${/}final_${rand}.png</arg>
<doc>Takes a screenshot of the current page and embeds it into a log file.</doc>
<status status="PASS" start="2025-10-08T13:23:05.546473" elapsed="0.272093"/>
</kw>
<arg>Capture Page Screenshot</arg>
<arg>${TEST_ARTIFACT_DIR}${/}final_${rand}.png</arg>
<doc>Runs the given keyword with the given arguments and ignores possible error.</doc>
<status status="PASS" start="2025-10-08T13:23:05.546370" elapsed="0.272260"/>
</kw>
<kw name="Safe Log" owner="common_keywords">
<kw name="Log" owner="BuiltIn">
<msg time="2025-10-08T13:23:05.819440" level="INFO">Safe Log</msg>
<arg>Safe Log</arg>
<doc>Logs the given message with the given level.</doc>
<status status="PASS" start="2025-10-08T13:23:05.819018" elapsed="0.000457"/>
</kw>
<arg>Completed test: ${TEST NAME}</arg>
<status status="PASS" start="2025-10-08T13:23:05.818766" elapsed="0.000756"/>
</kw>
<status status="PASS" start="2025-10-08T13:23:05.545026" elapsed="0.274768"/>
</kw>
<kw name="Close All Browsers" owner="SeleniumLibrary">
<doc>Closes all open browsers and resets the browser cache.</doc>
<status status="PASS" start="2025-10-08T13:23:05.819884" elapsed="2.302220"/>
</kw>
<status status="PASS" start="2025-10-08T13:23:05.544580" elapsed="2.577616"/>
</kw>
<tag>bank</tag>
<tag>orders</tag>
<tag>regression</tag>
<tag>ui</tag>
<status status="FAIL" start="2025-10-08T13:22:56.339749" elapsed="11.782621">TypeError: sequence item 1: expected str instance, WebElement found</status>
</test>
<doc>ทดสอบการขายสินค้าชำระด้วยโอนเงินผ่านธนาคาร</doc>
<meta name="component">orders</meta>
<meta name="owner">qa</meta>
<status status="FAIL" start="2025-10-08T13:22:56.134543" elapsed="11.988453"/>
</suite>
<suite id="s1-s2" name="Order Cash Payment" source="E:\มหาลัย\POS_\Testing\order_tests\order_cash_payment.robot">
<test id="s1-s2-t1" name="TC001 - ขายสินค้า (ชำระด้วยเงินสด)" line="24">
<kw name="Test Setup Sequence" owner="common_keywords" type="SETUP">
<kw name="Open Browser To Login Page" owner="common_keywords">
<kw name="Evaluate" owner="BuiltIn">
<msg time="2025-10-08T13:23:08.132410" level="INFO">${options} = &lt;selenium.webdriver.chrome.options.Options object at 0x00000211D9A6A5D0&gt;</msg>
<var>${options}</var>
<arg>__import__('selenium.webdriver').webdriver.ChromeOptions()</arg>
<doc>Evaluates the given expression in Python and returns the result.</doc>
<status status="PASS" start="2025-10-08T13:23:08.132205" elapsed="0.000233"/>
</kw>
<kw name="Call Method" owner="BuiltIn">
<arg>${options}</arg>
<arg>add_argument</arg>
<arg>--disable-notifications</arg>
<doc>Calls the named method of the given object with the provided arguments.</doc>
<status status="PASS" start="2025-10-08T13:23:08.132531" elapsed="0.000091"/>
</kw>
<kw name="Call Method" owner="BuiltIn">
<arg>${options}</arg>
<arg>add_argument</arg>
<arg>--disable-gcm-driver</arg>
<doc>Calls the named method of the given object with the provided arguments.</doc>
<status status="PASS" start="2025-10-08T13:23:08.132687" elapsed="0.000074"/>
</kw>
<kw name="Call Method" owner="BuiltIn">
<arg>${options}</arg>
<arg>add_argument</arg>
<arg>--no-sandbox</arg>
<doc>Calls the named method of the given object with the provided arguments.</doc>
<status status="PASS" start="2025-10-08T13:23:08.132822" elapsed="0.000066"/>
</kw>
<kw name="Call Method" owner="BuiltIn">
<arg>${options}</arg>
<arg>add_argument</arg>
<arg>--disable-dev-shm-usage</arg>
<doc>Calls the named method of the given object with the provided arguments.</doc>
<status status="PASS" start="2025-10-08T13:23:08.132943" elapsed="0.000063"/>
</kw>
<kw name="Open Browser" owner="SeleniumLibrary">
<msg time="2025-10-08T13:23:08.133220" level="INFO">Opening browser 'chrome' to base url 'http://localhost:5173'.</msg>
<arg>${BASE_URL}</arg>
<arg>chrome</arg>
<arg>options=${options}</arg>
<doc>Opens a new browser instance to the optional ``url``.</doc>
<status status="PASS" start="2025-10-08T13:23:08.133083" elapsed="1.488738"/>
</kw>
<kw name="Set Window Size" owner="SeleniumLibrary">
<arg>1400</arg>
<arg>900</arg>
<doc>Sets current windows size to given ``width`` and ``height``.</doc>
<status status="PASS" start="2025-10-08T13:23:09.622025" elapsed="0.030519"/>
</kw>
<kw name="Set Selenium Timeout" owner="SeleniumLibrary">
<arg>${TIMEOUT}</arg>
<doc>Sets the timeout that is used by various keywords.</doc>
<status status="PASS" start="2025-10-08T13:23:09.652688" elapsed="0.000686"/>
</kw>
<status status="PASS" start="2025-10-08T13:23:08.132059" elapsed="1.521387"/>
</kw>
<kw name="Initialize Test Logging" owner="common_keywords">
<kw name="Set Variable" owner="BuiltIn">
<msg time="2025-10-08T13:23:09.653838" level="INFO">${suite} = Order Tests.Order Cash Payment</msg>
<var>${suite}</var>
<arg>${SUITE NAME}</arg>
<doc>Returns the given values which can then be assigned to a variables.</doc>
<status status="PASS" start="2025-10-08T13:23:09.653735" elapsed="0.000123"/>
</kw>
<kw name="Set Variable" owner="BuiltIn">
<msg time="2025-10-08T13:23:09.654010" level="INFO">${test} = TC001 - ขายสินค้า (ชำระด้วยเงินสด)</msg>
<var>${test}</var>
<arg>${TEST NAME}</arg>
<doc>Returns the given values which can then be assigned to a variables.</doc>
<status status="PASS" start="2025-10-08T13:23:09.653926" elapsed="0.000102"/>
</kw>
<kw name="Replace String" owner="String">
<msg time="2025-10-08T13:23:09.654199" level="INFO">${suite_sanit} = Order_Tests.Order_Cash_Payment</msg>
<var>${suite_sanit}</var>
<arg>${suite}</arg>
<arg>${SPACE}</arg>
<arg>_</arg>
<doc>Replaces ``search_for`` in the given ``string`` with ``replace_with``.</doc>
<status status="PASS" start="2025-10-08T13:23:09.654091" elapsed="0.000125"/>
</kw>
<kw name="Replace String" owner="String">
<msg time="2025-10-08T13:23:09.654403" level="INFO">${test_sanit} = TC001_-_ขายสินค้า_(ชำระด้วยเงินสด)</msg>
<var>${test_sanit}</var>
<arg>${test}</arg>
<arg>${SPACE}</arg>
<arg>_</arg>
<doc>Replaces ``search_for`` in the given ``string`` with ``replace_with``.</doc>
<status status="PASS" start="2025-10-08T13:23:09.654296" elapsed="0.000125"/>
</kw>
<kw name="Set Variable" owner="BuiltIn">
<msg time="2025-10-08T13:23:09.654632" level="INFO">${dir} = screenshots\Order_Tests.Order_Cash_Payment\TC001_-_ขายสินค้า_(ชำระด้วยเงินสด)</msg>
<var>${dir}</var>
<arg>${SCREEN_DIR}${/}${suite_sanit}${/}${test_sanit}</arg>
<doc>Returns the given values which can then be assigned to a variables.</doc>
<status status="PASS" start="2025-10-08T13:23:09.654493" elapsed="0.000207"/>
</kw>
<kw name="Create Directory If Not Exists" owner="common_keywords">
<kw name="Run Keyword And Ignore Error" owner="BuiltIn">
<kw name="Create Directory" owner="OperatingSystem">
<msg time="2025-10-08T13:23:09.655288" level="INFO" html="true">Directory '&lt;a href="file://E:\มหาลัย\POS_\screenshots\Order_Tests.Order_Cash_Payment\TC001_-_ขายสินค้า_(ชำระด้วยเงินสด)"&gt;E:\มหาลัย\POS_\screenshots\Order_Tests.Order_Cash_Payment\TC001_-_ขายสินค้า_(ชำระด้วยเงินสด)&lt;/a&gt;' already exists.</msg>
<arg>${directory}</arg>
<doc>Creates the specified directory.</doc>
<status status="PASS" start="2025-10-08T13:23:09.655071" elapsed="0.000266"/>
</kw>
<arg>Create Directory</arg>
<arg>${directory}</arg>
<doc>Runs the given keyword with the given arguments and ignores possible error.</doc>
<status status="PASS" start="2025-10-08T13:23:09.654987" elapsed="0.000392"/>
</kw>
<arg>${dir}</arg>
<status status="PASS" start="2025-10-08T13:23:09.654805" elapsed="0.000613"/>
</kw>
<kw name="Set Test Variable" owner="BuiltIn">
<msg time="2025-10-08T13:23:09.656540" level="INFO">${TEST_ARTIFACT_DIR} = screenshots\Order_Tests.Order_Cash_Payment\TC001_-_ขายสินค้า_(ชำระด้วยเงินสด)</msg>
<arg>${TEST_ARTIFACT_DIR}</arg>
<arg>${dir}</arg>
<doc>Makes a variable available everywhere within the scope of the current test.</doc>
<status status="PASS" start="2025-10-08T13:23:09.655489" elapsed="0.001086"/>
</kw>
<kw name="Safe Log" owner="common_keywords">
<kw name="Log" owner="BuiltIn">
<msg time="2025-10-08T13:23:09.656915" level="INFO">Safe Log</msg>
<arg>Safe Log</arg>
<doc>Logs the given message with the given level.</doc>
<status status="PASS" start="2025-10-08T13:23:09.656855" elapsed="0.000093"/>
</kw>
<arg>Initialized artifacts at: ${dir}</arg>
<status status="PASS" start="2025-10-08T13:23:09.656675" elapsed="0.000313"/>
</kw>
<status status="PASS" start="2025-10-08T13:23:09.653567" elapsed="0.003452"/>
</kw>
<kw name="Login With Credentials" owner="common_keywords">
<kw name="Wait Until Element Is Visible" owner="SeleniumLibrary">
<arg>css=input[name='username']</arg>
<doc>Waits until the element ``locator`` is visible.</doc>
<status status="PASS" start="2025-10-08T13:23:09.657293" elapsed="0.011928"/>
</kw>
<kw name="Input Text" owner="SeleniumLibrary">
<msg time="2025-10-08T13:23:09.669668" level="INFO">Typing text '1' into text field 'css=input[name='username']'.</msg>
<arg>css=input[name='username']</arg>
<arg>${username}</arg>
<doc>Types the given ``text`` into the text field identified by ``locator``.</doc>
<status status="PASS" start="2025-10-08T13:23:09.669371" elapsed="0.088216"/>
</kw>
<kw name="Input Text" owner="SeleniumLibrary">
<msg time="2025-10-08T13:23:09.757964" level="INFO">Typing text '123' into text field 'css=input[name='password']'.</msg>
<arg>css=input[name='password']</arg>
<arg>${password}</arg>
<doc>Types the given ``text`` into the text field identified by ``locator``.</doc>
<status status="PASS" start="2025-10-08T13:23:09.757747" elapsed="0.053150"/>
</kw>
<kw name="Click Button" owner="SeleniumLibrary">
<msg time="2025-10-08T13:23:09.811193" level="INFO">Clicking button 'css=button[type='submit']'.</msg>
<arg>css=button[type='submit']</arg>
<doc>Clicks the button identified by ``locator``.</doc>
<status status="PASS" start="2025-10-08T13:23:09.811044" elapsed="0.047031"/>
</kw>
<kw name="Wait Table Idle" owner="common_keywords">
<kw name="Run Keyword And Ignore Error" owner="BuiltIn">
<kw name="Wait Until Element Is Not Visible" owner="SeleniumLibrary">
<arg>${SPINNERS}</arg>
<arg>5s</arg>
<doc>Waits until the element ``locator`` is not visible.</doc>
<status status="PASS" start="2025-10-08T13:23:09.858574" elapsed="0.007196"/>
</kw>
<arg>Wait Until Element Is Not Visible</arg>
<arg>${SPINNERS}</arg>
<arg>5s</arg>
<doc>Runs the given keyword with the given arguments and ignores possible error.</doc>
<status status="PASS" start="2025-10-08T13:23:09.858468" elapsed="0.007417"/>
</kw>
<kw name="Sleep" owner="BuiltIn">
<msg time="2025-10-08T13:23:10.167309" level="INFO">Slept 300 milliseconds.</msg>
<arg>0.3s</arg>
<doc>Pauses the test executed for the given time.</doc>
<status status="PASS" start="2025-10-08T13:23:09.866010" elapsed="0.301391"/>
</kw>
<status status="PASS" start="2025-10-08T13:23:09.858252" elapsed="0.309223"/>
</kw>
<arg>${VALID_USER}</arg>
<arg>${VALID_PASSWORD}</arg>
<status status="PASS" start="2025-10-08T13:23:09.657104" elapsed="0.510408"/>
</kw>
<status status="PASS" start="2025-10-08T13:23:08.131863" elapsed="2.035687"/>
</kw>
<kw name="Log Step And Screenshot" owner="common_keywords">
<kw name="Generate Random Number" owner="common_keywords">
<kw name="Evaluate" owner="BuiltIn">
<msg time="2025-10-08T13:23:10.168558" level="INFO">${random} = 4667</msg>
<var>${random}</var>
<arg>random.randint(${min}, ${max})</arg>
<arg>random</arg>
<doc>Evaluates the given expression in Python and returns the result.</doc>
<status status="PASS" start="2025-10-08T13:23:10.168319" elapsed="0.000268"/>
</kw>
<return>
<value>${random}</value>
<status status="PASS" start="2025-10-08T13:23:10.168636" elapsed="0.000037"/>
</return>
<msg time="2025-10-08T13:23:10.168781" level="INFO">${rand} = 4667</msg>
<var>${rand}</var>
<arg>1000</arg>
<arg>9999</arg>
<status status="PASS" start="2025-10-08T13:23:10.168120" elapsed="0.000680"/>
</kw>
<kw name="Safe Log" owner="common_keywords">
<kw name="Log" owner="BuiltIn">
<msg time="2025-10-08T13:23:10.169150" level="INFO">Safe Log</msg>
<arg>Safe Log</arg>
<doc>Logs the given message with the given level.</doc>
<status status="PASS" start="2025-10-08T13:23:10.169084" elapsed="0.000095"/>
</kw>
<arg>${message}</arg>
<status status="PASS" start="2025-10-08T13:23:10.168900" elapsed="0.000318"/>
</kw>
<kw name="Run Keyword And Ignore Error" owner="BuiltIn">
<kw name="Capture Page Screenshot" owner="SeleniumLibrary">
<msg time="2025-10-08T13:23:10.260466" level="INFO" html="true">&lt;/td&gt;&lt;/tr&gt;&lt;tr&gt;&lt;td colspan="3"&gt;&lt;a href="screenshots/Order_Tests.Order_Cash_Payment/TC001_-_%E0%B8%82%E0%B8%B2%E0%B8%A2%E0%B8%AA%E0%B8%B4%E0%B8%99%E0%B8%84%E0%B9%89%E0%B8%B2_%28%E0%B8%8A%E0%B8%B3%E0%B8%A3%E0%B8%B0%E0%B8%94%E0%B9%89%E0%B8%A7%E0%B8%A2%E0%B9%80%E0%B8%87%E0%B8%B4%E0%B8%99%E0%B8%AA%E0%B8%94%29/step_4667.png"&gt;&lt;img src="screenshots/Order_Tests.Order_Cash_Payment/TC001_-_%E0%B8%82%E0%B8%B2%E0%B8%A2%E0%B8%AA%E0%B8%B4%E0%B8%99%E0%B8%84%E0%B9%89%E0%B8%B2_%28%E0%B8%8A%E0%B8%B3%E0%B8%A3%E0%B8%B0%E0%B8%94%E0%B9%89%E0%B8%A7%E0%B8%A2%E0%B9%80%E0%B8%87%E0%B8%B4%E0%B8%99%E0%B8%AA%E0%B8%94%29/step_4667.png" width="800px"&gt;&lt;/a&gt;</msg>
<arg>${TEST_ARTIFACT_DIR}${/}${filename}_${rand}.png</arg>
<doc>Takes a screenshot of the current page and embeds it into a log file.</doc>
<status status="PASS" start="2025-10-08T13:23:10.169383" elapsed="0.091171"/>
</kw>
<arg>Capture Page Screenshot</arg>
<arg>${TEST_ARTIFACT_DIR}${/}${filename}_${rand}.png</arg>
<doc>Runs the given keyword with the given arguments and ignores possible error.</doc>
<status status="PASS" start="2025-10-08T13:23:10.169288" elapsed="0.091327"/>
</kw>
<arg>เริ่มต้น Cash Flow</arg>
<status status="PASS" start="2025-10-08T13:23:10.167836" elapsed="0.092829"/>
</kw>
<kw name="Ensure On Order Sell Page" owner="order_sell_keywords">
<kw name="Run Keyword And Return Status" owner="BuiltIn">
<kw name="Wait Until Page Contains" owner="SeleniumLibrary">
<arg>ขายสินค้า</arg>
<arg>3s</arg>
<doc>Waits until ``text`` appears on the current page.</doc>
<status status="PASS" start="2025-10-08T13:23:10.261615" elapsed="0.215700"/>
</kw>
<msg time="2025-10-08T13:23:10.477467" level="INFO">${ok1} = True</msg>
<var>${ok1}</var>
<arg>Wait Until Page Contains</arg>
<arg>ขายสินค้า</arg>
<arg>3s</arg>
<doc>Runs the given keyword with given arguments and returns the status as a Boolean value.</doc>
<status status="PASS" start="2025-10-08T13:23:10.261481" elapsed="0.216064"/>
</kw>
<kw name="Run Keyword And Return Status" owner="BuiltIn">
<kw name="Wait Until Page Contains Element" owner="SeleniumLibrary">
<arg>xpath=//input[@type='search' or contains(@placeholder,'ค้นหา') or contains(@placeholder,'Search')]</arg>
<arg>3s</arg>
<doc>Waits until the element ``locator`` appears on the current page.</doc>
<status status="PASS" start="2025-10-08T13:23:10.477849" elapsed="1.239404"/>
</kw>
<msg time="2025-10-08T13:23:11.717376" level="INFO">${ok2} = True</msg>
<var>${ok2}</var>
<arg>Wait Until Page Contains Element</arg>
<arg>xpath=//input[@type='search' or contains(@placeholder,'ค้นหา') or contains(@placeholder,'Search')]</arg>
<arg>3s</arg>
<doc>Runs the given keyword with given arguments and returns the status as a Boolean value.</doc>
<status status="PASS" start="2025-10-08T13:23:10.477720" elapsed="1.239677"/>
</kw>
<if>
<branch type="IF" condition="not (${ok1} or ${ok2})">
<kw name="Go To Order Sell Page" owner="order_sell_keywords">
<status status="NOT RUN" start="2025-10-08T13:23:11.717693" elapsed="0.000026"/>
</kw>
<status status="NOT RUN" start="2025-10-08T13:23:11.717478" elapsed="0.000267"/>
</branch>
<status status="PASS" start="2025-10-08T13:23:11.717457" elapsed="0.000312"/>
</if>
<status status="PASS" start="2025-10-08T13:23:10.261089" elapsed="1.456739"/>
</kw>
<kw name="Ensure Cart Open" owner="order_sell_keywords">
<kw name="Safe Log" owner="common_keywords">
<kw name="Log" owner="BuiltIn">
<msg time="2025-10-08T13:23:11.718467" level="INFO">Safe Log</msg>
<arg>Safe Log</arg>
<doc>Logs the given message with the given level.</doc>
<status status="PASS" start="2025-10-08T13:23:11.718400" elapsed="0.000109"/>
</kw>
<arg>Opening cart...</arg>
<status status="PASS" start="2025-10-08T13:23:11.718242" elapsed="0.000308"/>
</kw>
<kw name="Open Cart Floating Button" owner="order_sell_keywords">
<kw name="Run Keyword And Return Status" owner="BuiltIn">
<kw name="Click Element" owner="SeleniumLibrary">
<msg time="2025-10-08T13:23:11.719071" level="INFO">Clicking element 'css=button#open-cart-btn'.</msg>
<arg>${BTN_OPEN_CART_ID}</arg>
<doc>Click the element identified by ``locator``.</doc>
<status status="PASS" start="2025-10-08T13:23:11.718945" elapsed="0.129130"/>
</kw>
<msg time="2025-10-08T13:23:11.848198" level="INFO">${clicked} = True</msg>
<var>${clicked}</var>
<arg>Click Element</arg>
<arg>${BTN_OPEN_CART_ID}</arg>
<doc>Runs the given keyword with given arguments and returns the status as a Boolean value.</doc>
<status status="PASS" start="2025-10-08T13:23:11.718846" elapsed="0.129373"/>
</kw>
<if>
<branch type="IF" condition="not ${clicked}">
<kw name="Run Keyword And Return Status" owner="BuiltIn">
<var>${clicked}</var>
<arg>Click Element</arg>
<arg>${OPEN_CART_DATA_TIP}</arg>
<doc>Runs the given keyword with given arguments and returns the status as a Boolean value.</doc>
<status status="NOT RUN" start="2025-10-08T13:23:11.848464" elapsed="0.000023"/>
</kw>
<status status="NOT RUN" start="2025-10-08T13:23:11.848291" elapsed="0.000226"/>
</branch>
<status status="PASS" start="2025-10-08T13:23:11.848272" elapsed="0.000271"/>
</if>
<if>
<branch type="IF" condition="not ${clicked}">
<kw name="Run Keyword And Return Status" owner="BuiltIn">
<var>${clicked}</var>
<arg>Click Element</arg>
<arg>${BTN_OPEN_CART_ICON}</arg>
<doc>Runs the given keyword with given arguments and returns the status as a Boolean value.</doc>
<status status="NOT RUN" start="2025-10-08T13:23:11.848701" elapsed="0.000020"/>
</kw>
<status status="NOT RUN" start="2025-10-08T13:23:11.848579" elapsed="0.000172"/>
</branch>
<status status="PASS" start="2025-10-08T13:23:11.848570" elapsed="0.000202"/>
</if>
<if>
<branch type="IF" condition="not ${clicked}">
<kw name="Execute Javascript" owner="SeleniumLibrary">
<arg>var b=document.getElementById('open-cart-btn');if(b){b.click();return true;}return false;</arg>
<doc>Executes the given JavaScript code with possible arguments.</doc>
<status status="NOT RUN" start="2025-10-08T13:23:11.848910" elapsed="0.000017"/>
</kw>
<status status="NOT RUN" start="2025-10-08T13:23:11.848803" elapsed="0.000149"/>
</branch>
<status status="PASS" start="2025-10-08T13:23:11.848795" elapsed="0.000175"/>
</if>
<kw name="Run Keyword And Ignore Error" owner="BuiltIn">
<kw name="Wait Until Page Contains Element" owner="SeleniumLibrary">
<msg time="2025-10-08T13:23:15.075388" level="INFO" html="true">&lt;/td&gt;&lt;/tr&gt;&lt;tr&gt;&lt;td colspan="3"&gt;&lt;a href="selenium-screenshot-20.png"&gt;&lt;img src="selenium-screenshot-20.png" width="800px"&gt;&lt;/a&gt;</msg>
<msg time="2025-10-08T13:23:15.075508" level="FAIL">Element 'xpath=//*[contains(@class,'cart') or contains(@class,'drawer') or contains(@class,'offcanvas') or @role='dialog']' did not appear in 3 seconds.</msg>
<arg>${CART_DRAWER_HINT}</arg>
<arg>3s</arg>
<doc>Waits until the element ``locator`` appears on the current page.</doc>
<status status="FAIL" start="2025-10-08T13:23:11.849124" elapsed="3.227150">Element 'xpath=//*[contains(@class,'cart') or contains(@class,'drawer') or contains(@class,'offcanvas') or @role='dialog']' did not appear in 3 seconds.</status>
</kw>
<arg>Wait Until Page Contains Element</arg>
<arg>${CART_DRAWER_HINT}</arg>
<arg>3s</arg>
<doc>Runs the given keyword with the given arguments and ignores possible error.</doc>
<status status="PASS" start="2025-10-08T13:23:11.849023" elapsed="3.227341"/>
</kw>
<status status="PASS" start="2025-10-08T13:23:11.718670" elapsed="3.357747"/>
</kw>
<kw name="Run Keyword And Return Status" owner="BuiltIn">
<kw name="Wait Until Page Contains Element" owner="SeleniumLibrary">
<arg>${CART_HEADING}</arg>
<arg>4s</arg>
<doc>Waits until the element ``locator`` appears on the current page.</doc>
<status status="PASS" start="2025-10-08T13:23:15.076644" elapsed="0.007451"/>
</kw>
<msg time="2025-10-08T13:23:15.084211" level="INFO">${opened} = True</msg>
<var>${opened}</var>
<arg>Wait Until Page Contains Element</arg>
<arg>${CART_HEADING}</arg>
<arg>4s</arg>
<doc>Runs the given keyword with given arguments and returns the status as a Boolean value.</doc>
<status status="PASS" start="2025-10-08T13:23:15.076521" elapsed="0.007854"/>
</kw>
<kw name="Safe Log" owner="common_keywords">
<kw name="Log" owner="BuiltIn">
<msg time="2025-10-08T13:23:15.085052" level="INFO">Safe Log</msg>
<arg>Safe Log</arg>
<doc>Logs the given message with the given level.</doc>
<status status="PASS" start="2025-10-08T13:23:15.084972" elapsed="0.000118"/>
</kw>
<arg>Cart opened: ${opened}</arg>
<status status="PASS" start="2025-10-08T13:23:15.084708" elapsed="0.000429"/>
</kw>
<if>
<branch type="IF" condition="not ${opened}">
<kw name="Safe Log" owner="common_keywords">
<arg>Retrying to open cart...</arg>
<status status="NOT RUN" start="2025-10-08T13:23:15.085362" elapsed="0.000023"/>
</kw>
<kw name="Open Cart Floating Button" owner="order_sell_keywords">
<status status="NOT RUN" start="2025-10-08T13:23:15.085528" elapsed="0.000024"/>
</kw>
<kw name="Wait Until Page Contains Element" owner="SeleniumLibrary">
<arg>${CART_HEADING}</arg>
<arg>${TIMEOUT}</arg>
<doc>Waits until the element ``locator`` appears on the current page.</doc>
<status status="NOT RUN" start="2025-10-08T13:23:15.085624" elapsed="0.000024"/>
</kw>
<status status="NOT RUN" start="2025-10-08T13:23:15.085194" elapsed="0.000480"/>
</branch>
<status status="PASS" start="2025-10-08T13:23:15.085177" elapsed="0.000524"/>
</if>
<kw name="Safe Log" owner="common_keywords">
<kw name="Log" owner="BuiltIn">
<msg time="2025-10-08T13:23:15.086025" level="INFO">Safe Log</msg>
<arg>Safe Log</arg>
<doc>Logs the given message with the given level.</doc>
<status status="PASS" start="2025-10-08T13:23:15.085956" elapsed="0.000105"/>
</kw>
<arg>Cart is now open</arg>
<status status="PASS" start="2025-10-08T13:23:15.085773" elapsed="0.000393"/>
</kw>
<status status="PASS" start="2025-10-08T13:23:11.718056" elapsed="3.368151"/>
</kw>
<kw name="Add Product To Cart By Name" owner="order_sell_keywords">
<kw name="Safe Log" owner="common_keywords">
<kw name="Log" owner="BuiltIn">
<msg time="2025-10-08T13:23:15.087105" level="INFO">Safe Log</msg>
<arg>Safe Log</arg>
<doc>Logs the given message with the given level.</doc>
<status status="PASS" start="2025-10-08T13:23:15.087039" elapsed="0.000100"/>
</kw>
<arg>[DEBUG] กำลังหาสินค้า: ${name}</arg>
<status status="PASS" start="2025-10-08T13:23:15.086861" elapsed="0.000325"/>
</kw>
<kw name="Set Variable" owner="BuiltIn">
<msg time="2025-10-08T13:23:15.087381" level="INFO">${selector1} = xpath=//h2[contains(@class,'font-semibold') and (normalize-space(.)='ขนมปังฟาร์มเฮ้าส์โฮลวีท 65 กรัม' or @title='ขนมปังฟาร์มเฮ้าส์โฮลวีท 65 กรัม')]/ancestor::div[contains(@class,'cursor-pointer')]</msg>
<var>${selector1}</var>
<arg>xpath=//h2[contains(@class,'font-semibold') and (normalize-space(.)='${name}' or @title='${name}')]/ancestor::div[contains(@class,'cursor-pointer')]</arg>
<doc>Returns the given values which can then be assigned to a variables.</doc>
<status status="PASS" start="2025-10-08T13:23:15.087255" elapsed="0.000148"/>
</kw>
<kw name="Set Variable" owner="BuiltIn">
<msg time="2025-10-08T13:23:15.087572" level="INFO">${selector2} = xpath=//img[@alt='ขนมปังฟาร์มเฮ้าส์โฮลวีท 65 กรัม']/ancestor::div[contains(@class,'cursor-pointer')]</msg>
<var>${selector2}</var>
<arg>xpath=//img[@alt='${name}']/ancestor::div[contains(@class,'cursor-pointer')]</arg>
<doc>Returns the given values which can then be assigned to a variables.</doc>
<status status="PASS" start="2025-10-08T13:23:15.087473" elapsed="0.000120"/>
</kw>
<kw name="Set Variable" owner="BuiltIn">
<msg time="2025-10-08T13:23:15.087760" level="INFO">${selector3} = xpath=//h2[contains(@class,'font-semibold') and contains(normalize-space(.), 'ขนมปังฟาร์มเฮ้าส์โฮลวีท 65 กรัม')]/ancestor::div[contains(@class,'cursor-pointer')]</msg>
<var>${selector3}</var>
<arg>xpath=//h2[contains(@class,'font-semibold') and contains(normalize-space(.), '${name}')]/ancestor::div[contains(@class,'cursor-pointer')]</arg>
<doc>Returns the given values which can then be assigned to a variables.</doc>
<status status="PASS" start="2025-10-08T13:23:15.087661" elapsed="0.000120"/>
</kw>
<kw name="Set Variable" owner="BuiltIn">
<msg time="2025-10-08T13:23:15.087959" level="INFO">${selector4} = xpath=//img[contains(@alt,'ขนมปังฟาร์มเฮ้าส์โฮลวีท 65 กรัม')]/ancestor::div[contains(@class,'cursor-pointer')]</msg>
<var>${selector4}</var>
<arg>xpath=//img[contains(@alt,'${name}')]/ancestor::div[contains(@class,'cursor-pointer')]</arg>
<doc>Returns the given values which can then be assigned to a variables.</doc>
<status status="PASS" start="2025-10-08T13:23:15.087854" elapsed="0.000125"/>
</kw>
<kw name="Execute Javascript" owner="SeleniumLibrary">
<msg time="2025-10-08T13:23:15.088311" level="INFO">Executing JavaScript:
window.scrollTo(0, 0)
Without any arguments.</msg>
<arg>window.scrollTo(0, 0)</arg>
<doc>Executes the given JavaScript code with possible arguments.</doc>
<status status="PASS" start="2025-10-08T13:23:15.088061" elapsed="0.003313"/>
</kw>
<kw name="Set Variable" owner="BuiltIn">
<msg time="2025-10-08T13:23:15.092063" level="INFO">${target} = </msg>
<var>${target}</var>
<arg>${EMPTY}</arg>
<doc>Returns the given values which can then be assigned to a variables.</doc>
<status status="PASS" start="2025-10-08T13:23:15.091513" elapsed="0.000576"/>
</kw>
<kw name="Run Keyword And Return Status" owner="BuiltIn">
<kw name="Page Should Contain Element" owner="SeleniumLibrary">
<msg time="2025-10-08T13:23:15.098553" level="INFO">Current page contains element 'xpath=//h2[contains(@class,'font-semibold') and (normalize-space(.)='ขนมปังฟาร์มเฮ้าส์โฮลวีท 65 กรัม' or @title='ขนมปังฟาร์มเฮ้าส์โฮลวีท 65 กรัม')]/ancestor::div[contains(@class,'cursor-pointer')]'.</msg>
<arg>${selector1}</arg>
<doc>Verifies that element ``locator`` is found on the current page.</doc>
<status status="PASS" start="2025-10-08T13:23:15.092292" elapsed="0.006336"/>
</kw>
<msg time="2025-10-08T13:23:15.098727" level="INFO">${found} = True</msg>
<var>${found}</var>
<arg>Page Should Contain Element</arg>
<arg>${selector1}</arg>
<doc>Runs the given keyword with given arguments and returns the status as a Boolean value.</doc>
<status status="PASS" start="2025-10-08T13:23:15.092191" elapsed="0.006554"/>
</kw>
<if>
<branch type="IF" condition="${found}">
<kw name="Set Variable" owner="BuiltIn">
<msg time="2025-10-08T13:23:15.099098" level="INFO">${target} = xpath=//h2[contains(@class,'font-semibold') and (normalize-space(.)='ขนมปังฟาร์มเฮ้าส์โฮลวีท 65 กรัม' or @title='ขนมปังฟาร์มเฮ้าส์โฮลวีท 65 กรัม')]/ancestor::div[contains(@class,'cursor-pointer')]</msg>
<var>${target}</var>
<arg>${selector1}</arg>
<doc>Returns the given values which can then be assigned to a variables.</doc>
<status status="PASS" start="2025-10-08T13:23:15.098965" elapsed="0.000155"/>
</kw>
<kw name="Safe Log" owner="common_keywords">
<kw name="Log" owner="BuiltIn">
<msg time="2025-10-08T13:23:15.099716" level="INFO">Safe Log</msg>
<arg>Safe Log</arg>
<doc>Logs the given message with the given level.</doc>
<status status="PASS" start="2025-10-08T13:23:15.099611" elapsed="0.000141"/>
</kw>
<arg>[DEBUG] เจอสินค้าด้วย selector1</arg>
<status status="PASS" start="2025-10-08T13:23:15.099328" elapsed="0.000494"/>
</kw>
<status status="PASS" start="2025-10-08T13:23:15.098819" elapsed="0.001220"/>
</branch>
<branch type="ELSE">
<kw name="Run Keyword And Return Status" owner="BuiltIn">
<var>${found}</var>
<arg>Page Should Contain Element</arg>
<arg>${selector2}</arg>
<doc>Runs the given keyword with given arguments and returns the status as a Boolean value.</doc>
<status status="NOT RUN" start="2025-10-08T13:23:15.100173" elapsed="0.000022"/>
</kw>
<if>
<branch type="IF" condition="${found}">
<kw name="Set Variable" owner="BuiltIn">
<var>${target}</var>
<arg>${selector2}</arg>
<doc>Returns the given values which can then be assigned to a variables.</doc>
<status status="NOT RUN" start="2025-10-08T13:23:15.100316" elapsed="0.000017"/>
</kw>
<kw name="Safe Log" owner="common_keywords">
<arg>[DEBUG] เจอสินค้าด้วย selector2</arg>
<status status="NOT RUN" start="2025-10-08T13:23:15.100424" elapsed="0.000019"/>
</kw>
<status status="NOT RUN" start="2025-10-08T13:23:15.100251" elapsed="0.000217"/>
</branch>
<branch type="ELSE">
<kw name="Run Keyword And Return Status" owner="BuiltIn">
<var>${found}</var>
<arg>Page Should Contain Element</arg>
<arg>${selector3}</arg>
<doc>Runs the given keyword with given arguments and returns the status as a Boolean value.</doc>
<status status="NOT RUN" start="2025-10-08T13:23:15.100550" elapsed="0.000016"/>
</kw>
<if>
<branch type="IF" condition="${found}">
<kw name="Set Variable" owner="BuiltIn">
<var>${target}</var>
<arg>${selector3}</arg>
<doc>Returns the given values which can then be assigned to a variables.</doc>
<status status="NOT RUN" start="2025-10-08T13:23:15.100662" elapsed="0.000017"/>
</kw>
<kw name="Safe Log" owner="common_keywords">
<arg>[DEBUG] เจอสินค้าด้วย selector3</arg>
<status status="NOT RUN" start="2025-10-08T13:23:15.100754" elapsed="0.000019"/>
</kw>
<status status="NOT RUN" start="2025-10-08T13:23:15.100609" elapsed="0.000186"/>
</branch>
<branch type="ELSE">
<kw name="Run Keyword And Return Status" owner="BuiltIn">
<var>${found}</var>
<arg>Page Should Contain Element</arg>
<arg>${selector4}</arg>
<doc>Runs the given keyword with given arguments and returns the status as a Boolean value.</doc>
<status status="NOT RUN" start="2025-10-08T13:23:15.100924" elapsed="0.000017"/>
</kw>
<if>
<branch type="IF" condition="${found}">
<kw name="Set Variable" owner="BuiltIn">
<var>${target}</var>
<arg>${selector4}</arg>
<doc>Returns the given values which can then be assigned to a variables.</doc>
<status status="NOT RUN" start="2025-10-08T13:23:15.101040" elapsed="0.000015"/>
</kw>
<kw name="Safe Log" owner="common_keywords">
<arg>[DEBUG] เจอสินค้าด้วย selector4</arg>
<status status="NOT RUN" start="2025-10-08T13:23:15.101127" elapsed="0.000018"/>
</kw>
<status status="NOT RUN" start="2025-10-08T13:23:15.100985" elapsed="0.000183"/>
</branch>
<status status="NOT RUN" start="2025-10-08T13:23:15.100976" elapsed="0.000212"/>
</if>
<status status="NOT RUN" start="2025-10-08T13:23:15.100860" elapsed="0.000344"/>
</branch>
<status status="NOT RUN" start="2025-10-08T13:23:15.100600" elapsed="0.000621"/>
</if>
<status status="NOT RUN" start="2025-10-08T13:23:15.100490" elapsed="0.000742"/>
</branch>
<status status="NOT RUN" start="2025-10-08T13:23:15.100240" elapsed="0.001007"/>
</if>
<status status="NOT RUN" start="2025-10-08T13:23:15.100077" elapsed="0.001181"/>
</branch>
<status status="PASS" start="2025-10-08T13:23:15.098800" elapsed="0.002472"/>
</if>
<if>
<branch type="IF" condition="$target == &quot;&quot;">
<kw name="Safe Log" owner="common_keywords">
<arg>[DEBUG] ไม่เจอสินค้า กำลังเลื่อนหน้าจอ</arg>
<status status="NOT RUN" start="2025-10-08T13:23:15.101457" elapsed="0.000021"/>
</kw>
<for flavor="IN RANGE">
<iter>
<kw name="Execute Javascript" owner="SeleniumLibrary">
<arg>window.scrollBy(0, document.body.clientHeight/2)</arg>
<doc>Executes the given JavaScript code with possible arguments.</doc>
<status status="NOT RUN" start="2025-10-08T13:23:15.101694" elapsed="0.000019"/>
</kw>
[...]
<arg>${selector1}</arg>
<doc>Verifies that element ``locator`` is found on the current page.</doc>
<status status="PASS" start="2025-10-08T13:23:35.913751" elapsed="0.007391"/>
</kw>
<msg time="2025-10-08T13:23:35.921245" level="INFO">${found} = True</msg>
<var>${found}</var>
<arg>Page Should Contain Element</arg>
<arg>${selector1}</arg>
<doc>Runs the given keyword with given arguments and returns the status as a Boolean value.</doc>
<status status="PASS" start="2025-10-08T13:23:35.913639" elapsed="0.007623"/>
</kw>
<if>
<branch type="IF" condition="${found}">
<kw name="Set Variable" owner="BuiltIn">
<msg time="2025-10-08T13:23:35.921579" level="INFO">${target} = xpath=//h2[contains(@class,'font-semibold') and (normalize-space(.)='ขนมปังฟาร์มเฮ้าส์โฮลวีท 65 กรัม' or @title='ขนมปังฟาร์มเฮ้าส์โฮลวีท 65 กรัม')]/ancestor::div[contains(@class,'cursor-pointer')]</msg>
<var>${target}</var>
<arg>${selector1}</arg>
<doc>Returns the given values which can then be assigned to a variables.</doc>
<status status="PASS" start="2025-10-08T13:23:35.921459" elapsed="0.000141"/>
</kw>
<kw name="Safe Log" owner="common_keywords">
<kw name="Log" owner="BuiltIn">
<msg time="2025-10-08T13:23:35.921945" level="INFO">Safe Log</msg>
<arg>Safe Log</arg>
<doc>Logs the given message with the given level.</doc>
<status status="PASS" start="2025-10-08T13:23:35.921881" elapsed="0.000094"/>
</kw>
<arg>[DEBUG] เจอสินค้าด้วย selector1</arg>
<status status="PASS" start="2025-10-08T13:23:35.921703" elapsed="0.000314"/>
</kw>
<status status="PASS" start="2025-10-08T13:23:35.921334" elapsed="0.000706"/>
</branch>
<branch type="ELSE">
<kw name="Run Keyword And Return Status" owner="BuiltIn">
<var>${found}</var>
<arg>Page Should Contain Element</arg>
<arg>${selector2}</arg>
<doc>Runs the given keyword with given arguments and returns the status as a Boolean value.</doc>
<status status="NOT RUN" start="2025-10-08T13:23:35.922139" elapsed="0.000018"/>
</kw>
<if>
<branch type="IF" condition="${found}">
<kw name="Set Variable" owner="BuiltIn">
<var>${target}</var>
<arg>${selector2}</arg>
<doc>Returns the given values which can then be assigned to a variables.</doc>
<status status="NOT RUN" start="2025-10-08T13:23:35.922261" elapsed="0.000016"/>
</kw>
<kw name="Safe Log" owner="common_keywords">
<arg>[DEBUG] เจอสินค้าด้วย selector2</arg>
<status status="NOT RUN" start="2025-10-08T13:23:35.922356" elapsed="0.000018"/>
</kw>
<status status="NOT RUN" start="2025-10-08T13:23:35.922207" elapsed="0.000190"/>
</branch>
<branch type="ELSE">
<kw name="Run Keyword And Return Status" owner="BuiltIn">
<var>${found}</var>
<arg>Page Should Contain Element</arg>
<arg>${selector3}</arg>
<doc>Runs the given keyword with given arguments and returns the status as a Boolean value.</doc>
<status status="NOT RUN" start="2025-10-08T13:23:35.922475" elapsed="0.000017"/>
</kw>
<if>
<branch type="IF" condition="${found}">
<kw name="Set Variable" owner="BuiltIn">
<var>${target}</var>
<arg>${selector3}</arg>
<doc>Returns the given values which can then be assigned to a variables.</doc>
<status status="NOT RUN" start="2025-10-08T13:23:35.922595" elapsed="0.000016"/>
</kw>
<kw name="Safe Log" owner="common_keywords">
<arg>[DEBUG] เจอสินค้าด้วย selector3</arg>
<status status="NOT RUN" start="2025-10-08T13:23:35.922683" elapsed="0.000018"/>
</kw>
<status status="NOT RUN" start="2025-10-08T13:23:35.922538" elapsed="0.000186"/>
</branch>
<branch type="ELSE">
<kw name="Run Keyword And Return Status" owner="BuiltIn">
<var>${found}</var>
<arg>Page Should Contain Element</arg>
<arg>${selector4}</arg>
<doc>Runs the given keyword with given arguments and returns the status as a Boolean value.</doc>
<status status="NOT RUN" start="2025-10-08T13:23:35.922800" elapsed="0.000017"/>
</kw>
<if>
<branch type="IF" condition="${found}">
<kw name="Set Variable" owner="BuiltIn">
<var>${target}</var>
<arg>${selector4}</arg>
<doc>Returns the given values which can then be assigned to a variables.</doc>
<status status="NOT RUN" start="2025-10-08T13:23:35.922912" elapsed="0.000016"/>
</kw>
<kw name="Safe Log" owner="common_keywords">
<arg>[DEBUG] เจอสินค้าด้วย selector4</arg>
<status status="NOT RUN" start="2025-10-08T13:23:35.923000" elapsed="0.000019"/>
</kw>
<status status="NOT RUN" start="2025-10-08T13:23:35.922862" elapsed="0.000187"/>
</branch>
<status status="NOT RUN" start="2025-10-08T13:23:35.922851" elapsed="0.000219"/>
</if>
<status status="NOT RUN" start="2025-10-08T13:23:35.922745" elapsed="0.000341"/>
</branch>
<status status="NOT RUN" start="2025-10-08T13:23:35.922527" elapsed="0.000576"/>
</if>
<status status="NOT RUN" start="2025-10-08T13:23:35.922420" elapsed="0.000695"/>
</branch>
<status status="NOT RUN" start="2025-10-08T13:23:35.922196" elapsed="0.000933"/>
</if>
<status status="NOT RUN" start="2025-10-08T13:23:35.922067" elapsed="0.001073"/>
</branch>
<status status="PASS" start="2025-10-08T13:23:35.921315" elapsed="0.001840"/>
</if>
<if>
<branch type="IF" condition="$target == &quot;&quot;">
<kw name="Safe Log" owner="common_keywords">
<arg>[DEBUG] ไม่เจอสินค้า กำลังเลื่อนหน้าจอ</arg>
<status status="NOT RUN" start="2025-10-08T13:23:35.923446" elapsed="0.000032"/>
</kw>
<for flavor="IN RANGE">
<iter>
<kw name="Execute Javascript" owner="SeleniumLibrary">
<arg>window.scrollBy(0, document.body.clientHeight/2)</arg>
<doc>Executes the given JavaScript code with possible arguments.</doc>
<status status="NOT RUN" start="2025-10-08T13:23:35.923684" elapsed="0.000019"/>
</kw>
<kw name="Sleep" owner="BuiltIn">
<arg>0.3s</arg>
<doc>Pauses the test executed for the given time.</doc>
<status status="NOT RUN" start="2025-10-08T13:23:35.923761" elapsed="0.000017"/>
</kw>
<kw name="Run Keyword And Return Status" owner="BuiltIn">
<var>${found}</var>
<arg>Page Should Contain Element</arg>
<arg>${selector1}</arg>
<doc>Runs the given keyword with given arguments and returns the status as a Boolean value.</doc>
<status status="NOT RUN" start="2025-10-08T13:23:35.923855" elapsed="0.000019"/>
</kw>
<if>
<branch type="IF" condition="${found}">
<kw name="Set Variable" owner="BuiltIn">
<var>${target}</var>
<arg>${selector1}</arg>
<doc>Returns the given values which can then be assigned to a variables.</doc>
<status status="NOT RUN" start="2025-10-08T13:23:35.924128" elapsed="0.000016"/>
</kw>
<kw name="Safe Log" owner="common_keywords">
<arg>[DEBUG] เจอสินค้าหลังเลื่อนด้วย selector1</arg>
<status status="NOT RUN" start="2025-10-08T13:23:35.924228" elapsed="0.000022"/>
</kw>
<kw name="Exit For Loop" owner="BuiltIn">
<doc>Stops executing the enclosing FOR loop.</doc>
<status status="NOT RUN" start="2025-10-08T13:23:35.924368" elapsed="0.000020"/>
</kw>
<status status="NOT RUN" start="2025-10-08T13:23:35.924056" elapsed="0.000356"/>
</branch>
<status status="NOT RUN" start="2025-10-08T13:23:35.924018" elapsed="0.000418"/>
</if>
<var name="${i}"/>
<status status="NOT RUN" start="2025-10-08T13:23:35.923613" elapsed="0.000840"/>
</iter>
<var>${i}</var>
<value>0</value>
<value>3</value>
<status status="NOT RUN" start="2025-10-08T13:23:35.923524" elapsed="0.000958"/>
</for>
<status status="NOT RUN" start="2025-10-08T13:23:35.923187" elapsed="0.001328"/>
</branch>
<status status="PASS" start="2025-10-08T13:23:35.923178" elapsed="0.001355"/>
</if>
<kw name="Run Keyword If" owner="BuiltIn">
<arg>$target == ""</arg>
<arg>Fail</arg>
<arg>ไม่พบสินค้า: ${name}</arg>
<doc>Runs the given keyword with the given arguments, if ``condition`` is true.</doc>
<status status="PASS" start="2025-10-08T13:23:35.924596" elapsed="0.000147"/>
</kw>
<kw name="Safe Log" owner="common_keywords">
<kw name="Log" owner="BuiltIn">
<msg time="2025-10-08T13:23:35.925102" level="INFO">Safe Log</msg>
<arg>Safe Log</arg>
<doc>Logs the given message with the given level.</doc>
<status status="PASS" start="2025-10-08T13:23:35.925035" elapsed="0.000101"/>
</kw>
<arg>[DEBUG] คลิกสินค้า: ${target}</arg>
<status status="PASS" start="2025-10-08T13:23:35.924838" elapsed="0.000339"/>
</kw>
<kw name="Wait Until Element Is Visible" owner="SeleniumLibrary">
<arg>${target}</arg>
<arg>${TIMEOUT}</arg>
<doc>Waits until the element ``locator`` is visible.</doc>
<status status="PASS" start="2025-10-08T13:23:35.925244" elapsed="0.009494"/>
</kw>
<kw name="Scroll Element Into View" owner="SeleniumLibrary">
<arg>${target}</arg>
<doc>Scrolls the element identified by ``locator`` into view.</doc>
<status status="PASS" start="2025-10-08T13:23:35.934886" elapsed="0.277685"/>
</kw>
<kw name="Sleep" owner="BuiltIn">
<msg time="2025-10-08T13:23:36.413204" level="INFO">Slept 200 milliseconds.</msg>
<arg>0.2s</arg>
<doc>Pauses the test executed for the given time.</doc>
<status status="PASS" start="2025-10-08T13:23:36.212709" elapsed="0.200756"/>
</kw>
<kw name="Run Keyword And Return Status" owner="BuiltIn">
<kw name="Click Element" owner="SeleniumLibrary">
<msg time="2025-10-08T13:23:36.414000" level="INFO">Clicking element 'xpath=//h2[contains(@class,'font-semibold') and (normalize-space(.)='ขนมปังฟาร์มเฮ้าส์โฮลวีท 65 กรัม' or @title='ขนมปังฟาร์มเฮ้าส์โฮลวีท 65 กรัม')]/ancestor::div[contains(@class,'cursor-pointer')]'.</msg>
<arg>${target}</arg>
<doc>Click the element identified by ``locator``.</doc>
<status status="PASS" start="2025-10-08T13:23:36.413826" elapsed="0.031877"/>
</kw>
<msg time="2025-10-08T13:23:36.445822" level="INFO">${clicked} = True</msg>
<var>${clicked}</var>
<arg>Click Element</arg>
<arg>${target}</arg>
<doc>Runs the given keyword with given arguments and returns the status as a Boolean value.</doc>
<status status="PASS" start="2025-10-08T13:23:36.413685" elapsed="0.032161"/>
</kw>
<kw name="Safe Log" owner="common_keywords">
<kw name="Log" owner="BuiltIn">
<msg time="2025-10-08T13:23:36.446361" level="INFO">Safe Log</msg>
<arg>Safe Log</arg>
<doc>Logs the given message with the given level.</doc>
<status status="PASS" start="2025-10-08T13:23:36.446282" elapsed="0.000113"/>
</kw>
<arg>[DEBUG] ผลการคลิก: ${clicked}</arg>
<status status="PASS" start="2025-10-08T13:23:36.445973" elapsed="0.000467"/>
</kw>
<if>
<branch type="IF" condition="not ${clicked}">
<kw name="Get WebElement" owner="SeleniumLibrary">
<var>${el}</var>
<arg>${target}</arg>
<doc>Returns the first WebElement matching the given ``locator``.</doc>
<status status="NOT RUN" start="2025-10-08T13:23:36.446630" elapsed="0.000019"/>
</kw>
<kw name="Execute Javascript" owner="SeleniumLibrary">
<arg>arguments[0].click();</arg>
<arg>${el}</arg>
<doc>Executes the given JavaScript code with possible arguments.</doc>
<status status="NOT RUN" start="2025-10-08T13:23:36.446719" elapsed="0.000017"/>
</kw>
<status status="NOT RUN" start="2025-10-08T13:23:36.446497" elapsed="0.000263"/>
</branch>
<status status="PASS" start="2025-10-08T13:23:36.446481" elapsed="0.000306"/>
</if>
<kw name="Get WebElement" owner="SeleniumLibrary">
<msg time="2025-10-08T13:23:36.451453" level="INFO">${el} = &lt;selenium.webdriver.remote.webelement.WebElement (session="0385d6a2d37f1748fae97df1cb6eca31", element="f.DCE522BA4975561DB289110F06E46598.d.7595241A381CF2C156AA8162125BC9F8.e.41")&gt;</msg>
<var>${el}</var>
<arg>${target}</arg>
<doc>Returns the first WebElement matching the given ``locator``.</doc>
<status status="PASS" start="2025-10-08T13:23:36.446840" elapsed="0.004651"/>
</kw>
<kw name="Execute Javascript" owner="SeleniumLibrary">
<msg time="2025-10-08T13:23:36.544697" level="INFO" html="true">&lt;/td&gt;&lt;/tr&gt;&lt;tr&gt;&lt;td colspan="3"&gt;&lt;a href="selenium-screenshot-26.png"&gt;&lt;img src="selenium-screenshot-26.png" width="800px"&gt;&lt;/a&gt;</msg>
<msg time="2025-10-08T13:23:36.544813" level="FAIL">TypeError: sequence item 1: expected str instance, WebElement found</msg>
<var>${js_clicked}</var>
<arg>var root=arguments[0];var p=root.querySelector('path[d^="M528.12"]');if(p){var b=p.closest('button');if(b){b.click();return true;}}return false;</arg>
<arg>${el}</arg>
<doc>Executes the given JavaScript code with possible arguments.</doc>
<status status="FAIL" start="2025-10-08T13:23:36.451617" elapsed="0.093695">TypeError: sequence item 1: expected str instance, WebElement found</status>
</kw>
<kw name="Safe Log" owner="common_keywords">
<arg>[DEBUG] ผลการคลิก cart icon: ${js_clicked}</arg>
<status status="NOT RUN" start="2025-10-08T13:23:36.545483" elapsed="0.000030"/>
</kw>
<if>
<branch type="IF" condition="not ${js_clicked}">
<kw name="Execute Javascript" owner="SeleniumLibrary">
<arg>var root=arguments[0];var btns=root.querySelectorAll('button');if(btns&amp;&amp;btns.length){btns[btns.length-1].click();}</arg>
<arg>${el}</arg>
<doc>Executes the given JavaScript code with possible arguments.</doc>
<status status="NOT RUN" start="2025-10-08T13:23:36.545664" elapsed="0.000018"/>
</kw>
<status status="NOT RUN" start="2025-10-08T13:23:36.545578" elapsed="0.000135"/>
</branch>
<status status="NOT RUN" start="2025-10-08T13:23:36.545561" elapsed="0.000179"/>
</if>
<kw name="Run Keyword And Return Status" owner="BuiltIn">
<var>${icon_visible}</var>
<arg>Wait Until Page Contains Element</arg>
<arg>${BTN_CART_ICON}</arg>
<arg>1s</arg>
<doc>Runs the given keyword with given arguments and returns the status as a Boolean value.</doc>
<status status="NOT RUN" start="2025-10-08T13:23:36.545807" elapsed="0.000018"/>
</kw>
<if>
<branch type="IF" condition="${icon_visible}">
<kw name="Click Element" owner="SeleniumLibrary">
<arg>${BTN_CART_ICON}</arg>
<doc>Click the element identified by ``locator``.</doc>
<status status="NOT RUN" start="2025-10-08T13:23:36.545936" elapsed="0.000016"/>
</kw>
<status status="NOT RUN" start="2025-10-08T13:23:36.545872" elapsed="0.000104"/>
</branch>
<status status="NOT RUN" start="2025-10-08T13:23:36.545862" elapsed="0.000134"/>
</if>
<kw name="Safe Log" owner="common_keywords">
<arg>[DEBUG] เสร็จสิ้นการเพิ่มสินค้าในตะกร้า</arg>
<status status="NOT RUN" start="2025-10-08T13:23:36.546065" elapsed="0.000018"/>
</kw>
<arg>${PRODUCT_NAME}</arg>
<status status="FAIL" start="2025-10-08T13:23:35.907428" elapsed="0.638727">TypeError: sequence item 1: expected str instance, WebElement found</status>
</kw>
<kw name="Wait Table Idle" owner="common_keywords">
<status status="NOT RUN" start="2025-10-08T13:23:36.546400" elapsed="0.000036"/>
</kw>
<kw name="Click Pay Now Smart" owner="order_sell_keywords">
<status status="NOT RUN" start="2025-10-08T13:23:36.546630" elapsed="0.000062"/>
</kw>
<kw name="Wait Table Idle" owner="common_keywords">
<status status="NOT RUN" start="2025-10-08T13:23:36.546879" elapsed="0.000031"/>
</kw>
<kw name="Wait And Click" owner="common_keywords">
<arg>${ORDER_BTN_PAYMENT_CASH}</arg>
<status status="NOT RUN" start="2025-10-08T13:23:36.547144" elapsed="0.000027"/>
</kw>
<kw name="Click Numeric Key" owner="order_sell_keywords">
<arg>1</arg>
<status status="NOT RUN" start="2025-10-08T13:23:36.547288" elapsed="0.000020"/>
</kw>
<kw name="Click Numeric Key" owner="order_sell_keywords">
<arg>0</arg>
<status status="NOT RUN" start="2025-10-08T13:23:36.547407" elapsed="0.000018"/>
</kw>
<kw name="Click Numeric Key" owner="order_sell_keywords">
<arg>0</arg>
<status status="NOT RUN" start="2025-10-08T13:23:36.547511" elapsed="0.000017"/>
</kw>
<kw name="Confirm Payment And Expect Success" owner="order_sell_keywords">
<status status="NOT RUN" start="2025-10-08T13:23:36.547622" elapsed="0.000019"/>
</kw>
<kw name="Safe Log" owner="common_keywords">
<arg>ชำระเงินสดสำเร็จ</arg>
<status status="NOT RUN" start="2025-10-08T13:23:36.547728" elapsed="0.000017"/>
</kw>
<kw name="Test Teardown Sequence" owner="common_keywords" type="TEARDOWN">
<kw name="End Test Logging" owner="common_keywords">
<kw name="Generate Random Number" owner="common_keywords">
<kw name="Evaluate" owner="BuiltIn">
<msg time="2025-10-08T13:23:36.548981" level="INFO">${random} = 8666</msg>
<var>${random}</var>
<arg>random.randint(${min}, ${max})</arg>
<arg>random</arg>
<doc>Evaluates the given expression in Python and returns the result.</doc>
<status status="PASS" start="2025-10-08T13:23:36.548773" elapsed="0.000230"/>
</kw>
<return>
<value>${random}</value>
<status status="PASS" start="2025-10-08T13:23:36.549049" elapsed="0.000032"/>
</return>
<msg time="2025-10-08T13:23:36.549161" level="INFO">${rand} = 8666</msg>
<var>${rand}</var>
<arg>1000</arg>
<arg>9999</arg>
<status status="PASS" start="2025-10-08T13:23:36.548265" elapsed="0.000912"/>
</kw>
<kw name="Run Keyword And Ignore Error" owner="BuiltIn">
<kw name="Capture Page Screenshot" owner="SeleniumLibrary">
<msg time="2025-10-08T13:23:36.664184" level="INFO" html="true">&lt;/td&gt;&lt;/tr&gt;&lt;tr&gt;&lt;td colspan="3"&gt;&lt;a href="screenshots/Order_Tests.Orders/TC001_-_%E0%B8%82%E0%B8%B2%E0%B8%A2%E0%B8%AA%E0%B8%B4%E0%B8%99%E0%B8%84%E0%B9%89%E0%B8%B2_%28%E0%B8%8A%E0%B8%B3%E0%B8%A3%E0%B8%B0%E0%B8%94%E0%B9%89%E0%B8%A7%E0%B8%A2%E0%B9%80%E0%B8%87%E0%B8%B4%E0%B8%99%E0%B8%AA%E0%B8%94%29/final_8666.png"&gt;&lt;img src="screenshots/Order_Tests.Orders/TC001_-_%E0%B8%82%E0%B8%B2%E0%B8%A2%E0%B8%AA%E0%B8%B4%E0%B8%99%E0%B8%84%E0%B9%89%E0%B8%B2_%28%E0%B8%8A%E0%B8%B3%E0%B8%A3%E0%B8%B0%E0%B8%94%E0%B9%89%E0%B8%A7%E0%B8%A2%E0%B9%80%E0%B8%87%E0%B8%B4%E0%B8%99%E0%B8%AA%E0%B8%94%29/final_8666.png" width="800px"&gt;&lt;/a&gt;</msg>
<arg>${TEST_ARTIFACT_DIR}${/}final_${rand}.png</arg>
<doc>Takes a screenshot of the current page and embeds it into a log file.</doc>
<status status="PASS" start="2025-10-08T13:23:36.549353" elapsed="0.114922"/>
</kw>
<arg>Capture Page Screenshot</arg>
<arg>${TEST_ARTIFACT_DIR}${/}final_${rand}.png</arg>
<doc>Runs the given keyword with the given arguments and ignores possible error.</doc>
<status status="PASS" start="2025-10-08T13:23:36.549255" elapsed="0.115086"/>
</kw>
<kw name="Safe Log" owner="common_keywords">
<kw name="Log" owner="BuiltIn">
<msg time="2025-10-08T13:23:36.665092" level="INFO">Safe Log</msg>
<arg>Safe Log</arg>
<doc>Logs the given message with the given level.</doc>
<status status="PASS" start="2025-10-08T13:23:36.664961" elapsed="0.000230"/>
</kw>
<arg>Completed test: ${TEST NAME}</arg>
<status status="PASS" start="2025-10-08T13:23:36.664543" elapsed="0.000702"/>
</kw>
<status status="PASS" start="2025-10-08T13:23:36.548104" elapsed="0.117175"/>
</kw>
<kw name="Close All Browsers" owner="SeleniumLibrary">
<doc>Closes all open browsers and resets the browser cache.</doc>
<status status="PASS" start="2025-10-08T13:23:36.665354" elapsed="2.512199"/>
</kw>
<status status="PASS" start="2025-10-08T13:23:36.547919" elapsed="2.629722"/>
</kw>
<tag>orders</tag>
<tag>regression</tag>
<tag>ui</tag>
<status status="FAIL" start="2025-10-08T13:23:29.298935" elapsed="9.878831">TypeError: sequence item 1: expected str instance, WebElement found</status>
</test>
<doc>ชุดทดสอบการขาย: เงินสด/โอน/QR ด้วย ORDER_* selectors</doc>
<meta name="component">orders</meta>
<meta name="owner">qa</meta>
<status status="FAIL" start="2025-10-08T13:23:29.292558" elapsed="9.885676"/>
</suite>
<status status="FAIL" start="2025-10-08T13:22:56.110718" elapsed="43.068176"/>
</suite>
<statistics>
<total>
<stat pass="0" fail="4" skip="0">All Tests</stat>
</total>
<tag>
<stat pass="0" fail="1" skip="0">bank</stat>
<stat pass="0" fail="1" skip="0">cash</stat>
<stat pass="0" fail="4" skip="0">orders</stat>
<stat pass="0" fail="1" skip="0">qr</stat>
<stat pass="0" fail="4" skip="0">regression</stat>
<stat pass="0" fail="4" skip="0">ui</stat>
</tag>
<suite>
<stat name="Order Tests" id="s1" pass="0" fail="4" skip="0">Order Tests</stat>
<stat name="Order Bank Transfer" id="s1-s1" pass="0" fail="1" skip="0">Order Tests.Order Bank Transfer</stat>
<stat name="Order Cash Payment" id="s1-s2" pass="0" fail="1" skip="0">Order Tests.Order Cash Payment</stat>
<stat name="Order Qr Payment" id="s1-s3" pass="0" fail="1" skip="0">Order Tests.Order Qr Payment</stat>
<stat name="Orders" id="s1-s4" pass="0" fail="1" skip="0">Order Tests.Orders</stat>
</suite>
</statistics>
<errors>
</errors>
</robot>
