<?xml version="1.0" encoding="UTF-8"?>
<robot generator="Robot 7.3.1 (Python 3.13.3 on win32)" generated="2025-10-08T23:16:30.529397" rpa="false" schemaversion="5">
<suite id="s1" name="Order Tests" source="D:\2\POS_\Testing\order_tests">
<suite id="s1-s1" name="Orders" source="D:\2\POS_\Testing\order_tests\orders.robot">
<test id="s1-s1-t1" name="TC001 - ขายสินค้า (ชำระด้วยเงินสด)" line="23">
<kw name="Test Setup Sequence" owner="common_keywords" type="SETUP">
<kw name="Open Browser To Login Page" owner="common_keywords">
<kw name="Evaluate" owner="BuiltIn">
<msg time="2025-10-08T23:16:31.037337" level="INFO">${options} = &lt;selenium.webdriver.chrome.options.Options object at 0x0000015F0EC78AD0&gt;</msg>
<var>${options}</var>
<arg>__import__('selenium.webdriver').webdriver.ChromeOptions()</arg>
<doc>Evaluates the given expression in Python and returns the result.</doc>
<status status="PASS" start="2025-10-08T23:16:31.037103" elapsed="0.000271"/>
</kw>
<kw name="Call Method" owner="BuiltIn">
<arg>${options}</arg>
<arg>add_argument</arg>
<arg>--disable-notifications</arg>
<doc>Calls the named method of the given object with the provided arguments.</doc>
<status status="PASS" start="2025-10-08T23:16:31.037495" elapsed="0.000116"/>
</kw>
<kw name="Call Method" owner="BuiltIn">
<arg>${options}</arg>
<arg>add_argument</arg>
<arg>--disable-gcm-driver</arg>
<doc>Calls the named method of the given object with the provided arguments.</doc>
<status status="PASS" start="2025-10-08T23:16:31.037702" elapsed="0.000096"/>
</kw>
<kw name="Call Method" owner="BuiltIn">
<arg>${options}</arg>
<arg>add_argument</arg>
<arg>--no-sandbox</arg>
<doc>Calls the named method of the given object with the provided arguments.</doc>
<status status="PASS" start="2025-10-08T23:16:31.037890" elapsed="0.000098"/>
</kw>
<kw name="Call Method" owner="BuiltIn">
<arg>${options}</arg>
<arg>add_argument</arg>
<arg>--disable-dev-shm-usage</arg>
<doc>Calls the named method of the given object with the provided arguments.</doc>
<status status="PASS" start="2025-10-08T23:16:31.038069" elapsed="0.000092"/>
</kw>
<kw name="Open Browser" owner="SeleniumLibrary">
<msg time="2025-10-08T23:16:31.038512" level="INFO">Opening browser 'chrome' to base url 'http://localhost:5173'.</msg>
<arg>${BASE_URL}</arg>
<arg>chrome</arg>
<arg>options=${options}</arg>
<doc>Opens a new browser instance to the optional ``url``.</doc>
<status status="PASS" start="2025-10-08T23:16:31.038290" elapsed="2.135020"/>
</kw>
<kw name="Set Window Size" owner="SeleniumLibrary">
<arg>1400</arg>
<arg>900</arg>
<doc>Sets current windows size to given ``width`` and ``height``.</doc>
<status status="PASS" start="2025-10-08T23:16:33.173544" elapsed="0.038448"/>
</kw>
<kw name="Set Selenium Timeout" owner="SeleniumLibrary">
<arg>${TIMEOUT}</arg>
<doc>Sets the timeout that is used by various keywords.</doc>
<status status="PASS" start="2025-10-08T23:16:33.212204" elapsed="0.001249"/>
</kw>
<status status="PASS" start="2025-10-08T23:16:31.036426" elapsed="2.177159"/>
</kw>
<kw name="Initialize Test Logging" owner="common_keywords">
<kw name="Set Variable" owner="BuiltIn">
<msg time="2025-10-08T23:16:33.214110" level="INFO">${suite} = Order Tests.Orders</msg>
<var>${suite}</var>
<arg>${SUITE NAME}</arg>
<doc>Returns the given values which can then be assigned to a variables.</doc>
<status status="PASS" start="2025-10-08T23:16:33.213970" elapsed="0.000167"/>
</kw>
<kw name="Set Variable" owner="BuiltIn">
<msg time="2025-10-08T23:16:33.214334" level="INFO">${test} = TC001 - ขายสินค้า (ชำระด้วยเงินสด)</msg>
<var>${test}</var>
<arg>${TEST NAME}</arg>
<doc>Returns the given values which can then be assigned to a variables.</doc>
<status status="PASS" start="2025-10-08T23:16:33.214223" elapsed="0.000135"/>
</kw>
<kw name="Replace String" owner="String">
<msg time="2025-10-08T23:16:33.214599" level="INFO">${suite_sanit} = Order_Tests.Orders</msg>
<var>${suite_sanit}</var>
<arg>${suite}</arg>
<arg>${SPACE}</arg>
<arg>_</arg>
<doc>Replaces ``search_for`` in the given ``string`` with ``replace_with``.</doc>
<status status="PASS" start="2025-10-08T23:16:33.214439" elapsed="0.000183"/>
</kw>
<kw name="Replace String" owner="String">
<msg time="2025-10-08T23:16:33.214855" level="INFO">${test_sanit} = TC001_-_ขายสินค้า_(ชำระด้วยเงินสด)</msg>
<var>${test_sanit}</var>
<arg>${test}</arg>
<arg>${SPACE}</arg>
<arg>_</arg>
<doc>Replaces ``search_for`` in the given ``string`` with ``replace_with``.</doc>
<status status="PASS" start="2025-10-08T23:16:33.214707" elapsed="0.000172"/>
</kw>
<kw name="Set Variable" owner="BuiltIn">
<msg time="2025-10-08T23:16:33.215155" level="INFO">${dir} = screenshots\Order_Tests.Orders\TC001_-_ขายสินค้า_(ชำระด้วยเงินสด)</msg>
<var>${dir}</var>
<arg>${SCREEN_DIR}${/}${suite_sanit}${/}${test_sanit}</arg>
<doc>Returns the given values which can then be assigned to a variables.</doc>
<status status="PASS" start="2025-10-08T23:16:33.214964" elapsed="0.000215"/>
</kw>
<kw name="Create Directory If Not Exists" owner="common_keywords">
<kw name="Run Keyword And Ignore Error" owner="BuiltIn">
<kw name="Create Directory" owner="OperatingSystem">
<msg time="2025-10-08T23:16:33.216254" level="INFO" html="true">Created directory '&lt;a href="file://D:\2\POS_\screenshots\Order_Tests.Orders\TC001_-_ขายสินค้า_(ชำระด้วยเงินสด)"&gt;D:\2\POS_\screenshots\Order_Tests.Orders\TC001_-_ขายสินค้า_(ชำระด้วยเงินสด)&lt;/a&gt;'.</msg>
<arg>${directory}</arg>
<doc>Creates the specified directory.</doc>
<status status="PASS" start="2025-10-08T23:16:33.215611" elapsed="0.000747"/>
</kw>
<arg>Create Directory</arg>
<arg>${directory}</arg>
<doc>Runs the given keyword with the given arguments and ignores possible error.</doc>
<status status="PASS" start="2025-10-08T23:16:33.215489" elapsed="0.000940"/>
</kw>
<arg>${dir}</arg>
<status status="PASS" start="2025-10-08T23:16:33.215286" elapsed="0.001212"/>
</kw>
<kw name="Set Test Variable" owner="BuiltIn">
<msg time="2025-10-08T23:16:33.217603" level="INFO">${TEST_ARTIFACT_DIR} = screenshots\Order_Tests.Orders\TC001_-_ขายสินค้า_(ชำระด้วยเงินสด)</msg>
<arg>${TEST_ARTIFACT_DIR}</arg>
<arg>${dir}</arg>
<doc>Makes a variable available everywhere within the scope of the current test.</doc>
<status status="PASS" start="2025-10-08T23:16:33.216671" elapsed="0.000982"/>
</kw>
<kw name="Safe Log" owner="common_keywords">
<kw name="Log" owner="BuiltIn">
<msg time="2025-10-08T23:16:33.218175" level="INFO">Safe Log</msg>
<arg>Safe Log</arg>
<doc>Logs the given message with the given level.</doc>
<status status="PASS" start="2025-10-08T23:16:33.218091" elapsed="0.000125"/>
</kw>
<arg>Initialized artifacts at: ${dir}</arg>
<status status="PASS" start="2025-10-08T23:16:33.217813" elapsed="0.000460"/>
</kw>
<status status="PASS" start="2025-10-08T23:16:33.213753" elapsed="0.004566"/>
</kw>
<kw name="Login With Credentials" owner="common_keywords">
<kw name="Wait Until Element Is Visible" owner="SeleniumLibrary">
<arg>css=input[name='username']</arg>
<doc>Waits until the element ``locator`` is visible.</doc>
<status status="PASS" start="2025-10-08T23:16:33.218723" elapsed="0.020239"/>
</kw>
<kw name="Input Text" owner="SeleniumLibrary">
<msg time="2025-10-08T23:16:33.239395" level="INFO">Typing text '1' into text field 'css=input[name='username']'.</msg>
<arg>css=input[name='username']</arg>
<arg>${username}</arg>
<doc>Types the given ``text`` into the text field identified by ``locator``.</doc>
<status status="PASS" start="2025-10-08T23:16:33.239152" elapsed="0.106529"/>
</kw>
<kw name="Input Text" owner="SeleniumLibrary">
<msg time="2025-10-08T23:16:33.346114" level="INFO">Typing text '123' into text field 'css=input[name='password']'.</msg>
<arg>css=input[name='password']</arg>
<arg>${password}</arg>
<doc>Types the given ``text`` into the text field identified by ``locator``.</doc>
<status status="PASS" start="2025-10-08T23:16:33.345863" elapsed="0.082545"/>
</kw>
<kw name="Click Button" owner="SeleniumLibrary">
<msg time="2025-10-08T23:16:33.429204" level="INFO">Clicking button 'css=button[type='submit']'.</msg>
<arg>css=button[type='submit']</arg>
<doc>Clicks the button identified by ``locator``.</doc>
<status status="PASS" start="2025-10-08T23:16:33.428882" elapsed="0.082250"/>
</kw>
<kw name="Wait Table Idle" owner="common_keywords">
<kw name="Run Keyword And Ignore Error" owner="BuiltIn">
<kw name="Wait Until Element Is Not Visible" owner="SeleniumLibrary">
<arg>${SPINNERS}</arg>
<arg>5s</arg>
<doc>Waits until the element ``locator`` is not visible.</doc>
<status status="PASS" start="2025-10-08T23:16:33.511693" elapsed="0.009273"/>
</kw>
<arg>Wait Until Element Is Not Visible</arg>
<arg>${SPINNERS}</arg>
<arg>5s</arg>
<doc>Runs the given keyword with the given arguments and ignores possible error.</doc>
<status status="PASS" start="2025-10-08T23:16:33.511569" elapsed="0.009506"/>
</kw>
<kw name="Sleep" owner="BuiltIn">
<msg time="2025-10-08T23:16:33.821620" level="INFO">Slept 300 milliseconds.</msg>
<arg>0.3s</arg>
<doc>Pauses the test executed for the given time.</doc>
<status status="PASS" start="2025-10-08T23:16:33.521205" elapsed="0.300523"/>
</kw>
<status status="PASS" start="2025-10-08T23:16:33.511331" elapsed="0.310554"/>
</kw>
<arg>${VALID_USER}</arg>
<arg>${VALID_PASSWORD}</arg>
<status status="PASS" start="2025-10-08T23:16:33.218436" elapsed="0.603548"/>
</kw>
<status status="PASS" start="2025-10-08T23:16:31.036110" elapsed="2.786005"/>
</kw>
<kw name="Safe Log" owner="common_keywords">
<kw name="Log" owner="BuiltIn">
<msg time="2025-10-08T23:16:33.823109" level="INFO">Safe Log</msg>
<arg>Safe Log</arg>
<doc>Logs the given message with the given level.</doc>
<status status="PASS" start="2025-10-08T23:16:33.823007" elapsed="0.000150"/>
</kw>
<arg>เริ่มต้น Cash Flow</arg>
<status status="PASS" start="2025-10-08T23:16:33.822698" elapsed="0.000532"/>
</kw>
<kw name="Ensure On Order Sell Page" owner="order_sell_keywords">
<kw name="Run Keyword And Return Status" owner="BuiltIn">
<kw name="Wait Until Page Contains" owner="SeleniumLibrary">
<arg>ขายสินค้า</arg>
<arg>3s</arg>
<doc>Waits until ``text`` appears on the current page.</doc>
<status status="PASS" start="2025-10-08T23:16:33.824234" elapsed="0.439251"/>
</kw>
<msg time="2025-10-08T23:16:34.263624" level="INFO">${ok1} = True</msg>
<var>${ok1}</var>
<arg>Wait Until Page Contains</arg>
<arg>ขายสินค้า</arg>
<arg>3s</arg>
<doc>Runs the given keyword with given arguments and returns the status as a Boolean value.</doc>
<status status="PASS" start="2025-10-08T23:16:33.824040" elapsed="0.439609"/>
</kw>
<kw name="Run Keyword And Return Status" owner="BuiltIn">
<kw name="Wait Until Page Contains Element" owner="SeleniumLibrary">
<arg>xpath=//input[@type='search' or contains(@placeholder,'ค้นหา') or contains(@placeholder,'Search')]</arg>
<arg>3s</arg>
<doc>Waits until the element ``locator`` appears on the current page.</doc>
<status status="PASS" start="2025-10-08T23:16:34.263922" elapsed="0.429476"/>
</kw>
<msg time="2025-10-08T23:16:34.693540" level="INFO">${ok2} = True</msg>
<var>${ok2}</var>
<arg>Wait Until Page Contains Element</arg>
<arg>xpath=//input[@type='search' or contains(@placeholder,'ค้นหา') or contains(@placeholder,'Search')]</arg>
<arg>3s</arg>
<doc>Runs the given keyword with given arguments and returns the status as a Boolean value.</doc>
<status status="PASS" start="2025-10-08T23:16:34.263785" elapsed="0.429784"/>
</kw>
<if>
<branch type="IF" condition="not (${ok1} or ${ok2})">
<kw name="Go To Order Sell Page" owner="order_sell_keywords">
<status status="NOT RUN" start="2025-10-08T23:16:34.693928" elapsed="0.000030"/>
</kw>
<status status="NOT RUN" start="2025-10-08T23:16:34.693675" elapsed="0.000312"/>
</branch>
<status status="PASS" start="2025-10-08T23:16:34.693645" elapsed="0.000379"/>
</if>
<status status="PASS" start="2025-10-08T23:16:33.823683" elapsed="0.870385"/>
</kw>
<kw name="Ensure Cart Open" owner="order_sell_keywords">
<kw name="Safe Log" owner="common_keywords">
<kw name="Log" owner="BuiltIn">
<msg time="2025-10-08T23:16:34.695473" level="INFO">Safe Log</msg>
<arg>Safe Log</arg>
<doc>Logs the given message with the given level.</doc>
<status status="PASS" start="2025-10-08T23:16:34.695296" elapsed="0.000246"/>
</kw>
<arg>Opening cart...</arg>
<status status="PASS" start="2025-10-08T23:16:34.694974" elapsed="0.000643"/>
</kw>
<kw name="Open Cart Floating Button" owner="order_sell_keywords">
<kw name="Run Keyword And Return Status" owner="BuiltIn">
<kw name="Click Element" owner="SeleniumLibrary">
<msg time="2025-10-08T23:16:34.696580" level="INFO">Clicking element 'css=button#open-cart-btn'.</msg>
<arg>${BTN_OPEN_CART_ID}</arg>
<doc>Click the element identified by ``locator``.</doc>
<status status="PASS" start="2025-10-08T23:16:34.696371" elapsed="0.104859"/>
</kw>
<msg time="2025-10-08T23:16:34.801415" level="INFO">${clicked} = True</msg>
<var>${clicked}</var>
<arg>Click Element</arg>
<arg>${BTN_OPEN_CART_ID}</arg>
<doc>Runs the given keyword with given arguments and returns the status as a Boolean value.</doc>
<status status="PASS" start="2025-10-08T23:16:34.696193" elapsed="0.105251"/>
</kw>
<if>
<branch type="IF" condition="not ${clicked}">
<kw name="Run Keyword And Return Status" owner="BuiltIn">
<var>${clicked}</var>
<arg>Click Element</arg>
<arg>${OPEN_CART_DATA_TIP}</arg>
<doc>Runs the given keyword with given arguments and returns the status as a Boolean value.</doc>
<status status="NOT RUN" start="2025-10-08T23:16:34.802303" elapsed="0.000036"/>
</kw>
<status status="NOT RUN" start="2025-10-08T23:16:34.801650" elapsed="0.000748"/>
</branch>
<status status="PASS" start="2025-10-08T23:16:34.801589" elapsed="0.000852"/>
</if>
<if>
<branch type="IF" condition="not ${clicked}">
<kw name="Run Keyword And Return Status" owner="BuiltIn">
<var>${clicked}</var>
<arg>Click Element</arg>
<arg>${BTN_OPEN_CART_ICON}</arg>
<doc>Runs the given keyword with given arguments and returns the status as a Boolean value.</doc>
<status status="NOT RUN" start="2025-10-08T23:16:34.802699" elapsed="0.000025"/>
</kw>
<status status="NOT RUN" start="2025-10-08T23:16:34.802507" elapsed="0.000255"/>
</branch>
<status status="PASS" start="2025-10-08T23:16:34.802491" elapsed="0.000301"/>
</if>
<if>
<branch type="IF" condition="not ${clicked}">
<kw name="Execute Javascript" owner="SeleniumLibrary">
<arg>var b=document.getElementById('open-cart-btn');if(b){b.click();return true;}return false;</arg>
<doc>Executes the given JavaScript code with possible arguments.</doc>
<status status="NOT RUN" start="2025-10-08T23:16:34.803003" elapsed="0.000026"/>
</kw>
<status status="NOT RUN" start="2025-10-08T23:16:34.802837" elapsed="0.000226"/>
</branch>
<status status="PASS" start="2025-10-08T23:16:34.802824" elapsed="0.000283"/>
</if>
<kw name="Run Keyword And Ignore Error" owner="BuiltIn">
<kw name="Wait Until Page Contains Element" owner="SeleniumLibrary">
<msg time="2025-10-08T23:16:38.076323" level="INFO" html="true">&lt;/td&gt;&lt;/tr&gt;&lt;tr&gt;&lt;td colspan="3"&gt;&lt;a href="selenium-screenshot-5.png"&gt;&lt;img src="selenium-screenshot-5.png" width="800px"&gt;&lt;/a&gt;</msg>
<msg time="2025-10-08T23:16:38.076516" level="FAIL">Element 'xpath=//*[contains(@class,'cart') or contains(@class,'drawer') or contains(@class,'offcanvas') or @role='dialog']' did not appear in 3 seconds.</msg>
<arg>${CART_DRAWER_HINT}</arg>
<arg>3s</arg>
<doc>Waits until the element ``locator`` appears on the current page.</doc>
<status status="FAIL" start="2025-10-08T23:16:34.803312" elapsed="3.277518">Element 'xpath=//*[contains(@class,'cart') or contains(@class,'drawer') or contains(@class,'offcanvas') or @role='dialog']' did not appear in 3 seconds.</status>
</kw>
<arg>Wait Until Page Contains Element</arg>
<arg>${CART_DRAWER_HINT}</arg>
<arg>3s</arg>
<doc>Runs the given keyword with the given arguments and ignores possible error.</doc>
<status status="PASS" start="2025-10-08T23:16:34.803178" elapsed="3.278294"/>
</kw>
<status status="PASS" start="2025-10-08T23:16:34.695884" elapsed="3.385717"/>
</kw>
<kw name="Run Keyword And Return Status" owner="BuiltIn">
<kw name="Wait Until Page Contains Element" owner="SeleniumLibrary">
<arg>${CART_HEADING}</arg>
<arg>4s</arg>
<doc>Waits until the element ``locator`` appears on the current page.</doc>
<status status="PASS" start="2025-10-08T23:16:38.082303" elapsed="0.011005"/>
</kw>
<msg time="2025-10-08T23:16:38.093445" level="INFO">${opened} = True</msg>
<var>${opened}</var>
<arg>Wait Until Page Contains Element</arg>
<arg>${CART_HEADING}</arg>
<arg>4s</arg>
<doc>Runs the given keyword with given arguments and returns the status as a Boolean value.</doc>
<status status="PASS" start="2025-10-08T23:16:38.081868" elapsed="0.011603"/>
</kw>
<kw name="Safe Log" owner="common_keywords">
<kw name="Log" owner="BuiltIn">
<msg time="2025-10-08T23:16:38.093969" level="INFO">Safe Log</msg>
<arg>Safe Log</arg>
<doc>Logs the given message with the given level.</doc>
<status status="PASS" start="2025-10-08T23:16:38.093888" elapsed="0.000120"/>
</kw>
<arg>Cart opened: ${opened}</arg>
<status status="PASS" start="2025-10-08T23:16:38.093626" elapsed="0.000437"/>
</kw>
<if>
<branch type="IF" condition="not ${opened}">
<kw name="Safe Log" owner="common_keywords">
<arg>Retrying to open cart...</arg>
<status status="NOT RUN" start="2025-10-08T23:16:38.094296" elapsed="0.000026"/>
</kw>
<kw name="Open Cart Floating Button" owner="order_sell_keywords">
<status status="NOT RUN" start="2025-10-08T23:16:38.094486" elapsed="0.000025"/>
</kw>
<kw name="Wait Until Page Contains Element" owner="SeleniumLibrary">
<arg>${CART_HEADING}</arg>
<arg>${TIMEOUT}</arg>
<doc>Waits until the element ``locator`` appears on the current page.</doc>
<status status="NOT RUN" start="2025-10-08T23:16:38.094593" elapsed="0.000022"/>
</kw>
<status status="NOT RUN" start="2025-10-08T23:16:38.094132" elapsed="0.000519"/>
</branch>
<status status="PASS" start="2025-10-08T23:16:38.094113" elapsed="0.000571"/>
</if>
<kw name="Safe Log" owner="common_keywords">
<kw name="Log" owner="BuiltIn">
<msg time="2025-10-08T23:16:38.095046" level="INFO">Safe Log</msg>
<arg>Safe Log</arg>
<doc>Logs the given message with the given level.</doc>
<status status="PASS" start="2025-10-08T23:16:38.094972" elapsed="0.000110"/>
</kw>
<arg>Cart is now open</arg>
<status status="PASS" start="2025-10-08T23:16:38.094779" elapsed="0.000353"/>
</kw>
<status status="PASS" start="2025-10-08T23:16:34.694384" elapsed="3.400795"/>
</kw>
<kw name="Wait Table Idle" owner="common_keywords">
<kw name="Run Keyword And Ignore Error" owner="BuiltIn">
<kw name="Wait Until Element Is Not Visible" owner="SeleniumLibrary">
<arg>${SPINNERS}</arg>
<arg>5s</arg>
<doc>Waits until the element ``locator`` is not visible.</doc>
<status status="PASS" start="2025-10-08T23:16:38.096050" elapsed="0.006619"/>
</kw>
<arg>Wait Until Element Is Not Visible</arg>
<arg>${SPINNERS}</arg>
<arg>5s</arg>
<doc>Runs the given keyword with the given arguments and ignores possible error.</doc>
<status status="PASS" start="2025-10-08T23:16:38.095884" elapsed="0.006997"/>
</kw>
<kw name="Sleep" owner="BuiltIn">
<msg time="2025-10-08T23:16:38.403481" level="INFO">Slept 300 milliseconds.</msg>
<arg>0.3s</arg>
<doc>Pauses the test executed for the given time.</doc>
<status status="PASS" start="2025-10-08T23:16:38.103060" elapsed="0.300532"/>
</kw>
<status status="PASS" start="2025-10-08T23:16:38.095512" elapsed="0.308179"/>
</kw>
<kw name="Add Product To Cart By Name" owner="order_sell_keywords">
<kw name="Safe Log" owner="common_keywords">
<kw name="Log" owner="BuiltIn">
<msg time="2025-10-08T23:16:38.405516" level="INFO">Safe Log</msg>
<arg>Safe Log</arg>
<doc>Logs the given message with the given level.</doc>
<status status="PASS" start="2025-10-08T23:16:38.405368" elapsed="0.000204"/>
</kw>
<arg>[DEBUG] กำลังหาสินค้า: ${name}</arg>
<status status="PASS" start="2025-10-08T23:16:38.404879" elapsed="0.000793"/>
</kw>
<kw name="Set Variable" owner="BuiltIn">
<msg time="2025-10-08T23:16:38.405952" level="INFO">${selector1} = xpath=//h2[contains(@class,'font-semibold') and (normalize-space(.)='ขนมปังฟาร์มเฮ้าส์โฮลวีท 65 กรัม' or @title='ขนมปังฟาร์มเฮ้าส์โฮลวีท 65 กรัม')]/ancestor::div[contains(@class,'cursor-pointer')]</msg>
<var>${selector1}</var>
<arg>xpath=//h2[contains(@class,'font-semibold') and (normalize-space(.)='${name}' or @title='${name}')]/ancestor::div[contains(@class,'cursor-pointer')]</arg>
<doc>Returns the given values which can then be assigned to a variables.</doc>
<status status="PASS" start="2025-10-08T23:16:38.405773" elapsed="0.000208"/>
</kw>
<kw name="Set Variable" owner="BuiltIn">
<msg time="2025-10-08T23:16:38.406190" level="INFO">${selector2} = xpath=//img[@alt='ขนมปังฟาร์มเฮ้าส์โฮลวีท 65 กรัม']/ancestor::div[contains(@class,'cursor-pointer')]</msg>
<var>${selector2}</var>
<arg>xpath=//img[@alt='${name}']/ancestor::div[contains(@class,'cursor-pointer')]</arg>
<doc>Returns the given values which can then be assigned to a variables.</doc>
<status status="PASS" start="2025-10-08T23:16:38.406065" elapsed="0.000149"/>
</kw>
<kw name="Set Variable" owner="BuiltIn">
<msg time="2025-10-08T23:16:38.406435" level="INFO">${selector3} = xpath=//h2[contains(@class,'font-semibold') and contains(normalize-space(.), 'ขนมปังฟาร์มเฮ้าส์โฮลวีท 65 กรัม')]/ancestor::div[contains(@class,'cursor-pointer')]</msg>
<var>${selector3}</var>
<arg>xpath=//h2[contains(@class,'font-semibold') and contains(normalize-space(.), '${name}')]/ancestor::div[contains(@class,'cursor-pointer')]</arg>
<doc>Returns the given values which can then be assigned to a variables.</doc>
<status status="PASS" start="2025-10-08T23:16:38.406295" elapsed="0.000175"/>
</kw>
<kw name="Set Variable" owner="BuiltIn">
<msg time="2025-10-08T23:16:38.406728" level="INFO">${selector4} = xpath=//img[contains(@alt,'ขนมปังฟาร์มเฮ้าส์โฮลวีท 65 กรัม')]/ancestor::div[contains(@class,'cursor-pointer')]</msg>
<var>${selector4}</var>
<arg>xpath=//img[contains(@alt,'${name}')]/ancestor::div[contains(@class,'cursor-pointer')]</arg>
<doc>Returns the given values which can then be assigned to a variables.</doc>
<status status="PASS" start="2025-10-08T23:16:38.406586" elapsed="0.000167"/>
</kw>
<kw name="Execute Javascript" owner="SeleniumLibrary">
<msg time="2025-10-08T23:16:38.407282" level="INFO">Executing JavaScript:
window.scrollTo(0, 0)
Without any arguments.</msg>
<arg>window.scrollTo(0, 0)</arg>
<doc>Executes the given JavaScript code with possible arguments.</doc>
<status status="PASS" start="2025-10-08T23:16:38.406859" elapsed="0.006663"/>
</kw>
<kw name="Set Variable" owner="BuiltIn">
<msg time="2025-10-08T23:16:38.414344" level="INFO">${target} = </msg>
<var>${target}</var>
<arg>${EMPTY}</arg>
<doc>Returns the given values which can then be assigned to a variables.</doc>
<status status="PASS" start="2025-10-08T23:16:38.413723" elapsed="0.000654"/>
</kw>
<kw name="Run Keyword And Return Status" owner="BuiltIn">
<kw name="Page Should Contain Element" owner="SeleniumLibrary">
<msg time="2025-10-08T23:16:38.427210" level="INFO">Current page contains element 'xpath=//h2[contains(@class,'font-semibold') and (normalize-space(.)='ขนมปังฟาร์มเฮ้าส์โฮลวีท 65 กรัม' or @title='ขนมปังฟาร์มเฮ้าส์โฮลวีท 65 กรัม')]/ancestor::div[contains(@class,'cursor-pointer')]'.</msg>
<arg>${selector1}</arg>
<doc>Verifies that element ``locator`` is found on the current page.</doc>
<status status="PASS" start="2025-10-08T23:16:38.414677" elapsed="0.012636"/>
</kw>
<msg time="2025-10-08T23:16:38.427508" level="INFO">${found} = True</msg>
<var>${found}</var>
<arg>Page Should Contain Element</arg>
<arg>${selector1}</arg>
<doc>Runs the given keyword with given arguments and returns the status as a Boolean value.</doc>
<status status="PASS" start="2025-10-08T23:16:38.414522" elapsed="0.013019"/>
</kw>
<if>
<branch type="IF" condition="${found}">
<kw name="Set Variable" owner="BuiltIn">
<msg time="2025-10-08T23:16:38.428049" level="INFO">${target} = xpath=//h2[contains(@class,'font-semibold') and (normalize-space(.)='ขนมปังฟาร์มเฮ้าส์โฮลวีท 65 กรัม' or @title='ขนมปังฟาร์มเฮ้าส์โฮลวีท 65 กรัม')]/ancestor::div[contains(@class,'cursor-pointer')]</msg>
<var>${target}</var>
<arg>${selector1}</arg>
<doc>Returns the given values which can then be assigned to a variables.</doc>
<status status="PASS" start="2025-10-08T23:16:38.427886" elapsed="0.000204"/>
</kw>
<kw name="Safe Log" owner="common_keywords">
<kw name="Log" owner="BuiltIn">
<msg time="2025-10-08T23:16:38.428981" level="INFO">Safe Log</msg>
<arg>Safe Log</arg>
<doc>Logs the given message with the given level.</doc>
<status status="PASS" start="2025-10-08T23:16:38.428718" elapsed="0.000365"/>
</kw>
<arg>[DEBUG] เจอสินค้าด้วย selector1</arg>
<status status="PASS" start="2025-10-08T23:16:38.428274" elapsed="0.000918"/>
</kw>
<status status="PASS" start="2025-10-08T23:16:38.427680" elapsed="0.001573"/>
</branch>
<branch type="ELSE">
<kw name="Run Keyword And Return Status" owner="BuiltIn">
<var>${found}</var>
<arg>Page Should Contain Element</arg>
<arg>${selector2}</arg>
<doc>Runs the given keyword with given arguments and returns the status as a Boolean value.</doc>
<status status="NOT RUN" start="2025-10-08T23:16:38.429582" elapsed="0.000126"/>
</kw>
<if>
<branch type="IF" condition="${found}">
<kw name="Set Variable" owner="BuiltIn">
<var>${target}</var>
<arg>${selector2}</arg>
<doc>Returns the given values which can then be assigned to a variables.</doc>
<status status="NOT RUN" start="2025-10-08T23:16:38.430087" elapsed="0.000034"/>
</kw>
<kw name="Safe Log" owner="common_keywords">
<arg>[DEBUG] เจอสินค้าด้วย selector2</arg>
<status status="NOT RUN" start="2025-10-08T23:16:38.430349" elapsed="0.000052"/>
</kw>
<status status="NOT RUN" start="2025-10-08T23:16:38.429902" elapsed="0.000575"/>
</branch>
<branch type="ELSE">
<kw name="Run Keyword And Return Status" owner="BuiltIn">
<var>${found}</var>
<arg>Page Should Contain Element</arg>
<arg>${selector3}</arg>
<doc>Runs the given keyword with given arguments and returns the status as a Boolean value.</doc>
<status status="NOT RUN" start="2025-10-08T23:16:38.430743" elapsed="0.000035"/>
</kw>
<if>
<branch type="IF" condition="${found}">
<kw name="Set Variable" owner="BuiltIn">
<var>${target}</var>
<arg>${selector3}</arg>
<doc>Returns the given values which can then be assigned to a variables.</doc>
<status status="NOT RUN" start="2025-10-08T23:16:38.431117" elapsed="0.000049"/>
</kw>
<kw name="Safe Log" owner="common_keywords">
<arg>[DEBUG] เจอสินค้าด้วย selector3</arg>
<status status="NOT RUN" start="2025-10-08T23:16:38.431350" elapsed="0.000032"/>
</kw>
<status status="NOT RUN" start="2025-10-08T23:16:38.430918" elapsed="0.000503"/>
</branch>
<branch type="ELSE">
<kw name="Run Keyword And Return Status" owner="BuiltIn">
<var>${found}</var>
<arg>Page Should Contain Element</arg>
<arg>${selector4}</arg>
<doc>Runs the given keyword with given arguments and returns the status as a Boolean value.</doc>
<status status="NOT RUN" start="2025-10-08T23:16:38.431547" elapsed="0.000023"/>
</kw>
<if>
<branch type="IF" condition="${found}">
<kw name="Set Variable" owner="BuiltIn">
<var>${target}</var>
<arg>${selector4}</arg>
<doc>Returns the given values which can then be assigned to a variables.</doc>
<status status="NOT RUN" start="2025-10-08T23:16:38.431750" elapsed="0.000022"/>
</kw>
<kw name="Safe Log" owner="common_keywords">
<arg>[DEBUG] เจอสินค้าด้วย selector4</arg>
<status status="NOT RUN" start="2025-10-08T23:16:38.431872" elapsed="0.000026"/>
</kw>
<status status="NOT RUN" start="2025-10-08T23:16:38.431669" elapsed="0.000261"/>
</branch>
<status status="NOT RUN" start="2025-10-08T23:16:38.431646" elapsed="0.000328"/>
</if>
<status status="NOT RUN" start="2025-10-08T23:16:38.431458" elapsed="0.000556"/>
</branch>
<status status="NOT RUN" start="2025-10-08T23:16:38.430875" elapsed="0.001180"/>
</if>
<status status="NOT RUN" start="2025-10-08T23:16:38.430539" elapsed="0.001544"/>
</branch>
<status status="NOT RUN" start="2025-10-08T23:16:38.429865" elapsed="0.002246"/>
</if>
<status status="NOT RUN" start="2025-10-08T23:16:38.429321" elapsed="0.002807"/>
</branch>
<status status="PASS" start="2025-10-08T23:16:38.427642" elapsed="0.004516"/>
</if>
<if>
<branch type="IF" condition="$target == &quot;&quot;">
<kw name="Safe Log" owner="common_keywords">
<arg>[DEBUG] ไม่เจอสินค้า กำลังเลื่อนหน้าจอ</arg>
<status status="NOT RUN" start="2025-10-08T23:16:38.432478" elapsed="0.000028"/>
</kw>
<for flavor="IN RANGE">
<iter>
<kw name="Execute Javascript" owner="SeleniumLibrary">
<arg>window.scrollBy(0, document.body.clientHeight/2)</arg>
<doc>Executes the given JavaScript code with possible arguments.</doc>
<status status="NOT RUN" start="2025-10-08T23:16:38.432818" elapsed="0.000027"/>
</kw>
<kw name="Sleep" owner="BuiltIn">
<arg>0.3s</arg>
<doc>Pauses the test executed for the given time.</doc>
<status status="NOT RUN" start="2025-10-08T23:16:38.432923" elapsed="0.000022"/>
</kw>
<kw name="Run Keyword And Return Status" owner="BuiltIn">
<var>${found}</var>
<arg>Page Should Contain Element</arg>
<arg>${selector1}</arg>
<doc>Runs the given keyword with given arguments and returns the status as a Boolean value.</doc>
<status status="NOT RUN" start="2025-10-08T23:16:38.433047" elapsed="0.000023"/>
</kw>
<if>
<branch type="IF" condition="${found}">
<kw name="Set Variable" owner="BuiltIn">
<var>${target}</var>
<arg>${selector1}</arg>
<doc>Returns the given values which can then be assigned to a variables.</doc>
<status status="NOT RUN" start="2025-10-08T23:16:38.433221" elapsed="0.000021"/>
</kw>
<kw name="Safe Log" owner="common_keywords">
<arg>[DEBUG] เจอสินค้าหลังเลื่อนด้วย selector1</arg>
<status status="NOT RUN" start="2025-10-08T23:16:38.433353" elapsed="0.000027"/>
</kw>
<kw name="Exit For Loop" owner="BuiltIn">
<doc>Stops executing the enclosing FOR loop.</doc>
<status status="NOT RUN" start="2025-10-08T23:16:38.433457" elapsed="0.000023"/>
</kw>
<status status="NOT RUN" start="2025-10-08T23:16:38.433145" elapsed="0.000364"/>
</branch>
<status status="NOT RUN" start="2025-10-08T23:16:38.433128" elapsed="0.000413"/>
</if>
<var name="${i}"/>
<status status="NOT RUN" start="2025-10-08T23:16:38.432710" elapsed="0.000852"/>
</iter>
<var>${i}</var>
<value>0</value>
<value>3</value>
<status status="NOT RUN" start="2025-10-08T23:16:38.432572" elapsed="0.001030"/>
</for>
<status status="NOT RUN" start="2025-10-08T23:16:38.432244" elapsed="0.001410"/>
</branch>
<status status="PASS" start="2025-10-08T23:16:38.432226" elapsed="0.001456"/>
</if>
<kw name="Run Keyword If" owner="BuiltIn">
<arg>$target == ""</arg>
<arg>Fail</arg>
<arg>ไม่พบสินค้า: ${name}</arg>
<doc>Runs the given keyword with the given arguments, if ``condition`` is true.</doc>
<status status="PASS" start="2025-10-08T23:16:38.433756" elapsed="0.000201"/>
</kw>
<kw name="Safe Log" owner="common_keywords">
<kw name="Log" owner="BuiltIn">
<msg time="2025-10-08T23:16:38.434805" level="INFO">Safe Log</msg>
<arg>Safe Log</arg>
<doc>Logs the given message with the given level.</doc>
<status status="PASS" start="2025-10-08T23:16:38.434576" elapsed="0.000457"/>
</kw>
<arg>[DEBUG] คลิกสินค้า: ${target}</arg>
<status status="PASS" start="2025-10-08T23:16:38.434105" elapsed="0.001028"/>
</kw>
<kw name="Wait Until Element Is Visible" owner="SeleniumLibrary">
<arg>${target}</arg>
<arg>${TIMEOUT}</arg>
<doc>Waits until the element ``locator`` is visible.</doc>
<status status="PASS" start="2025-10-08T23:16:38.435267" elapsed="0.014556"/>
</kw>
<kw name="Scroll Element Into View" owner="SeleniumLibrary">
<arg>${target}</arg>
<doc>Scrolls the element identified by ``locator`` into view.</doc>
<status status="PASS" start="2025-10-08T23:16:38.449990" elapsed="0.276960"/>
</kw>
<kw name="Sleep" owner="BuiltIn">
<msg time="2025-10-08T23:16:38.927588" level="INFO">Slept 200 milliseconds.</msg>
<arg>0.2s</arg>
<doc>Pauses the test executed for the given time.</doc>
<status status="PASS" start="2025-10-08T23:16:38.727165" elapsed="0.200578"/>
</kw>
<kw name="Run Keyword And Return Status" owner="BuiltIn">
<kw name="Click Element" owner="SeleniumLibrary">
<msg time="2025-10-08T23:16:38.928761" level="INFO">Clicking element 'xpath=//h2[contains(@class,'font-semibold') and (normalize-space(.)='ขนมปังฟาร์มเฮ้าส์โฮลวีท 65 กรัม' or @title='ขนมปังฟาร์มเฮ้าส์โฮลวีท 65 กรัม')]/ancestor::div[contains(@class,'cursor-pointer')]'.</msg>
<arg>${target}</arg>
<doc>Click the element identified by ``locator``.</doc>
<status status="PASS" start="2025-10-08T23:16:38.928319" elapsed="0.065525"/>
</kw>
<msg time="2025-10-08T23:16:38.993985" level="INFO">${clicked} = True</msg>
<var>${clicked}</var>
<arg>Click Element</arg>
<arg>${target}</arg>
<doc>Runs the given keyword with given arguments and returns the status as a Boolean value.</doc>
<status status="PASS" start="2025-10-08T23:16:38.928006" elapsed="0.066006"/>
</kw>
<kw name="Safe Log" owner="common_keywords">
<kw name="Log" owner="BuiltIn">
<msg time="2025-10-08T23:16:38.994582" level="INFO">Safe Log</msg>
<arg>Safe Log</arg>
<doc>Logs the given message with the given level.</doc>
<status status="PASS" start="2025-10-08T23:16:38.994481" elapsed="0.000144"/>
</kw>
<arg>[DEBUG] ผลการคลิก: ${clicked}</arg>
<status status="PASS" start="2025-10-08T23:16:38.994177" elapsed="0.000518"/>
</kw>
<if>
<branch type="IF" condition="not ${clicked}">
<kw name="Get WebElement" owner="SeleniumLibrary">
<var>${el}</var>
<arg>${target}</arg>
<doc>Returns the first WebElement matching the given ``locator``.</doc>
<status status="NOT RUN" start="2025-10-08T23:16:38.994969" elapsed="0.000026"/>
</kw>
<kw name="Execute Javascript" owner="SeleniumLibrary">
<arg>arguments[0].click();</arg>
<arg>${el}</arg>
<doc>Executes the given JavaScript code with possible arguments.</doc>
<status status="NOT RUN" start="2025-10-08T23:16:38.995089" elapsed="0.000029"/>
</kw>
<status status="NOT RUN" start="2025-10-08T23:16:38.994778" elapsed="0.000379"/>
</branch>
<status status="PASS" start="2025-10-08T23:16:38.994757" elapsed="0.000437"/>
</if>
<kw name="Get WebElement" owner="SeleniumLibrary">
<msg time="2025-10-08T23:16:39.003907" level="INFO">${el} = &lt;selenium.webdriver.remote.webelement.WebElement (session="145ed9f5a450e22b5b40315fce4e047d", element="f.65A55570FBE79AB8C0EF4EB665A820D0.d.F268FE8BF79D8F68CABD643888FF5D23.e.39")&gt;</msg>
<var>${el}</var>
<arg>${target}</arg>
<doc>Returns the first WebElement matching the given ``locator``.</doc>
<status status="PASS" start="2025-10-08T23:16:38.995286" elapsed="0.008679"/>
</kw>
<kw name="Execute Javascript" owner="SeleniumLibrary">
<msg time="2025-10-08T23:16:39.103953" level="INFO" html="true">&lt;/td&gt;&lt;/tr&gt;&lt;tr&gt;&lt;td colspan="3"&gt;&lt;a href="selenium-screenshot-6.png"&gt;&lt;img src="selenium-screenshot-6.png" width="800px"&gt;&lt;/a&gt;</msg>
<msg time="2025-10-08T23:16:39.104115" level="FAIL">TypeError: sequence item 1: expected str instance, WebElement found</msg>
<var>${js_clicked}</var>
<arg>var root=arguments[0];var p=root.querySelector('path[d^="M528.12"]');if(p){var b=p.closest('button');if(b){b.click();return true;}}return false;</arg>
<arg>${el}</arg>
<doc>Executes the given JavaScript code with possible arguments.</doc>
<status status="FAIL" start="2025-10-08T23:16:39.004175" elapsed="0.118215">TypeError: sequence item 1: expected str instance, WebElement found</status>
</kw>
<kw name="Safe Log" owner="common_keywords">
<arg>[DEBUG] ผลการคลิก cart icon: ${js_clicked}</arg>
<status status="NOT RUN" start="2025-10-08T23:16:39.122663" elapsed="0.000048"/>
</kw>
<if>
<branch type="IF" condition="not ${js_clicked}">
<kw name="Execute Javascript" owner="SeleniumLibrary">
<arg>var root=arguments[0];var btns=root.querySelectorAll('button');if(btns&amp;&amp;btns.length){btns[btns.length-1].click();}</arg>
<arg>${el}</arg>
<doc>Executes the given JavaScript code with possible arguments.</doc>
<status status="NOT RUN" start="2025-10-08T23:16:39.122964" elapsed="0.000038"/>
</kw>
<status status="NOT RUN" start="2025-10-08T23:16:39.122818" elapsed="0.000243"/>
</branch>
<status status="NOT RUN" start="2025-10-08T23:16:39.122790" elapsed="0.000342"/>
</if>
<kw name="Run Keyword And Return Status" owner="BuiltIn">
<var>${icon_visible}</var>
<arg>Wait Until Page Contains Element</arg>
<arg>${BTN_CART_ICON}</arg>
<arg>1s</arg>
<doc>Runs the given keyword with given arguments and returns the status as a Boolean value.</doc>
<status status="NOT RUN" start="2025-10-08T23:16:39.123265" elapsed="0.000038"/>
</kw>
<if>
<branch type="IF" condition="${icon_visible}">
<kw name="Click Element" owner="SeleniumLibrary">
<arg>${BTN_CART_ICON}</arg>
<doc>Click the element identified by ``locator``.</doc>
<status status="NOT RUN" start="2025-10-08T23:16:39.123559" elapsed="0.000042"/>
</kw>
<status status="NOT RUN" start="2025-10-08T23:16:39.123418" elapsed="0.000238"/>
</branch>
<status status="NOT RUN" start="2025-10-08T23:16:39.123392" elapsed="0.000315"/>
</if>
<kw name="Safe Log" owner="common_keywords">
<arg>[DEBUG] เสร็จสิ้นการเพิ่มสินค้าในตะกร้า</arg>
<status status="NOT RUN" start="2025-10-08T23:16:39.123900" elapsed="0.000058"/>
</kw>
<arg>${PRODUCT_NAME}</arg>
<status status="FAIL" start="2025-10-08T23:16:38.404468" elapsed="0.719690">TypeError: sequence item 1: expected str instance, WebElement found</status>
</kw>
<kw name="Wait Table Idle" owner="common_keywords">
<status status="NOT RUN" start="2025-10-08T23:16:39.124831" elapsed="0.000124"/>
</kw>
<kw name="Proceed To Checkout" owner="order_sell_keywords">
<status status="NOT RUN" start="2025-10-08T23:16:39.125257" elapsed="0.000033"/>
</kw>
<kw name="Wait Table Idle" owner="common_keywords">
<status status="NOT RUN" start="2025-10-08T23:16:39.125542" elapsed="0.000037"/>
</kw>
<kw name="Wait And Click" owner="common_keywords">
<arg>${ORDER_BTN_PAYMENT_CASH}</arg>
<status status="NOT RUN" start="2025-10-08T23:16:39.126088" elapsed="0.000063"/>
</kw>
<kw name="Click Numeric Key" owner="order_sell_keywords">
<arg>1</arg>
<status status="NOT RUN" start="2025-10-08T23:16:39.126392" elapsed="0.000030"/>
</kw>
<kw name="Click Numeric Key" owner="order_sell_keywords">
<arg>0</arg>
<status status="NOT RUN" start="2025-10-08T23:16:39.126632" elapsed="0.000038"/>
</kw>
<kw name="Click Numeric Key" owner="order_sell_keywords">
<arg>0</arg>
<status status="NOT RUN" start="2025-10-08T23:16:39.126834" elapsed="0.000035"/>
</kw>
<kw name="Confirm Payment And Expect Success" owner="order_sell_keywords">
<status status="NOT RUN" start="2025-10-08T23:16:39.127236" elapsed="0.000069"/>
</kw>
<kw name="Safe Log" owner="common_keywords">
<arg>ชำระเงินสดสำเร็จ</arg>
<status status="NOT RUN" start="2025-10-08T23:16:39.127791" elapsed="0.000093"/>
</kw>
<kw name="Test Teardown Sequence" owner="common_keywords" type="TEARDOWN">
<kw name="End Test Logging" owner="common_keywords">
<kw name="Generate Random Number" owner="common_keywords">
<kw name="Evaluate" owner="BuiltIn">
<msg time="2025-10-08T23:16:39.135964" level="INFO">${random} = 7661</msg>
<var>${random}</var>
<arg>random.randint(${min}, ${max})</arg>
<arg>random</arg>
<doc>Evaluates the given expression in Python and returns the result.</doc>
<status status="PASS" start="2025-10-08T23:16:39.135405" elapsed="0.000623"/>
</kw>
<return>
<value>${random}</value>
<status status="PASS" start="2025-10-08T23:16:39.136166" elapsed="0.000118"/>
</return>
<msg time="2025-10-08T23:16:39.136494" level="INFO">${rand} = 7661</msg>
<var>${rand}</var>
<arg>1000</arg>
<arg>9999</arg>
<status status="PASS" start="2025-10-08T23:16:39.134672" elapsed="0.001849"/>
</kw>
<kw name="Run Keyword And Ignore Error" owner="BuiltIn">
<kw name="Capture Page Screenshot" owner="SeleniumLibrary">
<msg time="2025-10-08T23:16:39.220616" level="INFO" html="true">&lt;/td&gt;&lt;/tr&gt;&lt;tr&gt;&lt;td colspan="3"&gt;&lt;a href="screenshots/Order_Tests.Orders/TC001_-_%E0%B8%82%E0%B8%B2%E0%B8%A2%E0%B8%AA%E0%B8%B4%E0%B8%99%E0%B8%84%E0%B9%89%E0%B8%B2_%28%E0%B8%8A%E0%B8%B3%E0%B8%A3%E0%B8%B0%E0%B8%94%E0%B9%89%E0%B8%A7%E0%B8%A2%E0%B9%80%E0%B8%87%E0%B8%B4%E0%B8%99%E0%B8%AA%E0%B8%94%29/final_7661.png"&gt;&lt;img src="screenshots/Order_Tests.Orders/TC001_-_%E0%B8%82%E0%B8%B2%E0%B8%A2%E0%B8%AA%E0%B8%B4%E0%B8%99%E0%B8%84%E0%B9%89%E0%B8%B2_%28%E0%B8%8A%E0%B8%B3%E0%B8%A3%E0%B8%B0%E0%B8%94%E0%B9%89%E0%B8%A7%E0%B8%A2%E0%B9%80%E0%B8%87%E0%B8%B4%E0%B8%99%E0%B8%AA%E0%B8%94%29/final_7661.png" width="800px"&gt;&lt;/a&gt;</msg>
<arg>${TEST_ARTIFACT_DIR}${/}final_${rand}.png</arg>
<doc>Takes a screenshot of the current page and embeds it into a log file.</doc>
<status status="PASS" start="2025-10-08T23:16:39.136892" elapsed="0.083847"/>
</kw>
<arg>Capture Page Screenshot</arg>
<arg>${TEST_ARTIFACT_DIR}${/}final_${rand}.png</arg>
<doc>Runs the given keyword with the given arguments and ignores possible error.</doc>
<status status="PASS" start="2025-10-08T23:16:39.136718" elapsed="0.084117"/>
</kw>
<kw name="Safe Log" owner="common_keywords">
<kw name="Log" owner="BuiltIn">
<msg time="2025-10-08T23:16:39.221415" level="INFO">Safe Log</msg>
<arg>Safe Log</arg>
<doc>Logs the given message with the given level.</doc>
<status status="PASS" start="2025-10-08T23:16:39.221334" elapsed="0.000120"/>
</kw>
<arg>Completed test: ${TEST NAME}</arg>
<status status="PASS" start="2025-10-08T23:16:39.221030" elapsed="0.000479"/>
</kw>
<status status="PASS" start="2025-10-08T23:16:39.128674" elapsed="0.092880"/>
</kw>
<kw name="Close All Browsers" owner="SeleniumLibrary">
<doc>Closes all open browsers and resets the browser cache.</doc>
<status status="PASS" start="2025-10-08T23:16:39.221633" elapsed="2.320616"/>
</kw>
<status status="PASS" start="2025-10-08T23:16:39.128317" elapsed="2.414172"/>
</kw>
<tag>orders</tag>
<tag>regression</tag>
<tag>ui</tag>
<status status="FAIL" start="2025-10-08T23:16:31.035001" elapsed="10.507838">TypeError: sequence item 1: expected str instance, WebElement found</status>
</test>
<test id="s1-s1-t2" name="TC003 - ขายสินค้า (ชำระด้วย QR Code)" line="44">
<kw name="Test Setup Sequence" owner="common_keywords" type="SETUP">
<kw name="Open Browser To Login Page" owner="common_keywords">
<kw name="Evaluate" owner="BuiltIn">
<msg time="2025-10-08T23:16:41.545154" level="INFO">${options} = &lt;selenium.webdriver.chrome.options.Options object at 0x0000015F0EC451D0&gt;</msg>
<var>${options}</var>
<arg>__import__('selenium.webdriver').webdriver.ChromeOptions()</arg>
<doc>Evaluates the given expression in Python and returns the result.</doc>
<status status="PASS" start="2025-10-08T23:16:41.544936" elapsed="0.000254"/>
</kw>
<kw name="Call Method" owner="BuiltIn">
<arg>${options}</arg>
<arg>add_argument</arg>
<arg>--disable-notifications</arg>
<doc>Calls the named method of the given object with the provided arguments.</doc>
<status status="PASS" start="2025-10-08T23:16:41.545289" elapsed="0.000104"/>
</kw>
<kw name="Call Method" owner="BuiltIn">
<arg>${options}</arg>
<arg>add_argument</arg>
<arg>--disable-gcm-driver</arg>
<doc>Calls the named method of the given object with the provided arguments.</doc>
<status status="PASS" start="2025-10-08T23:16:41.545474" elapsed="0.000090"/>
</kw>
<kw name="Call Method" owner="BuiltIn">
<arg>${options}</arg>
<arg>add_argument</arg>
<arg>--no-sandbox</arg>
<doc>Calls the named method of the given object with the provided arguments.</doc>
<status status="PASS" start="2025-10-08T23:16:41.545641" elapsed="0.000090"/>
</kw>
<kw name="Call Method" owner="BuiltIn">
<arg>${options}</arg>
<arg>add_argument</arg>
<arg>--disable-dev-shm-usage</arg>
<doc>Calls the named method of the given object with the provided arguments.</doc>
<status status="PASS" start="2025-10-08T23:16:41.545807" elapsed="0.000105"/>
</kw>
<kw name="Open Browser" owner="SeleniumLibrary">
<msg time="2025-10-08T23:16:41.546208" level="INFO">Opening browser 'chrome' to base url 'http://localhost:5173'.</msg>
<arg>${BASE_URL}</arg>
<arg>chrome</arg>
<arg>options=${options}</arg>
<doc>Opens a new browser instance to the optional ``url``.</doc>
<status status="PASS" start="2025-10-08T23:16:41.546015" elapsed="1.848799"/>
</kw>
<kw name="Set Window Size" owner="SeleniumLibrary">
<arg>1400</arg>
<arg>900</arg>
<doc>Sets current windows size to given ``width`` and ``height``.</doc>
<status status="PASS" start="2025-10-08T23:16:43.395043" elapsed="0.023442"/>
</kw>
<kw name="Set Selenium Timeout" owner="SeleniumLibrary">
<arg>${TIMEOUT}</arg>
<doc>Sets the timeout that is used by various keywords.</doc>
<status status="PASS" start="2025-10-08T23:16:43.418742" elapsed="0.001541"/>
</kw>
<status status="PASS" start="2025-10-08T23:16:41.544734" elapsed="1.875693"/>
</kw>
<kw name="Initialize Test Logging" owner="common_keywords">
<kw name="Set Variable" owner="BuiltIn">
<msg time="2025-10-08T23:16:43.421029" level="INFO">${suite} = Order Tests.Orders</msg>
<var>${suite}</var>
<arg>${SUITE NAME}</arg>
<doc>Returns the given values which can then be assigned to a variables.</doc>
<status status="PASS" start="2025-10-08T23:16:43.420870" elapsed="0.000197"/>
</kw>
<kw name="Set Variable" owner="BuiltIn">
<msg time="2025-10-08T23:16:43.421361" level="INFO">${test} = TC003 - ขายสินค้า (ชำระด้วย QR Code)</msg>
<var>${test}</var>
<arg>${TEST NAME}</arg>
<doc>Returns the given values which can then be assigned to a variables.</doc>
<status status="PASS" start="2025-10-08T23:16:43.421194" elapsed="0.000207"/>
</kw>
<kw name="Replace String" owner="String">
<msg time="2025-10-08T23:16:43.421759" level="INFO">${suite_sanit} = Order_Tests.Orders</msg>
<var>${suite_sanit}</var>
<arg>${suite}</arg>
<arg>${SPACE}</arg>
<arg>_</arg>
<doc>Replaces ``search_for`` in the given ``string`` with ``replace_with``.</doc>
<status status="PASS" start="2025-10-08T23:16:43.421539" elapsed="0.000251"/>
</kw>
<kw name="Replace String" owner="String">
<msg time="2025-10-08T23:16:43.422077" level="INFO">${test_sanit} = TC003_-_ขายสินค้า_(ชำระด้วย_QR_Code)</msg>
<var>${test_sanit}</var>
<arg>${test}</arg>
<arg>${SPACE}</arg>
<arg>_</arg>
<doc>Replaces ``search_for`` in the given ``string`` with ``replace_with``.</doc>
<status status="PASS" start="2025-10-08T23:16:43.421914" elapsed="0.000191"/>
</kw>
<kw name="Set Variable" owner="BuiltIn">
<msg time="2025-10-08T23:16:43.422446" level="INFO">${dir} = screenshots\Order_Tests.Orders\TC003_-_ขายสินค้า_(ชำระด้วย_QR_Code)</msg>
<var>${dir}</var>
<arg>${SCREEN_DIR}${/}${suite_sanit}${/}${test_sanit}</arg>
<doc>Returns the given values which can then be assigned to a variables.</doc>
<status status="PASS" start="2025-10-08T23:16:43.422207" elapsed="0.000275"/>
</kw>
<kw name="Create Directory If Not Exists" owner="common_keywords">
<kw name="Run Keyword And Ignore Error" owner="BuiltIn">
<kw name="Create Directory" owner="OperatingSystem">
<msg time="2025-10-08T23:16:43.424528" level="INFO" html="true">Created directory '&lt;a href="file://D:\2\POS_\screenshots\Order_Tests.Orders\TC003_-_ขายสินค้า_(ชำระด้วย_QR_Code)"&gt;D:\2\POS_\screenshots\Order_Tests.Orders\TC003_-_ขายสินค้า_(ชำระด้วย_QR_Code)&lt;/a&gt;'.</msg>
<arg>${directory}</arg>
<doc>Creates the specified directory.</doc>
<status status="PASS" start="2025-10-08T23:16:43.423470" elapsed="0.001251"/>
</kw>
<arg>Create Directory</arg>
<arg>${directory}</arg>
<doc>Runs the given keyword with the given arguments and ignores possible error.</doc>
<status status="PASS" start="2025-10-08T23:16:43.423241" elapsed="0.001607"/>
</kw>
<arg>${dir}</arg>
<status status="PASS" start="2025-10-08T23:16:43.422644" elapsed="0.002296"/>
</kw>
<kw name="Set Test Variable" owner="BuiltIn">
<msg time="2025-10-08T23:16:43.426412" level="INFO">${TEST_ARTIFACT_DIR} = screenshots\Order_Tests.Orders\TC003_-_ขายสินค้า_(ชำระด้วย_QR_Code)</msg>
<arg>${TEST_ARTIFACT_DIR}</arg>
<arg>${dir}</arg>
<doc>Makes a variable available everywhere within the scope of the current test.</doc>
<status status="PASS" start="2025-10-08T23:16:43.425168" elapsed="0.001339"/>
</kw>
<kw name="Safe Log" owner="common_keywords">
<kw name="Log" owner="BuiltIn">
<msg time="2025-10-08T23:16:43.427141" level="INFO">Safe Log</msg>
<arg>Safe Log</arg>
<doc>Logs the given message with the given level.</doc>
<status status="PASS" start="2025-10-08T23:16:43.427020" elapsed="0.000169"/>
</kw>
<arg>Initialized artifacts at: ${dir}</arg>
<status status="PASS" start="2025-10-08T23:16:43.426713" elapsed="0.000550"/>
</kw>
<status status="PASS" start="2025-10-08T23:16:43.420616" elapsed="0.006699"/>
</kw>
<kw name="Login With Credentials" owner="common_keywords">
<kw name="Wait Until Element Is Visible" owner="SeleniumLibrary">
<arg>css=input[name='username']</arg>
<doc>Waits until the element ``locator`` is visible.</doc>
<status status="PASS" start="2025-10-08T23:16:43.427752" elapsed="0.025729"/>
</kw>
<kw name="Input Text" owner="SeleniumLibrary">
<msg time="2025-10-08T23:16:43.454063" level="INFO">Typing text '1' into text field 'css=input[name='username']'.</msg>
<arg>css=input[name='username']</arg>
<arg>${username}</arg>
<doc>Types the given ``text`` into the text field identified by ``locator``.</doc>
<status status="PASS" start="2025-10-08T23:16:43.453836" elapsed="0.092424"/>
</kw>
<kw name="Input Text" owner="SeleniumLibrary">
<msg time="2025-10-08T23:16:43.546922" level="INFO">Typing text '123' into text field 'css=input[name='password']'.</msg>
<arg>css=input[name='password']</arg>
<arg>${password}</arg>
<doc>Types the given ``text`` into the text field identified by ``locator``.</doc>
<status status="PASS" start="2025-10-08T23:16:43.546556" elapsed="0.091063"/>
</kw>
<kw name="Click Button" owner="SeleniumLibrary">
<msg time="2025-10-08T23:16:43.638171" level="INFO">Clicking button 'css=button[type='submit']'.</msg>
<arg>css=button[type='submit']</arg>
<doc>Clicks the button identified by ``locator``.</doc>
<status status="PASS" start="2025-10-08T23:16:43.637917" elapsed="0.082201"/>
</kw>
<kw name="Wait Table Idle" owner="common_keywords">
<kw name="Run Keyword And Ignore Error" owner="BuiltIn">
<kw name="Wait Until Element Is Not Visible" owner="SeleniumLibrary">
<arg>${SPINNERS}</arg>
<arg>5s</arg>
<doc>Waits until the element ``locator`` is not visible.</doc>
<status status="PASS" start="2025-10-08T23:16:43.720710" elapsed="0.010061"/>
</kw>
<arg>Wait Until Element Is Not Visible</arg>
<arg>${SPINNERS}</arg>
<arg>5s</arg>
<doc>Runs the given keyword with the given arguments and ignores possible error.</doc>
<status status="PASS" start="2025-10-08T23:16:43.720580" elapsed="0.010311"/>
</kw>
<kw name="Sleep" owner="BuiltIn">
<msg time="2025-10-08T23:16:44.031621" level="INFO">Slept 300 milliseconds.</msg>
<arg>0.3s</arg>
<doc>Pauses the test executed for the given time.</doc>
<status status="PASS" start="2025-10-08T23:16:43.731066" elapsed="0.300659"/>
</kw>
<status status="PASS" start="2025-10-08T23:16:43.720325" elapsed="0.311490"/>
</kw>
<arg>${VALID_USER}</arg>
<arg>${VALID_PASSWORD}</arg>
<status status="PASS" start="2025-10-08T23:16:43.427459" elapsed="0.604405"/>
</kw>
<status status="PASS" start="2025-10-08T23:16:41.544428" elapsed="2.487485"/>
</kw>
<kw name="Safe Log" owner="common_keywords">
<kw name="Log" owner="BuiltIn">
<msg time="2025-10-08T23:16:44.032823" level="INFO">Safe Log</msg>
<arg>Safe Log</arg>
<doc>Logs the given message with the given level.</doc>
<status status="PASS" start="2025-10-08T23:16:44.032737" elapsed="0.000130"/>
</kw>
<arg>เริ่มต้น QR Flow</arg>
<status status="PASS" start="2025-10-08T23:16:44.032408" elapsed="0.000518"/>
</kw>
<kw name="Ensure On Order Sell Page" owner="order_sell_keywords">
<kw name="Run Keyword And Return Status" owner="BuiltIn">
<kw name="Wait Until Page Contains" owner="SeleniumLibrary">
<arg>ขายสินค้า</arg>
<arg>3s</arg>
<doc>Waits until ``text`` appears on the current page.</doc>
<status status="PASS" start="2025-10-08T23:16:44.033501" elapsed="0.433791"/>
</kw>
<msg time="2025-10-08T23:16:44.467432" level="INFO">${ok1} = True</msg>
<var>${ok1}</var>
<arg>Wait Until Page Contains</arg>
<arg>ขายสินค้า</arg>
<arg>3s</arg>
<doc>Runs the given keyword with given arguments and returns the status as a Boolean value.</doc>
<status status="PASS" start="2025-10-08T23:16:44.033385" elapsed="0.434075"/>
</kw>
<kw name="Run Keyword And Return Status" owner="BuiltIn">
<kw name="Wait Until Page Contains Element" owner="SeleniumLibrary">
<arg>xpath=//input[@type='search' or contains(@placeholder,'ค้นหา') or contains(@placeholder,'Search')]</arg>
<arg>3s</arg>
<doc>Waits until the element ``locator`` appears on the current page.</doc>
<status status="PASS" start="2025-10-08T23:16:44.467746" elapsed="0.426640"/>
</kw>
<msg time="2025-10-08T23:16:44.894619" level="INFO">${ok2} = True</msg>
<var>${ok2}</var>
<arg>Wait Until Page Contains Element</arg>
<arg>xpath=//input[@type='search' or contains(@placeholder,'ค้นหา') or contains(@placeholder,'Search')]</arg>
<arg>3s</arg>
<doc>Runs the given keyword with given arguments and returns the status as a Boolean value.</doc>
<status status="PASS" start="2025-10-08T23:16:44.467599" elapsed="0.427063"/>
</kw>
<if>
<branch type="IF" condition="not (${ok1} or ${ok2})">
<kw name="Go To Order Sell Page" owner="order_sell_keywords">
<status status="NOT RUN" start="2025-10-08T23:16:44.895223" elapsed="0.000066"/>
</kw>
<status status="NOT RUN" start="2025-10-08T23:16:44.894851" elapsed="0.000500"/>
</branch>
<status status="PASS" start="2025-10-08T23:16:44.894808" elapsed="0.000604"/>
</if>
<status status="PASS" start="2025-10-08T23:16:44.033186" elapsed="0.862335"/>
</kw>
<kw name="Ensure Cart Open" owner="order_sell_keywords">
<kw name="Safe Log" owner="common_keywords">
<kw name="Log" owner="BuiltIn">
<msg time="2025-10-08T23:16:44.897722" level="INFO">Safe Log</msg>
<arg>Safe Log</arg>
<doc>Logs the given message with the given level.</doc>
<status status="PASS" start="2025-10-08T23:16:44.897421" elapsed="0.000392"/>
</kw>
<arg>Opening cart...</arg>
<status status="PASS" start="2025-10-08T23:16:44.896851" elapsed="0.001092"/>
</kw>
<kw name="Open Cart Floating Button" owner="order_sell_keywords">
<kw name="Run Keyword And Return Status" owner="BuiltIn">
<kw name="Click Element" owner="SeleniumLibrary">
<msg time="2025-10-08T23:16:44.898851" level="INFO">Clicking element 'css=button#open-cart-btn'.</msg>
<arg>${BTN_OPEN_CART_ID}</arg>
<doc>Click the element identified by ``locator``.</doc>
<status status="PASS" start="2025-10-08T23:16:44.898677" elapsed="0.158079"/>
</kw>
<msg time="2025-10-08T23:16:45.057014" level="INFO">${clicked} = True</msg>
<var>${clicked}</var>
<arg>Click Element</arg>
<arg>${BTN_OPEN_CART_ID}</arg>
<doc>Runs the given keyword with given arguments and returns the status as a Boolean value.</doc>
<status status="PASS" start="2025-10-08T23:16:44.898547" elapsed="0.158748"/>
</kw>
<if>
<branch type="IF" condition="not ${clicked}">
<kw name="Run Keyword And Return Status" owner="BuiltIn">
<var>${clicked}</var>
<arg>Click Element</arg>
<arg>${OPEN_CART_DATA_TIP}</arg>
<doc>Runs the given keyword with given arguments and returns the status as a Boolean value.</doc>
<status status="NOT RUN" start="2025-10-08T23:16:45.057903" elapsed="0.000039"/>
</kw>
<status status="NOT RUN" start="2025-10-08T23:16:45.057541" elapsed="0.000498"/>
</branch>
<status status="PASS" start="2025-10-08T23:16:45.057498" elapsed="0.000607"/>
</if>
<if>
<branch type="IF" condition="not ${clicked}">
<kw name="Run Keyword And Return Status" owner="BuiltIn">
<var>${clicked}</var>
<arg>Click Element</arg>
<arg>${BTN_OPEN_CART_ICON}</arg>
<doc>Runs the given keyword with given arguments and returns the status as a Boolean value.</doc>
<status status="NOT RUN" start="2025-10-08T23:16:45.058628" elapsed="0.000048"/>
</kw>
<status status="NOT RUN" start="2025-10-08T23:16:45.058215" elapsed="0.000537"/>
</branch>
<status status="PASS" start="2025-10-08T23:16:45.058186" elapsed="0.000625"/>
</if>
<if>
<branch type="IF" condition="not ${clicked}">
<kw name="Execute Javascript" owner="SeleniumLibrary">
<arg>var b=document.getElementById('open-cart-btn');if(b){b.click();return true;}return false;</arg>
<doc>Executes the given JavaScript code with possible arguments.</doc>
<status status="NOT RUN" start="2025-10-08T23:16:45.059266" elapsed="0.000034"/>
</kw>
<status status="NOT RUN" start="2025-10-08T23:16:45.058927" elapsed="0.000423"/>
</branch>
<status status="PASS" start="2025-10-08T23:16:45.058894" elapsed="0.000494"/>
</if>
<kw name="Run Keyword And Ignore Error" owner="BuiltIn">
<kw name="Wait Until Page Contains Element" owner="SeleniumLibrary">
<msg time="2025-10-08T23:16:48.341831" level="INFO" html="true">&lt;/td&gt;&lt;/tr&gt;&lt;tr&gt;&lt;td colspan="3"&gt;&lt;a href="selenium-screenshot-7.png"&gt;&lt;img src="selenium-screenshot-7.png" width="800px"&gt;&lt;/a&gt;</msg>
<msg time="2025-10-08T23:16:48.342023" level="FAIL">Element 'xpath=//*[contains(@class,'cart') or contains(@class,'drawer') or contains(@class,'offcanvas') or @role='dialog']' did not appear in 3 seconds.</msg>
<arg>${CART_DRAWER_HINT}</arg>
<arg>3s</arg>
<doc>Waits until the element ``locator`` appears on the current page.</doc>
<status status="FAIL" start="2025-10-08T23:16:45.059716" elapsed="3.283713">Element 'xpath=//*[contains(@class,'cart') or contains(@class,'drawer') or contains(@class,'offcanvas') or @role='dialog']' did not appear in 3 seconds.</status>
</kw>
<arg>Wait Until Page Contains Element</arg>
<arg>${CART_DRAWER_HINT}</arg>
<arg>3s</arg>
<doc>Runs the given keyword with the given arguments and ignores possible error.</doc>
<status status="PASS" start="2025-10-08T23:16:45.059505" elapsed="3.284069"/>
</kw>
<status status="PASS" start="2025-10-08T23:16:44.898250" elapsed="3.445407"/>
</kw>
<kw name="Run Keyword And Return Status" owner="BuiltIn">
<kw name="Wait Until Page Contains Element" owner="SeleniumLibrary">
<arg>${CART_HEADING}</arg>
<arg>4s</arg>
<doc>Waits until the element ``locator`` appears on the current page.</doc>
<status status="PASS" start="2025-10-08T23:16:48.343930" elapsed="0.012994"/>
</kw>
<msg time="2025-10-08T23:16:48.357157" level="INFO">${opened} = True</msg>
<var>${opened}</var>
<arg>Wait Until Page Contains Element</arg>
<arg>${CART_HEADING}</arg>
<arg>4s</arg>
<doc>Runs the given keyword with given arguments and returns the status as a Boolean value.</doc>
<status status="PASS" start="2025-10-08T23:16:48.343788" elapsed="0.013413"/>
</kw>
<kw name="Safe Log" owner="common_keywords">
<kw name="Log" owner="BuiltIn">
<msg time="2025-10-08T23:16:48.358162" level="INFO">Safe Log</msg>
<arg>Safe Log</arg>
<doc>Logs the given message with the given level.</doc>
<status status="PASS" start="2025-10-08T23:16:48.357995" elapsed="0.000225"/>
</kw>
<arg>Cart opened: ${opened}</arg>
<status status="PASS" start="2025-10-08T23:16:48.357477" elapsed="0.000814"/>
</kw>
<if>
<branch type="IF" condition="not ${opened}">
<kw name="Safe Log" owner="common_keywords">
<arg>Retrying to open cart...</arg>
<status status="NOT RUN" start="2025-10-08T23:16:48.358597" elapsed="0.000038"/>
</kw>
<kw name="Open Cart Floating Button" owner="order_sell_keywords">
<status status="NOT RUN" start="2025-10-08T23:16:48.358890" elapsed="0.000060"/>
</kw>
<kw name="Wait Until Page Contains Element" owner="SeleniumLibrary">
<arg>${CART_HEADING}</arg>
<arg>${TIMEOUT}</arg>
<doc>Waits until the element ``locator`` appears on the current page.</doc>
<status status="NOT RUN" start="2025-10-08T23:16:48.359105" elapsed="0.000050"/>
</kw>
<status status="NOT RUN" start="2025-10-08T23:16:48.358369" elapsed="0.000832"/>
</branch>
<status status="PASS" start="2025-10-08T23:16:48.358349" elapsed="0.000895"/>
</if>
<kw name="Safe Log" owner="common_keywords">
<kw name="Log" owner="BuiltIn">
<msg time="2025-10-08T23:16:48.359758" level="INFO">Safe Log</msg>
<arg>Safe Log</arg>
<doc>Logs the given message with the given level.</doc>
<status status="PASS" start="2025-10-08T23:16:48.359666" elapsed="0.000136"/>
</kw>
<arg>Cart is now open</arg>
<status status="PASS" start="2025-10-08T23:16:48.359393" elapsed="0.000471"/>
</kw>
<status status="PASS" start="2025-10-08T23:16:44.896208" elapsed="3.463719"/>
</kw>
<kw name="Try Filter Product By Name" owner="order_sell_keywords">
<kw name="Run Keyword And Return Status" owner="BuiltIn">
<kw name="Wait Until Page Contains Element" owner="SeleniumLibrary">
<msg time="2025-10-08T23:16:49.485526" level="INFO" html="true">&lt;/td&gt;&lt;/tr&gt;&lt;tr&gt;&lt;td colspan="3"&gt;&lt;a href="selenium-screenshot-8.png"&gt;&lt;img src="selenium-screenshot-8.png" width="800px"&gt;&lt;/a&gt;</msg>
<msg time="2025-10-08T23:16:49.485682" level="FAIL">Element 'xpath=//input[@type='search']' did not appear in 1 second.</msg>
<arg>${SEARCH_INPUT_OPT1}</arg>
<arg>1s</arg>
<doc>Waits until the element ``locator`` appears on the current page.</doc>
<status status="FAIL" start="2025-10-08T23:16:48.361109" elapsed="1.125522">Element 'xpath=//input[@type='search']' did not appear in 1 second.</status>
</kw>
<msg time="2025-10-08T23:16:49.486775" level="INFO">${has1} = False</msg>
<var>${has1}</var>
<arg>Wait Until Page Contains Element</arg>
<arg>${SEARCH_INPUT_OPT1}</arg>
<arg>1s</arg>
<doc>Runs the given keyword with given arguments and returns the status as a Boolean value.</doc>
<status status="PASS" start="2025-10-08T23:16:48.360950" elapsed="1.125852"/>
</kw>
<kw name="Run Keyword And Return Status" owner="BuiltIn">
<kw name="Wait Until Page Contains Element" owner="SeleniumLibrary">
<arg>${SEARCH_INPUT_OPT2}</arg>
<arg>1s</arg>
<doc>Waits until the element ``locator`` appears on the current page.</doc>
<status status="PASS" start="2025-10-08T23:16:49.487096" elapsed="0.010718"/>
</kw>
<msg time="2025-10-08T23:16:49.497946" level="INFO">${has2} = True</msg>
<var>${has2}</var>
<arg>Wait Until Page Contains Element</arg>
<arg>${SEARCH_INPUT_OPT2}</arg>
<arg>1s</arg>
<doc>Runs the given keyword with given arguments and returns the status as a Boolean value.</doc>
<status status="PASS" start="2025-10-08T23:16:49.486947" elapsed="0.011025"/>
</kw>
<if>
<branch type="IF" condition="${has1}">
<kw name="Set Variable" owner="BuiltIn">
<var>${inp}</var>
<arg>${SEARCH_INPUT_OPT1}</arg>
<doc>Returns the given values which can then be assigned to a variables.</doc>
<status status="NOT RUN" start="2025-10-08T23:16:49.498206" elapsed="0.000025"/>
</kw>
<kw name="Wait Until Element Is Visible" owner="SeleniumLibrary">
<arg>${inp}</arg>
<arg>5s</arg>
<doc>Waits until the element ``locator`` is visible.</doc>
<status status="NOT RUN" start="2025-10-08T23:16:49.498327" elapsed="0.000022"/>
</kw>
<kw name="Clear Element Text" owner="SeleniumLibrary">
<arg>${inp}</arg>
<doc>Clears the value of the text-input-element identified by ``locator``.</doc>
<status status="NOT RUN" start="2025-10-08T23:16:49.498492" elapsed="0.000025"/>
</kw>
<kw name="Input Text" owner="SeleniumLibrary">
<arg>${inp}</arg>
<arg>${name}</arg>
<doc>Types the given ``text`` into the text field identified by ``locator``.</doc>
<status status="NOT RUN" start="2025-10-08T23:16:49.498594" elapsed="0.000021"/>
</kw>
<kw name="Sleep" owner="BuiltIn">
<arg>0.4s</arg>
<doc>Pauses the test executed for the given time.</doc>
<status status="NOT RUN" start="2025-10-08T23:16:49.498688" elapsed="0.000021"/>
</kw>
<status status="NOT RUN" start="2025-10-08T23:16:49.498062" elapsed="0.000678"/>
</branch>
<branch type="ELSE IF" condition="${has2}">
<kw name="Set Variable" owner="BuiltIn">
<msg time="2025-10-08T23:16:49.499007" level="INFO">${inp} = xpath=//input[contains(@placeholder,'ค้นหา') or contains(@placeholder,'Search')]</msg>
<var>${inp}</var>
<arg>${SEARCH_INPUT_OPT2}</arg>
<doc>Returns the given values which can then be assigned to a variables.</doc>
<status status="PASS" start="2025-10-08T23:16:49.498871" elapsed="0.000161"/>
</kw>
<kw name="Wait Until Element Is Visible" owner="SeleniumLibrary">
<arg>${inp}</arg>
<arg>5s</arg>
<doc>Waits until the element ``locator`` is visible.</doc>
<status status="PASS" start="2025-10-08T23:16:49.499115" elapsed="0.015678"/>
</kw>
<kw name="Clear Element Text" owner="SeleniumLibrary">
<arg>${inp}</arg>
<doc>Clears the value of the text-input-element identified by ``locator``.</doc>
<status status="PASS" start="2025-10-08T23:16:49.514983" elapsed="0.027228"/>
</kw>
<kw name="Input Text" owner="SeleniumLibrary">
<msg time="2025-10-08T23:16:49.542827" level="INFO">Typing text 'ขนมปังฟาร์มเฮ้าส์โฮลวีท 65 กรัม' into text field 'xpath=//input[contains(@placeholder,'ค้นหา') or contains(@placeholder,'Search')]'.</msg>
<arg>${inp}</arg>
<arg>${name}</arg>
<doc>Types the given ``text`` into the text field identified by ``locator``.</doc>
<status status="PASS" start="2025-10-08T23:16:49.542490" elapsed="0.399172"/>
</kw>
<kw name="Sleep" owner="BuiltIn">
<msg time="2025-10-08T23:16:50.342482" level="INFO">Slept 400 milliseconds.</msg>
<arg>0.4s</arg>
<doc>Pauses the test executed for the given time.</doc>
<status status="PASS" start="2025-10-08T23:16:49.941847" elapsed="0.400743"/>
</kw>
<status status="PASS" start="2025-10-08T23:16:49.498774" elapsed="0.843882"/>
</branch>
<branch type="ELSE">
<kw name="Safe Log" owner="common_keywords">
<arg>[OrderSell] ไม่มีช่องค้นหา ข้ามการกรองชื่อสินค้า: ${name}</arg>
<status status="NOT RUN" start="2025-10-08T23:16:50.342866" elapsed="0.000031"/>
</kw>
<status status="NOT RUN" start="2025-10-08T23:16:50.342702" elapsed="0.000231"/>
</branch>
<status status="PASS" start="2025-10-08T23:16:49.498040" elapsed="0.844921"/>
</if>
<arg>${PRODUCT_NAME}</arg>
<status status="PASS" start="2025-10-08T23:16:48.360566" elapsed="1.982443"/>
</kw>
<kw name="Add Product To Cart By Name" owner="order_sell_keywords">
<kw name="Safe Log" owner="common_keywords">
<kw name="Log" owner="BuiltIn">
<msg time="2025-10-08T23:16:50.344382" level="INFO">Safe Log</msg>
<arg>Safe Log</arg>
<doc>Logs the given message with the given level.</doc>
<status status="PASS" start="2025-10-08T23:16:50.344289" elapsed="0.000139"/>
</kw>
<arg>[DEBUG] กำลังหาสินค้า: ${name}</arg>
<status status="PASS" start="2025-10-08T23:16:50.344041" elapsed="0.000447"/>
</kw>
<kw name="Set Variable" owner="BuiltIn">
<msg time="2025-10-08T23:16:50.344726" level="INFO">${selector1} = xpath=//h2[contains(@class,'font-semibold') and (normalize-space(.)='ขนมปังฟาร์มเฮ้าส์โฮลวีท 65 กรัม' or @title='ขนมปังฟาร์มเฮ้าส์โฮลวีท 65 กรัม')]/ancestor::div[contains(@class,'cursor-pointer')]</msg>
<var>${selector1}</var>
<arg>xpath=//h2[contains(@class,'font-semibold') and (normalize-space(.)='${name}' or @title='${name}')]/ancestor::div[contains(@class,'cursor-pointer')]</arg>
<doc>Returns the given values which can then be assigned to a variables.</doc>
<status status="PASS" start="2025-10-08T23:16:50.344570" elapsed="0.000183"/>
</kw>
<kw name="Set Variable" owner="BuiltIn">
<msg time="2025-10-08T23:16:50.344979" level="INFO">${selector2} = xpath=//img[@alt='ขนมปังฟาร์มเฮ้าส์โฮลวีท 65 กรัม']/ancestor::div[contains(@class,'cursor-pointer')]</msg>
<var>${selector2}</var>
<arg>xpath=//img[@alt='${name}']/ancestor::div[contains(@class,'cursor-pointer')]</arg>
<doc>Returns the given values which can then be assigned to a variables.</doc>
<status status="PASS" start="2025-10-08T23:16:50.344838" elapsed="0.000165"/>
</kw>
<kw name="Set Variable" owner="BuiltIn">
<msg time="2025-10-08T23:16:50.345316" level="INFO">${selector3} = xpath=//h2[contains(@class,'font-semibold') and contains(normalize-space(.), 'ขนมปังฟาร์มเฮ้าส์โฮลวีท 65 กรัม')]/ancestor::div[contains(@class,'cursor-pointer')]</msg>
<var>${selector3}</var>
<arg>xpath=//h2[contains(@class,'font-semibold') and contains(normalize-space(.), '${name}')]/ancestor::div[contains(@class,'cursor-pointer')]</arg>
<doc>Returns the given values which can then be assigned to a variables.</doc>
<status status="PASS" start="2025-10-08T23:16:50.345119" elapsed="0.000227"/>
</kw>
<kw name="Set Variable" owner="BuiltIn">
<msg time="2025-10-08T23:16:50.345600" level="INFO">${selector4} = xpath=//img[contains(@alt,'ขนมปังฟาร์มเฮ้าส์โฮลวีท 65 กรัม')]/ancestor::div[contains(@class,'cursor-pointer')]</msg>
<var>${selector4}</var>
<arg>xpath=//img[contains(@alt,'${name}')]/ancestor::div[contains(@class,'cursor-pointer')]</arg>
<doc>Returns the given values which can then be assigned to a variables.</doc>
<status status="PASS" start="2025-10-08T23:16:50.345461" elapsed="0.000164"/>
</kw>
<kw name="Execute Javascript" owner="SeleniumLibrary">
<msg time="2025-10-08T23:16:50.346143" level="INFO">Executing JavaScript:
window.scrollTo(0, 0)
Without any arguments.</msg>
<arg>window.scrollTo(0, 0)</arg>
<doc>Executes the given JavaScript code with possible arguments.</doc>
<status status="PASS" start="2025-10-08T23:16:50.345756" elapsed="0.006554"/>
</kw>
<kw name="Set Variable" owner="BuiltIn">
<msg time="2025-10-08T23:16:50.353067" level="INFO">${target} = </msg>
<var>${target}</var>
<arg>${EMPTY}</arg>
<doc>Returns the given values which can then be assigned to a variables.</doc>
<status status="PASS" start="2025-10-08T23:16:50.352515" elapsed="0.000587"/>
</kw>
<kw name="Run Keyword And Return Status" owner="BuiltIn">
<kw name="Page Should Contain Element" owner="SeleniumLibrary">
<msg time="2025-10-08T23:16:50.364740" level="INFO">Current page contains element 'xpath=//h2[contains(@class,'font-semibold') and (normalize-space(.)='ขนมปังฟาร์มเฮ้าส์โฮลวีท 65 กรัม' or @title='ขนมปังฟาร์มเฮ้าส์โฮลวีท 65 กรัม')]/ancestor::div[contains(@class,'cursor-pointer')]'.</msg>
<arg>${selector1}</arg>
<doc>Verifies that element ``locator`` is found on the current page.</doc>
<status status="PASS" start="2025-10-08T23:16:50.353381" elapsed="0.011449"/>
</kw>
<msg time="2025-10-08T23:16:50.364951" level="INFO">${found} = True</msg>
<var>${found}</var>
<arg>Page Should Contain Element</arg>
<arg>${selector1}</arg>
<doc>Runs the given keyword with given arguments and returns the status as a Boolean value.</doc>
<status status="PASS" start="2025-10-08T23:16:50.353250" elapsed="0.011724"/>
</kw>
<if>
<branch type="IF" condition="${found}">
<kw name="Set Variable" owner="BuiltIn">
<msg time="2025-10-08T23:16:50.365349" level="INFO">${target} = xpath=//h2[contains(@class,'font-semibold') and (normalize-space(.)='ขนมปังฟาร์มเฮ้าส์โฮลวีท 65 กรัม' or @title='ขนมปังฟาร์มเฮ้าส์โฮลวีท 65 กรัม')]/ancestor::div[contains(@class,'cursor-pointer')]</msg>
<var>${target}</var>
<arg>${selector1}</arg>
<doc>Returns the given values which can then be assigned to a variables.</doc>
<status status="PASS" start="2025-10-08T23:16:50.365209" elapsed="0.000234"/>
</kw>
<kw name="Safe Log" owner="common_keywords">
<kw name="Log" owner="BuiltIn">
<msg time="2025-10-08T23:16:50.365859" level="INFO">Safe Log</msg>
<arg>Safe Log</arg>
<doc>Logs the given message with the given level.</doc>
<status status="PASS" start="2025-10-08T23:16:50.365784" elapsed="0.000114"/>
</kw>
<arg>[DEBUG] เจอสินค้าด้วย selector1</arg>
<status status="PASS" start="2025-10-08T23:16:50.365575" elapsed="0.000375"/>
</kw>
<status status="PASS" start="2025-10-08T23:16:50.365062" elapsed="0.000920"/>
</branch>
<branch type="ELSE">
<kw name="Run Keyword And Return Status" owner="BuiltIn">
<var>${found}</var>
<arg>Page Should Contain Element</arg>
<arg>${selector2}</arg>
<doc>Runs the given keyword with given arguments and returns the status as a Boolean value.</doc>
<status status="NOT RUN" start="2025-10-08T23:16:50.366107" elapsed="0.000022"/>
</kw>
<if>
<branch type="IF" condition="${found}">
<kw name="Set Variable" owner="BuiltIn">
<var>${target}</var>
<arg>${selector2}</arg>
<doc>Returns the given values which can then be assigned to a variables.</doc>
<status status="NOT RUN" start="2025-10-08T23:16:50.366284" elapsed="0.000022"/>
</kw>
<kw name="Safe Log" owner="common_keywords">
<arg>[DEBUG] เจอสินค้าด้วย selector2</arg>
<status status="NOT RUN" start="2025-10-08T23:16:50.366399" elapsed="0.000025"/>
</kw>
<status status="NOT RUN" start="2025-10-08T23:16:50.366212" elapsed="0.000243"/>
</branch>
<branch type="ELSE">
<kw name="Run Keyword And Return Status" owner="BuiltIn">
<var>${found}</var>
<arg>Page Should Contain Element</arg>
<arg>${selector3}</arg>
<doc>Runs the given keyword with given arguments and returns the status as a Boolean value.</doc>
<status status="NOT RUN" start="2025-10-08T23:16:50.366559" elapsed="0.000022"/>
</kw>
<if>
<branch type="IF" condition="${found}">
<kw name="Set Variable" owner="BuiltIn">
<var>${target}</var>
<arg>${selector3}</arg>
<doc>Returns the given values which can then be assigned to a variables.</doc>
<status status="NOT RUN" start="2025-10-08T23:16:50.366708" elapsed="0.000022"/>
</kw>
<kw name="Safe Log" owner="common_keywords">
<arg>[DEBUG] เจอสินค้าด้วย selector3</arg>
<status status="NOT RUN" start="2025-10-08T23:16:50.366818" elapsed="0.000026"/>
</kw>
<status status="NOT RUN" start="2025-10-08T23:16:50.366639" elapsed="0.000236"/>
</branch>
<branch type="ELSE">
<kw name="Run Keyword And Return Status" owner="BuiltIn">
<var>${found}</var>
<arg>Page Should Contain Element</arg>
<arg>${selector4}</arg>
<doc>Runs the given keyword with given arguments and returns the status as a Boolean value.</doc>
<status status="NOT RUN" start="2025-10-08T23:16:50.366982" elapsed="0.000022"/>
</kw>
<if>
<branch type="IF" condition="${found}">
<kw name="Set Variable" owner="BuiltIn">
<var>${target}</var>
<arg>${selector4}</arg>
<doc>Returns the given values which can then be assigned to a variables.</doc>
<status status="NOT RUN" start="2025-10-08T23:16:50.367131" elapsed="0.000022"/>
</kw>
<kw name="Safe Log" owner="common_keywords">
<arg>[DEBUG] เจอสินค้าด้วย selector4</arg>
<status status="NOT RUN" start="2025-10-08T23:16:50.367240" elapsed="0.000025"/>
</kw>
<status status="NOT RUN" start="2025-10-08T23:16:50.367063" elapsed="0.000232"/>
</branch>
<status status="NOT RUN" start="2025-10-08T23:16:50.367050" elapsed="0.000273"/>
</if>
<status status="NOT RUN" start="2025-10-08T23:16:50.366908" elapsed="0.000435"/>
</branch>
<status status="NOT RUN" start="2025-10-08T23:16:50.366627" elapsed="0.000741"/>
</if>
<status status="NOT RUN" start="2025-10-08T23:16:50.366485" elapsed="0.000900"/>
</branch>
<status status="NOT RUN" start="2025-10-08T23:16:50.366197" elapsed="0.001211"/>
</if>
<status status="NOT RUN" start="2025-10-08T23:16:50.366021" elapsed="0.001404"/>
</branch>
<status status="PASS" start="2025-10-08T23:16:50.365040" elapsed="0.002407"/>
</if>
<if>
<branch type="IF" condition="$target == &quot;&quot;">
<kw name="Safe Log" owner="common_keywords">
<arg>[DEBUG] ไม่เจอสินค้า กำลังเลื่อนหน้าจอ</arg>
<status status="NOT RUN" start="2025-10-08T23:16:50.367676" elapsed="0.000035"/>
</kw>
<for flavor="IN RANGE">
<iter>
<kw name="Execute Javascript" owner="SeleniumLibrary">
<arg>window.scrollBy(0, document.body.clientHeight/2)</arg>
<doc>Executes the given JavaScript code with possible arguments.</doc>
<status status="NOT RUN" start="2025-10-08T23:16:50.368131" elapsed="0.000037"/>
</kw>
<kw name="Sleep" owner="BuiltIn">
<arg>0.3s</arg>
<doc>Pauses the test executed for the given time.</doc>
<status status="NOT RUN" start="2025-10-08T23:16:50.368331" elapsed="0.000041"/>
</kw>
<kw name="Run Keyword And Return Status" owner="BuiltIn">
<var>${found}</var>
<arg>Page Should Contain Element</arg>
<arg>${selector1}</arg>
<doc>Runs the given keyword with given arguments and returns the status as a Boolean value.</doc>
<status status="NOT RUN" start="2025-10-08T23:16:50.368503" elapsed="0.000032"/>
</kw>
<if>
<branch type="IF" condition="${found}">
<kw name="Set Variable" owner="BuiltIn">
<var>${target}</var>
<arg>${selector1}</arg>
<doc>Returns the given values which can then be assigned to a variables.</doc>
<status status="NOT RUN" start="2025-10-08T23:16:50.368815" elapsed="0.000039"/>
</kw>
<kw name="Safe Log" owner="common_keywords">
<arg>[DEBUG] เจอสินค้าหลังเลื่อนด้วย selector1</arg>
<status status="NOT RUN" start="2025-10-08T23:16:50.369019" elapsed="0.000031"/>
</kw>
<kw name="Exit For Loop" owner="BuiltIn">
<doc>Stops executing the enclosing FOR loop.</doc>
<status status="NOT RUN" start="2025-10-08T23:16:50.369146" elapsed="0.000025"/>
</kw>
<status status="NOT RUN" start="2025-10-08T23:16:50.368654" elapsed="0.000548"/>
</branch>
<status status="NOT RUN" start="2025-10-08T23:16:50.368626" elapsed="0.000613"/>
</if>
<var name="${i}"/>
<status status="NOT RUN" start="2025-10-08T23:16:50.367963" elapsed="0.001300"/>
</iter>
<var>${i}</var>
<value>0</value>
<value>3</value>
<status status="NOT RUN" start="2025-10-08T23:16:50.367791" elapsed="0.001515"/>
</for>
<status status="NOT RUN" start="2025-10-08T23:16:50.367488" elapsed="0.001865"/>
</branch>
<status status="PASS" start="2025-10-08T23:16:50.367476" elapsed="0.001906"/>
</if>
<kw name="Run Keyword If" owner="BuiltIn">
<arg>$target == ""</arg>
<arg>Fail</arg>
<arg>ไม่พบสินค้า: ${name}</arg>
<doc>Runs the given keyword with the given arguments, if ``condition`` is true.</doc>
<status status="PASS" start="2025-10-08T23:16:50.369469" elapsed="0.000186"/>
</kw>
<kw name="Safe Log" owner="common_keywords">
<kw name="Log" owner="BuiltIn">
<msg time="2025-10-08T23:16:50.370092" level="INFO">Safe Log</msg>
<arg>Safe Log</arg>
<doc>Logs the given message with the given level.</doc>
<status status="PASS" start="2025-10-08T23:16:50.370017" elapsed="0.000112"/>
</kw>
<arg>[DEBUG] คลิกสินค้า: ${target}</arg>
<status status="PASS" start="2025-10-08T23:16:50.369776" elapsed="0.000405"/>
</kw>
<kw name="Wait Until Element Is Visible" owner="SeleniumLibrary">
<arg>${target}</arg>
<arg>${TIMEOUT}</arg>
<doc>Waits until the element ``locator`` is visible.</doc>
<status status="PASS" start="2025-10-08T23:16:50.370279" elapsed="0.012959"/>
</kw>
<kw name="Scroll Element Into View" owner="SeleniumLibrary">
<arg>${target}</arg>
<doc>Scrolls the element identified by ``locator`` into view.</doc>
<status status="PASS" start="2025-10-08T23:16:50.383405" elapsed="0.277697"/>
</kw>
<kw name="Sleep" owner="BuiltIn">
<msg time="2025-10-08T23:16:50.862545" level="INFO">Slept 200 milliseconds.</msg>
<arg>0.2s</arg>
<doc>Pauses the test executed for the given time.</doc>
<status status="PASS" start="2025-10-08T23:16:50.661328" elapsed="0.201501"/>
</kw>
<kw name="Run Keyword And Return Status" owner="BuiltIn">
<kw name="Click Element" owner="SeleniumLibrary">
<msg time="2025-10-08T23:16:50.864042" level="INFO">Clicking element 'xpath=//h2[contains(@class,'font-semibold') and (normalize-space(.)='ขนมปังฟาร์มเฮ้าส์โฮลวีท 65 กรัม' or @title='ขนมปังฟาร์มเฮ้าส์โฮลวีท 65 กรัม')]/ancestor::div[contains(@class,'cursor-pointer')]'.</msg>
<arg>${target}</arg>
<doc>Click the element identified by ``locator``.</doc>
<status status="PASS" start="2025-10-08T23:16:50.863701" elapsed="0.058791"/>
</kw>
<msg time="2025-10-08T23:16:50.922677" level="INFO">${clicked} = True</msg>
<var>${clicked}</var>
<arg>Click Element</arg>
<arg>${target}</arg>
<doc>Runs the given keyword with given arguments and returns the status as a Boolean value.</doc>
<status status="PASS" start="2025-10-08T23:16:50.863302" elapsed="0.059407"/>
</kw>
<kw name="Safe Log" owner="common_keywords">
<kw name="Log" owner="BuiltIn">
<msg time="2025-10-08T23:16:50.923216" level="INFO">Safe Log</msg>
<arg>Safe Log</arg>
<doc>Logs the given message with the given level.</doc>
<status status="PASS" start="2025-10-08T23:16:50.923133" elapsed="0.000123"/>
</kw>
<arg>[DEBUG] ผลการคลิก: ${clicked}</arg>
<status status="PASS" start="2025-10-08T23:16:50.922868" elapsed="0.000442"/>
</kw>
<if>
<branch type="IF" condition="not ${clicked}">
<kw name="Get WebElement" owner="SeleniumLibrary">
<var>${el}</var>
<arg>${target}</arg>
<doc>Returns the first WebElement matching the given ``locator``.</doc>
<status status="NOT RUN" start="2025-10-08T23:16:50.923577" elapsed="0.000029"/>
</kw>
<kw name="Execute Javascript" owner="SeleniumLibrary">
<arg>arguments[0].click();</arg>
<arg>${el}</arg>
<doc>Executes the given JavaScript code with possible arguments.</doc>
<status status="NOT RUN" start="2025-10-08T23:16:50.923701" elapsed="0.000022"/>
</kw>
<status status="NOT RUN" start="2025-10-08T23:16:50.923388" elapsed="0.000371"/>
</branch>
<status status="PASS" start="2025-10-08T23:16:50.923368" elapsed="0.000427"/>
</if>
<kw name="Get WebElement" owner="SeleniumLibrary">
<msg time="2025-10-08T23:16:50.931486" level="INFO">${el} = &lt;selenium.webdriver.remote.webelement.WebElement (session="89b8ac33161843aaeea233b604998514", element="f.72BC8259408075077EE8A1E904671942.d.CBFF012728EB9A6AB631347C46D30954.e.42")&gt;</msg>
<var>${el}</var>
<arg>${target}</arg>
<doc>Returns the first WebElement matching the given ``locator``.</doc>
<status status="PASS" start="2025-10-08T23:16:50.923890" elapsed="0.007638"/>
</kw>
<kw name="Execute Javascript" owner="SeleniumLibrary">
<msg time="2025-10-08T23:16:51.036382" level="INFO" html="true">&lt;/td&gt;&lt;/tr&gt;&lt;tr&gt;&lt;td colspan="3"&gt;&lt;a href="selenium-screenshot-9.png"&gt;&lt;img src="selenium-screenshot-9.png" width="800px"&gt;&lt;/a&gt;</msg>
<msg time="2025-10-08T23:16:51.036539" level="FAIL">TypeError: sequence item 1: expected str instance, WebElement found</msg>
<var>${js_clicked}</var>
<arg>var root=arguments[0];var p=root.querySelector('path[d^="M528.12"]');if(p){var b=p.closest('button');if(b){b.click();return true;}}return false;</arg>
<arg>${el}</arg>
<doc>Executes the given JavaScript code with possible arguments.</doc>
<status status="FAIL" start="2025-10-08T23:16:50.931725" elapsed="0.105636">TypeError: sequence item 1: expected str instance, WebElement found</status>
</kw>
<kw name="Safe Log" owner="common_keywords">
<arg>[DEBUG] ผลการคลิก cart icon: ${js_clicked}</arg>
<status status="NOT RUN" start="2025-10-08T23:16:51.037574" elapsed="0.000035"/>
</kw>
<if>
<branch type="IF" condition="not ${js_clicked}">
<kw name="Execute Javascript" owner="SeleniumLibrary">
<arg>var root=arguments[0];var btns=root.querySelectorAll('button');if(btns&amp;&amp;btns.length){btns[btns.length-1].click();}</arg>
<arg>${el}</arg>
<doc>Executes the given JavaScript code with possible arguments.</doc>
<status status="NOT RUN" start="2025-10-08T23:16:51.037804" elapsed="0.000023"/>
</kw>
<status status="NOT RUN" start="2025-10-08T23:16:51.037690" elapsed="0.000175"/>
</branch>
<status status="NOT RUN" start="2025-10-08T23:16:51.037666" elapsed="0.000233"/>
</if>
<kw name="Run Keyword And Return Status" owner="BuiltIn">
<var>${icon_visible}</var>
<arg>Wait Until Page Contains Element</arg>
<arg>${BTN_CART_ICON}</arg>
<arg>1s</arg>
<doc>Runs the given keyword with given arguments and returns the status as a Boolean value.</doc>
<status status="NOT RUN" start="2025-10-08T23:16:51.037978" elapsed="0.000022"/>
</kw>
<if>
<branch type="IF" condition="${icon_visible}">
<kw name="Click Element" owner="SeleniumLibrary">
<arg>${BTN_CART_ICON}</arg>
<doc>Click the element identified by ``locator``.</doc>
<status status="NOT RUN" start="2025-10-08T23:16:51.038136" elapsed="0.000022"/>
</kw>
<status status="NOT RUN" start="2025-10-08T23:16:51.038062" elapsed="0.000130"/>
</branch>
<status status="NOT RUN" start="2025-10-08T23:16:51.038048" elapsed="0.000187"/>
</if>
<kw name="Safe Log" owner="common_keywords">
<arg>[DEBUG] เสร็จสิ้นการเพิ่มสินค้าในตะกร้า</arg>
<status status="NOT RUN" start="2025-10-08T23:16:51.038316" elapsed="0.000025"/>
</kw>
<arg>${PRODUCT_NAME}</arg>
<status status="FAIL" start="2025-10-08T23:16:50.343721" elapsed="0.694714">TypeError: sequence item 1: expected str instance, WebElement found</status>
</kw>
<kw name="Try Filter Product By Name" owner="order_sell_keywords">
<arg>${PRODUCT_NAME_2}</arg>
<status status="NOT RUN" start="2025-10-08T23:16:51.038840" elapsed="0.000063"/>
</kw>
<kw name="Add Product To Cart By Name" owner="order_sell_keywords">
<arg>${PRODUCT_NAME_2}</arg>
<status status="NOT RUN" start="2025-10-08T23:16:51.039483" elapsed="0.000035"/>
</kw>
<kw name="Proceed To Checkout" owner="order_sell_keywords">
<status status="NOT RUN" start="2025-10-08T23:16:51.039701" elapsed="0.000027"/>
</kw>
<kw name="Wait Table Idle" owner="common_keywords">
<status status="NOT RUN" start="2025-10-08T23:16:51.039998" elapsed="0.000028"/>
</kw>
<kw name="Wait And Click" owner="common_keywords">
<arg>${ORDER_BTN_PAYMENT_QR}</arg>
<status status="NOT RUN" start="2025-10-08T23:16:51.040262" elapsed="0.000033"/>
</kw>
<kw name="Log Step And Screenshot" owner="common_keywords">
<arg>เปิดหน้าจ่ายเงิน - QR</arg>
<arg>order_qr</arg>
<status status="NOT RUN" start="2025-10-08T23:16:51.040483" elapsed="0.000029"/>
</kw>
<kw name="Click If Exists" owner="common_keywords">
<arg>${SWAL_CONFIRM}</arg>
<status status="NOT RUN" start="2025-10-08T23:16:51.040691" elapsed="0.000027"/>
</kw>
<kw name="Test Teardown Sequence" owner="common_keywords" type="TEARDOWN">
<kw name="End Test Logging" owner="common_keywords">
<kw name="Generate Random Number" owner="common_keywords">
<kw name="Evaluate" owner="BuiltIn">
<msg time="2025-10-08T23:16:51.042638" level="INFO">${random} = 3716</msg>
<var>${random}</var>
<arg>random.randint(${min}, ${max})</arg>
<arg>random</arg>
<doc>Evaluates the given expression in Python and returns the result.</doc>
<status status="PASS" start="2025-10-08T23:16:51.042362" elapsed="0.000305"/>
</kw>
<return>
<value>${random}</value>
<status status="PASS" start="2025-10-08T23:16:51.042732" elapsed="0.000047"/>
</return>
<msg time="2025-10-08T23:16:51.042883" level="INFO">${rand} = 3716</msg>
<var>${rand}</var>
<arg>1000</arg>
<arg>9999</arg>
<status status="PASS" start="2025-10-08T23:16:51.041963" elapsed="0.000942"/>
</kw>
<kw name="Run Keyword And Ignore Error" owner="BuiltIn">
<kw name="Capture Page Screenshot" owner="SeleniumLibrary">
<msg time="2025-10-08T23:16:51.133418" level="INFO" html="true">&lt;/td&gt;&lt;/tr&gt;&lt;tr&gt;&lt;td colspan="3"&gt;&lt;a href="screenshots/Order_Tests.Orders/TC003_-_%E0%B8%82%E0%B8%B2%E0%B8%A2%E0%B8%AA%E0%B8%B4%E0%B8%99%E0%B8%84%E0%B9%89%E0%B8%B2_%28%E0%B8%8A%E0%B8%B3%E0%B8%A3%E0%B8%B0%E0%B8%94%E0%B9%89%E0%B8%A7%E0%B8%A2_QR_Code%29/final_3716.png"&gt;&lt;img src="screenshots/Order_Tests.Orders/TC003_-_%E0%B8%82%E0%B8%B2%E0%B8%A2%E0%B8%AA%E0%B8%B4%E0%B8%99%E0%B8%84%E0%B9%89%E0%B8%B2_%28%E0%B8%8A%E0%B8%B3%E0%B8%A3%E0%B8%B0%E0%B8%94%E0%B9%89%E0%B8%A7%E0%B8%A2_QR_Code%29/final_3716.png" width="800px"&gt;&lt;/a&gt;</msg>
<arg>${TEST_ARTIFACT_DIR}${/}final_${rand}.png</arg>
<doc>Takes a screenshot of the current page and embeds it into a log file.</doc>
<status status="PASS" start="2025-10-08T23:16:51.043191" elapsed="0.090355"/>
</kw>
<arg>Capture Page Screenshot</arg>
<arg>${TEST_ARTIFACT_DIR}${/}final_${rand}.png</arg>
<doc>Runs the given keyword with the given arguments and ignores possible error.</doc>
<status status="PASS" start="2025-10-08T23:16:51.043073" elapsed="0.090558"/>
</kw>
<kw name="Safe Log" owner="common_keywords">
<kw name="Log" owner="BuiltIn">
<msg time="2025-10-08T23:16:51.134185" level="INFO">Safe Log</msg>
<arg>Safe Log</arg>
<doc>Logs the given message with the given level.</doc>
<status status="PASS" start="2025-10-08T23:16:51.134098" elapsed="0.000129"/>
</kw>
<arg>Completed test: ${TEST NAME}</arg>
<status status="PASS" start="2025-10-08T23:16:51.133788" elapsed="0.000496"/>
</kw>
<status status="PASS" start="2025-10-08T23:16:51.041465" elapsed="0.092867"/>
</kw>
<kw name="Close All Browsers" owner="SeleniumLibrary">
<doc>Closes all open browsers and resets the browser cache.</doc>
<status status="PASS" start="2025-10-08T23:16:51.134415" elapsed="2.323843"/>
</kw>
<status status="PASS" start="2025-10-08T23:16:51.041032" elapsed="2.417547"/>
</kw>
<tag>orders</tag>
<tag>regression</tag>
<tag>ui</tag>
<status status="FAIL" start="2025-10-08T23:16:41.543510" elapsed="11.915504">TypeError: sequence item 1: expected str instance, WebElement found</status>
</test>
<doc>ชุดทดสอบการขาย: เงินสด/โอน/QR ด้วย ORDER_* selectors</doc>
<meta name="component">orders</meta>
<meta name="owner">qa</meta>
<status status="FAIL" start="2025-10-08T23:16:30.566047" elapsed="22.893867"/>
</suite>
<status status="FAIL" start="2025-10-08T23:16:30.530966" elapsed="22.930358"/>
</suite>
<statistics>
<total>
<stat pass="0" fail="2" skip="0">All Tests</stat>
</total>
<tag>
<stat pass="0" fail="2" skip="0">orders</stat>
<stat pass="0" fail="2" skip="0">regression</stat>
<stat pass="0" fail="2" skip="0">ui</stat>
</tag>
<suite>
<stat name="Order Tests" id="s1" pass="0" fail="2" skip="0">Order Tests</stat>
<stat name="Orders" id="s1-s1" pass="0" fail="2" skip="0">Order Tests.Orders</stat>
</suite>
</statistics>
<errors>
</errors>
</robot>
